#
# There is insufficient memory for the Java Runtime Environment to continue.
# Native memory allocation (malloc) failed to allocate 1193776 bytes for Chunk::new
# Possible reasons:
#   The system is out of physical RAM or swap space
#   The process is running with CompressedOops enabled, and the Java Heap may be blocking the growth of the native heap
# Possible solutions:
#   Reduce memory load on the system
#   Increase physical memory or swap space
#   Check if swap backing store is full
#   Decrease Java heap size (-Xmx/-Xms)
#   Decrease number of Java threads
#   Decrease Java thread stack sizes (-Xss)
#   Set larger code cache with -XX:ReservedCodeCacheSize=
#   JVM is running with Unscaled Compressed Oops mode in which the Java heap is
#     placed in the first 4GB address space. The Java Heap base address is the
#     maximum limit for the native heap growth. Please use -XX:HeapBaseMinAddress
#     to set the Java Heap base and to place the Java Heap above 4GB virtual address.
# This output file may be truncated or incomplete.
#
#  Out of Memory Error (arena.cpp:189), pid=17320, tid=5768
#
# JRE version: OpenJDK Runtime Environment Temurin-17.0.8.1+1 (17.0.8.1+1) (build 17.0.8.1+1)
# Java VM: OpenJDK 64-Bit Server VM Temurin-17.0.8.1+1 (17.0.8.1+1, mixed mode, tiered, compressed oops, compressed class ptrs, parallel gc, windows-amd64)
# No core dump will be written. Minidumps are not enabled by default on client versions of Windows
#

---------------  S U M M A R Y ------------

Command Line: --add-modules=ALL-SYSTEM --add-opens=java.base/java.util=ALL-UNNAMED --add-opens=java.base/java.lang=ALL-UNNAMED --add-opens=java.base/sun.nio.fs=ALL-UNNAMED -Declipse.application=org.eclipse.jdt.ls.core.id1 -Dosgi.bundles.defaultStartLevel=4 -Declipse.product=org.eclipse.jdt.ls.core.product -Djava.import.generatesMetadataFilesAtProjectRoot=false -DDetectVMInstallationsJob.disabled=true -Dfile.encoding=utf8 -XX:+UseParallelGC -XX:GCTimeRatio=4 -XX:AdaptiveSizePolicyWeight=90 -Dsun.zip.disableMemoryMapping=true -Xmx1G -Xms100m -Xlog:disable -javaagent:c:\Users\user\.vscode\extensions\redhat.java-1.24.0-win32-x64\lombok\lombok-1.18.30.jar c:\Users\user\.vscode\extensions\redhat.java-1.24.0-win32-x64\server\plugins\org.eclipse.equinox.launcher_1.6.500.v20230717-2134.jar -configuration c:\Users\user\AppData\Roaming\Code\User\globalStorage\redhat.java\1.24.0\config_ss_win -data c:\Users\user\AppData\Roaming\Code\User\workspaceStorage\916f89e3761012da6c16be9eb5698581\redhat.java\ss_ws --stdio

Host: Intel(R) Celeron(R) CPU  N2940  @ 1.83GHz, 4 cores, 3G,  Windows 10 , 64 bit Build 19041 (10.0.19041.3570)
Time: Wed Nov  8 20:22:12 2023 Afr. centrale Ouest elapsed time: 63.314545 seconds (0d 0h 1m 3s)

---------------  T H R E A D  ---------------

Current thread (0x000001fcb275cd80):  JavaThread "C2 CompilerThread0" daemon [_thread_in_native, id=5768, stack(0x0000008ce2d00000,0x0000008ce2e00000)]


Current CompileTask:
C2:  63314 2847       4       jdk.internal.org.objectweb.asm.Frame::execute (2318 bytes)

Stack: [0x0000008ce2d00000,0x0000008ce2e00000]
Native frames: (J=compiled Java code, j=interpreted, Vv=VM code, C=native code)
V  [jvm.dll+0x678b0a]
V  [jvm.dll+0x835e84]
V  [jvm.dll+0x83762e]
V  [jvm.dll+0x837c93]
V  [jvm.dll+0x24746f]
V  [jvm.dll+0xac20c]
V  [jvm.dll+0xac7dc]
V  [jvm.dll+0x365c52]
V  [jvm.dll+0x3301a1]
V  [jvm.dll+0x32f64a]
V  [jvm.dll+0x219bf1]
V  [jvm.dll+0x219011]
V  [jvm.dll+0x1a534d]
V  [jvm.dll+0x228d8a]
V  [jvm.dll+0x226dcc]
V  [jvm.dll+0x7ec09b]
V  [jvm.dll+0x7e64ca]
V  [jvm.dll+0x677955]
C  [ucrtbase.dll+0x21bb2]
C  [KERNEL32.DLL+0x17344]
C  [ntdll.dll+0x526b1]


---------------  P R O C E S S  ---------------

Threads class SMR info:
_java_thread_list=0x000001fcb8ecc0f0, length=23, elements={
0x000001fc9e906bc0, 0x000001fcb2727740, 0x000001fcb272b280, 0x000001fcb2750270,
0x000001fcb27510f0, 0x000001fcb2753e80, 0x000001fcb2755850, 0x000001fcb275cd80,
0x000001fcb275dfd0, 0x000001fcb2777920, 0x000001fcb7abdfe0, 0x000001fcb7cd8340,
0x000001fcb7d38be0, 0x000001fcb801eef0, 0x000001fcb7c93610, 0x000001fcb7f23a00,
0x000001fcb80483d0, 0x000001fcb8046a80, 0x000001fcb8046060, 0x000001fcb8046570,
0x000001fcb8046f90, 0x000001fcb8049300, 0x000001fcb80474a0
}

Java Threads: ( => current thread )
  0x000001fc9e906bc0 JavaThread "main" [_thread_in_Java, id=15816, stack(0x0000008ce2400000,0x0000008ce2500000)]
  0x000001fcb2727740 JavaThread "Reference Handler" daemon [_thread_blocked, id=4316, stack(0x0000008ce2700000,0x0000008ce2800000)]
  0x000001fcb272b280 JavaThread "Finalizer" daemon [_thread_blocked, id=17016, stack(0x0000008ce2800000,0x0000008ce2900000)]
  0x000001fcb2750270 JavaThread "Signal Dispatcher" daemon [_thread_blocked, id=13276, stack(0x0000008ce2900000,0x0000008ce2a00000)]
  0x000001fcb27510f0 JavaThread "Attach Listener" daemon [_thread_blocked, id=6716, stack(0x0000008ce2a00000,0x0000008ce2b00000)]
  0x000001fcb2753e80 JavaThread "Service Thread" daemon [_thread_blocked, id=8608, stack(0x0000008ce2b00000,0x0000008ce2c00000)]
  0x000001fcb2755850 JavaThread "Monitor Deflation Thread" daemon [_thread_blocked, id=6320, stack(0x0000008ce2c00000,0x0000008ce2d00000)]
=>0x000001fcb275cd80 JavaThread "C2 CompilerThread0" daemon [_thread_in_native, id=5768, stack(0x0000008ce2d00000,0x0000008ce2e00000)]
  0x000001fcb275dfd0 JavaThread "C1 CompilerThread0" daemon [_thread_blocked, id=5240, stack(0x0000008ce2e00000,0x0000008ce2f00000)]
  0x000001fcb2777920 JavaThread "Sweeper thread" daemon [_thread_blocked, id=11464, stack(0x0000008ce2f00000,0x0000008ce3000000)]
  0x000001fcb7abdfe0 JavaThread "Common-Cleaner" daemon [_thread_blocked, id=14664, stack(0x0000008ce3000000,0x0000008ce3100000)]
  0x000001fcb7cd8340 JavaThread "Notification Thread" daemon [_thread_blocked, id=6864, stack(0x0000008ce3100000,0x0000008ce3200000)]
  0x000001fcb7d38be0 JavaThread "Active Thread: Equinox Container: cc423bed-ae91-460d-b690-687953abf4df" [_thread_blocked, id=12840, stack(0x0000008ce3700000,0x0000008ce3800000)]
  0x000001fcb801eef0 JavaThread "Framework Event Dispatcher: Equinox Container: cc423bed-ae91-460d-b690-687953abf4df" daemon [_thread_blocked, id=9936, stack(0x0000008ce3600000,0x0000008ce3700000)]
  0x000001fcb7c93610 JavaThread "Start Level: Equinox Container: cc423bed-ae91-460d-b690-687953abf4df" daemon [_thread_blocked, id=13548, stack(0x0000008ce3800000,0x0000008ce3900000)]
  0x000001fcb7f23a00 JavaThread "SCR Component Actor" daemon [_thread_blocked, id=16332, stack(0x0000008ce3900000,0x0000008ce3a00000)]
  0x000001fcb80483d0 JavaThread "Worker-JM" [_thread_blocked, id=8844, stack(0x0000008ce3b00000,0x0000008ce3c00000)]
  0x000001fcb8046a80 JavaThread "Worker-0" [_thread_blocked, id=8372, stack(0x0000008ce3a00000,0x0000008ce3b00000)]
  0x000001fcb8046060 JavaThread "Worker-1" [_thread_blocked, id=11416, stack(0x0000008ce3c00000,0x0000008ce3d00000)]
  0x000001fcb8046570 JavaThread "JNA Cleaner" daemon [_thread_blocked, id=14204, stack(0x0000008ce3d00000,0x0000008ce3e00000)]
  0x000001fcb8046f90 JavaThread "pool-2-thread-1" [_thread_blocked, id=11392, stack(0x0000008ce2200000,0x0000008ce2300000)]
  0x000001fcb8049300 JavaThread "WorkspaceEventsHandler" [_thread_in_vm, id=17224, stack(0x0000008ce2300000,0x0000008ce2400000)]
  0x000001fcb80474a0 JavaThread "pool-1-thread-1" [_thread_in_Java, id=16500, stack(0x0000008ce4000000,0x0000008ce4100000)]

Other Threads:
  0x000001fcb265e700 VMThread "VM Thread" [stack: 0x0000008ce2600000,0x0000008ce2700000] [id=16724]
  0x000001fcb7bd2aa0 WatcherThread [stack: 0x0000008ce3200000,0x0000008ce3300000] [id=11160]
  0x000001fc9e91d420 GCTaskThread "GC Thread#0" [stack: 0x0000008ce2500000,0x0000008ce2600000] [id=14296]
  0x000001fcb8270020 GCTaskThread "GC Thread#1" [stack: 0x0000008ce3300000,0x0000008ce3400000] [id=9844]
  0x000001fcb82706f0 GCTaskThread "GC Thread#2" [stack: 0x0000008ce3400000,0x0000008ce3500000] [id=5604]
  0x000001fcb82709b0 GCTaskThread "GC Thread#3" [stack: 0x0000008ce3500000,0x0000008ce3600000] [id=11000]

Threads with active compile tasks:
C2 CompilerThread0    64605 2847       4       jdk.internal.org.objectweb.asm.Frame::execute (2318 bytes)

VM state: not at safepoint (normal execution)

VM Mutex/Monitor currently owned by a thread: None

Heap address: 0x00000000c0000000, size: 1024 MB, Compressed Oops mode: 32-bit

CDS archive(s) not mapped
Compressed class space mapped at: 0x0000000100000000-0x0000000140000000, reserved size: 1073741824
Narrow klass base: 0x0000000000000000, Narrow klass shift: 3, Narrow klass range: 0x140000000

GC Precious Log:
 CPUs: 4 total, 4 available
 Memory: 3838M
 Large Page Support: Disabled
 NUMA Support: Disabled
 Compressed Oops: Enabled (32-bit)
 Alignments: Space 512K, Generation 512K, Heap 2M
 Heap Min Capacity: 100M
 Heap Initial Capacity: 100M
 Heap Max Capacity: 1G
 Pre-touch: Disabled
 Parallel Workers: 4

Heap:
 PSYoungGen      total 25600K, used 17510K [0x00000000eab00000, 0x00000000ec980000, 0x0000000100000000)
  eden space 24064K, 66% used [0x00000000eab00000,0x00000000eba9c7b0,0x00000000ec280000)
  from space 1536K, 99% used [0x00000000ec480000,0x00000000ec5fd428,0x00000000ec600000)
  to   space 3584K, 0% used [0x00000000ec600000,0x00000000ec600000,0x00000000ec980000)
 ParOldGen       total 68608K, used 8081K [0x00000000c0000000, 0x00000000c4300000, 0x00000000eab00000)
  object space 68608K, 11% used [0x00000000c0000000,0x00000000c07e4478,0x00000000c4300000)
 Metaspace       used 33998K, committed 34560K, reserved 1114112K
  class space    used 3406K, committed 3648K, reserved 1048576K

Card table byte_map: [0x000001fc9e2b0000,0x000001fc9e4c0000] _byte_map_base: 0x000001fc9dcb0000

Marking Bits: (ParMarkBitMap*) 0x00007ffe905b83a0
 Begin Bits: [0x000001fcb0590000, 0x000001fcb1590000)
 End Bits:   [0x000001fcb1590000, 0x000001fcb2590000)

Polling page: 0x000001fc9c830000

Metaspace:

Usage:
  Non-class:     29.87 MB used.
      Class:      3.33 MB used.
       Both:     33.20 MB used.

Virtual space:
  Non-class space:       64.00 MB reserved,      30.19 MB ( 47%) committed,  1 nodes.
      Class space:        1.00 GB reserved,       3.56 MB ( <1%) committed,  1 nodes.
             Both:        1.06 GB reserved,      33.75 MB (  3%) committed. 

Chunk freelists:
   Non-Class:  1.34 MB
       Class:  12.25 MB
        Both:  13.59 MB

MaxMetaspaceSize: unlimited
CompressedClassSpaceSize: 1.00 GB
Initial GC threshold: 21.00 MB
Current GC threshold: 35.00 MB
CDS: off
MetaspaceReclaimPolicy: balanced
 - commit_granule_bytes: 65536.
 - commit_granule_words: 8192.
 - virtual_space_node_default_size: 8388608.
 - enlarge_chunks_in_place: 1.
 - new_chunks_are_fully_committed: 0.
 - uncommit_free_chunks: 1.
 - use_allocation_guard: 0.
 - handle_deallocations: 1.


Internal statistics:

num_allocs_failed_limit: 5.
num_arena_births: 344.
num_arena_deaths: 14.
num_vsnodes_births: 2.
num_vsnodes_deaths: 0.
num_space_committed: 541.
num_space_uncommitted: 0.
num_chunks_returned_to_freelist: 19.
num_chunks_taken_from_freelist: 1347.
num_chunk_merges: 9.
num_chunk_splits: 875.
num_chunks_enlarged: 587.
num_inconsistent_stats: 0.

CodeHeap 'non-profiled nmethods': size=120000Kb used=1191Kb max_used=1191Kb free=118808Kb
 bounds [0x000001fca9060000, 0x000001fca92d0000, 0x000001fcb0590000]
CodeHeap 'profiled nmethods': size=120000Kb used=6082Kb max_used=6082Kb free=113917Kb
 bounds [0x000001fca1590000, 0x000001fca1b90000, 0x000001fca8ac0000]
CodeHeap 'non-nmethods': size=5760Kb used=1259Kb max_used=1266Kb free=4501Kb
 bounds [0x000001fca8ac0000, 0x000001fca8d30000, 0x000001fca9060000]
 total_blobs=3543 nmethods=2966 adapters=492
 compilation: enabled
              stopped_count=0, restarted_count=0
 full_count=0

Compilation events (20 events):
Event: 62.679 Thread 0x000001fcb275dfd0 2862       3       java.nio.HeapByteBuffer::getShort (29 bytes)
Event: 62.681 Thread 0x000001fcb275dfd0 nmethod 2862 0x000001fca1b3d390 code [0x000001fca1b3d5e0, 0x000001fca1b3dfa8]
Event: 62.681 Thread 0x000001fcb275dfd0 2863   !   3       jdk.internal.misc.ScopedMemoryAccess::getShortUnaligned (22 bytes)
Event: 62.682 Thread 0x000001fcb275dfd0 nmethod 2863 0x000001fca1b3e390 code [0x000001fca1b3e580, 0x000001fca1b3eb08]
Event: 62.726 Thread 0x000001fcb275dfd0 2866       1       sun.reflect.generics.visitor.Reifier::getFactory (5 bytes)
Event: 62.726 Thread 0x000001fcb275dfd0 nmethod 2866 0x000001fca9186910 code [0x000001fca9186aa0, 0x000001fca9186b78]
Event: 62.727 Thread 0x000001fcb275dfd0 2867       3       java.lang.Class::forName (47 bytes)
Event: 62.728 Thread 0x000001fcb275dfd0 nmethod 2867 0x000001fca1b3ee10 code [0x000001fca1b3f000, 0x000001fca1b3f528]
Event: 62.729 Thread 0x000001fcb275dfd0 2868       1       sun.reflect.generics.tree.SimpleClassTypeSignature::getTypeArguments (5 bytes)
Event: 62.729 Thread 0x000001fcb275dfd0 nmethod 2868 0x000001fca9186c10 code [0x000001fca9186da0, 0x000001fca9186e78]
Event: 62.730 Thread 0x000001fcb275dfd0 2869       3       java.lang.reflect.ProxyGenerator::dotToSlash (9 bytes)
Event: 62.730 Thread 0x000001fcb275dfd0 nmethod 2869 0x000001fca1b3f790 code [0x000001fca1b3f920, 0x000001fca1b3fa48]
Event: 62.730 Thread 0x000001fcb275dfd0 2870       3       jdk.internal.org.objectweb.asm.MethodWriter::visitLdcInsn (215 bytes)
Event: 62.733 Thread 0x000001fcb275dfd0 nmethod 2870 0x000001fca1b3fb10 code [0x000001fca1b3fd80, 0x000001fca1b408a8]
Event: 62.733 Thread 0x000001fcb275dfd0 2872   !   3       java.lang.reflect.Executable::declaredAnnotations (85 bytes)
Event: 62.735 Thread 0x000001fcb275dfd0 nmethod 2872 0x000001fca1b40d10 code [0x000001fca1b40f40, 0x000001fca1b417c8]
Event: 62.735 Thread 0x000001fcb275dfd0 2871       3       jdk.internal.org.objectweb.asm.SymbolTable::addConstant (330 bytes)
Event: 62.740 Thread 0x000001fcb275dfd0 nmethod 2871 0x000001fca1b41b90 code [0x000001fca1b42100, 0x000001fca1b45158]
Event: 62.740 Thread 0x000001fcb275dfd0 2873       3       java.lang.reflect.Method::<init> (68 bytes)
Event: 62.741 Thread 0x000001fcb275dfd0 nmethod 2873 0x000001fca1b45b90 code [0x000001fca1b45d40, 0x000001fca1b46058]

GC Heap History (16 events):
Event: 10.475 GC heap before
{Heap before GC invocations=1 (full 0):
 PSYoungGen      total 29696K, used 25600K [0x00000000eab00000, 0x00000000ecc00000, 0x0000000100000000)
  eden space 25600K, 100% used [0x00000000eab00000,0x00000000ec400000,0x00000000ec400000)
  from space 4096K, 0% used [0x00000000ec800000,0x00000000ec800000,0x00000000ecc00000)
  to   space 4096K, 0% used [0x00000000ec400000,0x00000000ec400000,0x00000000ec800000)
 ParOldGen       total 68608K, used 0K [0x00000000c0000000, 0x00000000c4300000, 0x00000000eab00000)
  object space 68608K, 0% used [0x00000000c0000000,0x00000000c0000000,0x00000000c4300000)
 Metaspace       used 11045K, committed 11264K, reserved 1114112K
  class space    used 1101K, committed 1216K, reserved 1048576K
}
Event: 10.692 GC heap after
{Heap after GC invocations=1 (full 0):
 PSYoungGen      total 29696K, used 3123K [0x00000000eab00000, 0x00000000ecc00000, 0x0000000100000000)
  eden space 25600K, 0% used [0x00000000eab00000,0x00000000eab00000,0x00000000ec400000)
  from space 4096K, 76% used [0x00000000ec400000,0x00000000ec70cc38,0x00000000ec800000)
  to   space 4096K, 0% used [0x00000000ec800000,0x00000000ec800000,0x00000000ecc00000)
 ParOldGen       total 68608K, used 16K [0x00000000c0000000, 0x00000000c4300000, 0x00000000eab00000)
  object space 68608K, 0% used [0x00000000c0000000,0x00000000c0004000,0x00000000c4300000)
 Metaspace       used 11045K, committed 11264K, reserved 1114112K
  class space    used 1101K, committed 1216K, reserved 1048576K
}
Event: 15.110 GC heap before
{Heap before GC invocations=2 (full 0):
 PSYoungGen      total 29696K, used 28723K [0x00000000eab00000, 0x00000000ecc00000, 0x0000000100000000)
  eden space 25600K, 100% used [0x00000000eab00000,0x00000000ec400000,0x00000000ec400000)
  from space 4096K, 76% used [0x00000000ec400000,0x00000000ec70cc38,0x00000000ec800000)
  to   space 4096K, 0% used [0x00000000ec800000,0x00000000ec800000,0x00000000ecc00000)
 ParOldGen       total 68608K, used 16K [0x00000000c0000000, 0x00000000c4300000, 0x00000000eab00000)
  object space 68608K, 0% used [0x00000000c0000000,0x00000000c0004000,0x00000000c4300000)
 Metaspace       used 15174K, committed 15424K, reserved 1114112K
  class space    used 1543K, committed 1664K, reserved 1048576K
}
Event: 15.125 GC heap after
{Heap after GC invocations=2 (full 0):
 PSYoungGen      total 29696K, used 4072K [0x00000000eab00000, 0x00000000ecc00000, 0x0000000100000000)
  eden space 25600K, 0% used [0x00000000eab00000,0x00000000eab00000,0x00000000ec400000)
  from space 4096K, 99% used [0x00000000ec800000,0x00000000ecbfa128,0x00000000ecc00000)
  to   space 4096K, 0% used [0x00000000ec400000,0x00000000ec400000,0x00000000ec800000)
 ParOldGen       total 68608K, used 728K [0x00000000c0000000, 0x00000000c4300000, 0x00000000eab00000)
  object space 68608K, 1% used [0x00000000c0000000,0x00000000c00b6360,0x00000000c4300000)
 Metaspace       used 15174K, committed 15424K, reserved 1114112K
  class space    used 1543K, committed 1664K, reserved 1048576K
}
Event: 24.219 GC heap before
{Heap before GC invocations=3 (full 0):
 PSYoungGen      total 29696K, used 29672K [0x00000000eab00000, 0x00000000ecc00000, 0x0000000100000000)
  eden space 25600K, 100% used [0x00000000eab00000,0x00000000ec400000,0x00000000ec400000)
  from space 4096K, 99% used [0x00000000ec800000,0x00000000ecbfa128,0x00000000ecc00000)
  to   space 4096K, 0% used [0x00000000ec400000,0x00000000ec400000,0x00000000ec800000)
 ParOldGen       total 68608K, used 728K [0x00000000c0000000, 0x00000000c4300000, 0x00000000eab00000)
  object space 68608K, 1% used [0x00000000c0000000,0x00000000c00b6360,0x00000000c4300000)
 Metaspace       used 20185K, committed 20608K, reserved 1114112K
  class space    used 2066K, committed 2240K, reserved 1048576K
}
Event: 24.237 GC heap after
{Heap after GC invocations=3 (full 0):
 PSYoungGen      total 29696K, used 4087K [0x00000000eab00000, 0x00000000ecc00000, 0x0000000100000000)
  eden space 25600K, 0% used [0x00000000eab00000,0x00000000eab00000,0x00000000ec400000)
  from space 4096K, 99% used [0x00000000ec400000,0x00000000ec7fdf98,0x00000000ec800000)
  to   space 4096K, 0% used [0x00000000ec800000,0x00000000ec800000,0x00000000ecc00000)
 ParOldGen       total 68608K, used 2460K [0x00000000c0000000, 0x00000000c4300000, 0x00000000eab00000)
  object space 68608K, 3% used [0x00000000c0000000,0x00000000c02673a0,0x00000000c4300000)
 Metaspace       used 20185K, committed 20608K, reserved 1114112K
  class space    used 2066K, committed 2240K, reserved 1048576K
}
Event: 25.151 GC heap before
{Heap before GC invocations=4 (full 0):
 PSYoungGen      total 29696K, used 9849K [0x00000000eab00000, 0x00000000ecc00000, 0x0000000100000000)
  eden space 25600K, 22% used [0x00000000eab00000,0x00000000eb0a0740,0x00000000ec400000)
  from space 4096K, 99% used [0x00000000ec400000,0x00000000ec7fdf98,0x00000000ec800000)
  to   space 4096K, 0% used [0x00000000ec800000,0x00000000ec800000,0x00000000ecc00000)
 ParOldGen       total 68608K, used 2460K [0x00000000c0000000, 0x00000000c4300000, 0x00000000eab00000)
  object space 68608K, 3% used [0x00000000c0000000,0x00000000c02673a0,0x00000000c4300000)
 Metaspace       used 21082K, committed 21504K, reserved 1114112K
  class space    used 2163K, committed 2368K, reserved 1048576K
}
Event: 25.162 GC heap after
{Heap after GC invocations=4 (full 0):
 PSYoungGen      total 29696K, used 4073K [0x00000000eab00000, 0x00000000ecc00000, 0x0000000100000000)
  eden space 25600K, 0% used [0x00000000eab00000,0x00000000eab00000,0x00000000ec400000)
  from space 4096K, 99% used [0x00000000ec800000,0x00000000ecbfa538,0x00000000ecc00000)
  to   space 4096K, 0% used [0x00000000ec400000,0x00000000ec400000,0x00000000ec800000)
 ParOldGen       total 68608K, used 2624K [0x00000000c0000000, 0x00000000c4300000, 0x00000000eab00000)
  object space 68608K, 3% used [0x00000000c0000000,0x00000000c02903c0,0x00000000c4300000)
 Metaspace       used 21082K, committed 21504K, reserved 1114112K
  class space    used 2163K, committed 2368K, reserved 1048576K
}
Event: 25.162 GC heap before
{Heap before GC invocations=5 (full 1):
 PSYoungGen      total 29696K, used 4073K [0x00000000eab00000, 0x00000000ecc00000, 0x0000000100000000)
  eden space 25600K, 0% used [0x00000000eab00000,0x00000000eab00000,0x00000000ec400000)
  from space 4096K, 99% used [0x00000000ec800000,0x00000000ecbfa538,0x00000000ecc00000)
  to   space 4096K, 0% used [0x00000000ec400000,0x00000000ec400000,0x00000000ec800000)
 ParOldGen       total 68608K, used 2624K [0x00000000c0000000, 0x00000000c4300000, 0x00000000eab00000)
  object space 68608K, 3% used [0x00000000c0000000,0x00000000c02903c0,0x00000000c4300000)
 Metaspace       used 21082K, committed 21504K, reserved 1114112K
  class space    used 2163K, committed 2368K, reserved 1048576K
}
Event: 25.430 GC heap after
{Heap after GC invocations=5 (full 1):
 PSYoungGen      total 29696K, used 0K [0x00000000eab00000, 0x00000000ecc00000, 0x0000000100000000)
  eden space 25600K, 0% used [0x00000000eab00000,0x00000000eab00000,0x00000000ec400000)
  from space 4096K, 0% used [0x00000000ec800000,0x00000000ec800000,0x00000000ecc00000)
  to   space 4096K, 0% used [0x00000000ec400000,0x00000000ec400000,0x00000000ec800000)
 ParOldGen       total 68608K, used 6593K [0x00000000c0000000, 0x00000000c4300000, 0x00000000eab00000)
  object space 68608K, 9% used [0x00000000c0000000,0x00000000c0670408,0x00000000c4300000)
 Metaspace       used 21069K, committed 21504K, reserved 1114112K
  class space    used 2159K, committed 2368K, reserved 1048576K
}
Event: 29.998 GC heap before
{Heap before GC invocations=6 (full 1):
 PSYoungGen      total 29696K, used 25600K [0x00000000eab00000, 0x00000000ecc00000, 0x0000000100000000)
  eden space 25600K, 100% used [0x00000000eab00000,0x00000000ec400000,0x00000000ec400000)
  from space 4096K, 0% used [0x00000000ec800000,0x00000000ec800000,0x00000000ecc00000)
  to   space 4096K, 0% used [0x00000000ec400000,0x00000000ec400000,0x00000000ec800000)
 ParOldGen       total 68608K, used 6593K [0x00000000c0000000, 0x00000000c4300000, 0x00000000eab00000)
  object space 68608K, 9% used [0x00000000c0000000,0x00000000c0670408,0x00000000c4300000)
 Metaspace       used 24541K, committed 25024K, reserved 1114112K
  class space    used 2406K, committed 2624K, reserved 1048576K
}
Event: 30.002 GC heap after
{Heap after GC invocations=6 (full 1):
 PSYoungGen      total 26112K, used 650K [0x00000000eab00000, 0x00000000ec880000, 0x0000000100000000)
  eden space 25088K, 0% used [0x00000000eab00000,0x00000000eab00000,0x00000000ec380000)
  from space 1024K, 63% used [0x00000000ec400000,0x00000000ec4a2868,0x00000000ec500000)
  to   space 2560K, 0% used [0x00000000ec600000,0x00000000ec600000,0x00000000ec880000)
 ParOldGen       total 68608K, used 6601K [0x00000000c0000000, 0x00000000c4300000, 0x00000000eab00000)
  object space 68608K, 9% used [0x00000000c0000000,0x00000000c0672408,0x00000000c4300000)
 Metaspace       used 24541K, committed 25024K, reserved 1114112K
  class space    used 2406K, committed 2624K, reserved 1048576K
}
Event: 36.472 GC heap before
{Heap before GC invocations=7 (full 1):
 PSYoungGen      total 26112K, used 25738K [0x00000000eab00000, 0x00000000ec880000, 0x0000000100000000)
  eden space 25088K, 100% used [0x00000000eab00000,0x00000000ec380000,0x00000000ec380000)
  from space 1024K, 63% used [0x00000000ec400000,0x00000000ec4a2868,0x00000000ec500000)
  to   space 2560K, 0% used [0x00000000ec600000,0x00000000ec600000,0x00000000ec880000)
 ParOldGen       total 68608K, used 6601K [0x00000000c0000000, 0x00000000c4300000, 0x00000000eab00000)
  object space 68608K, 9% used [0x00000000c0000000,0x00000000c0672408,0x00000000c4300000)
 Metaspace       used 27280K, committed 27712K, reserved 1114112K
  class space    used 2631K, committed 2816K, reserved 1048576K
}
Event: 36.475 GC heap after
{Heap after GC invocations=7 (full 1):
 PSYoungGen      total 26112K, used 1280K [0x00000000eab00000, 0x00000000ec780000, 0x0000000100000000)
  eden space 24576K, 0% used [0x00000000eab00000,0x00000000eab00000,0x00000000ec300000)
  from space 1536K, 83% used [0x00000000ec600000,0x00000000ec7403b8,0x00000000ec780000)
  to   space 1536K, 0% used [0x00000000ec480000,0x00000000ec480000,0x00000000ec600000)
 ParOldGen       total 68608K, used 6609K [0x00000000c0000000, 0x00000000c4300000, 0x00000000eab00000)
  object space 68608K, 9% used [0x00000000c0000000,0x00000000c0674408,0x00000000c4300000)
 Metaspace       used 27280K, committed 27712K, reserved 1114112K
  class space    used 2631K, committed 2816K, reserved 1048576K
}
Event: 58.742 GC heap before
{Heap before GC invocations=8 (full 1):
 PSYoungGen      total 26112K, used 25856K [0x00000000eab00000, 0x00000000ec780000, 0x0000000100000000)
  eden space 24576K, 100% used [0x00000000eab00000,0x00000000ec300000,0x00000000ec300000)
  from space 1536K, 83% used [0x00000000ec600000,0x00000000ec7403b8,0x00000000ec780000)
  to   space 1536K, 0% used [0x00000000ec480000,0x00000000ec480000,0x00000000ec600000)
 ParOldGen       total 68608K, used 6609K [0x00000000c0000000, 0x00000000c4300000, 0x00000000eab00000)
  object space 68608K, 9% used [0x00000000c0000000,0x00000000c0674408,0x00000000c4300000)
 Metaspace       used 31394K, committed 31936K, reserved 1114112K
  class space    used 3077K, committed 3328K, reserved 1048576K
}
Event: 58.756 GC heap after
{Heap after GC invocations=8 (full 1):
 PSYoungGen      total 25600K, used 1525K [0x00000000eab00000, 0x00000000ec980000, 0x0000000100000000)
  eden space 24064K, 0% used [0x00000000eab00000,0x00000000eab00000,0x00000000ec280000)
  from space 1536K, 99% used [0x00000000ec480000,0x00000000ec5fd428,0x00000000ec600000)
  to   space 3584K, 0% used [0x00000000ec600000,0x00000000ec600000,0x00000000ec980000)
 ParOldGen       total 68608K, used 8081K [0x00000000c0000000, 0x00000000c4300000, 0x00000000eab00000)
  object space 68608K, 11% used [0x00000000c0000000,0x00000000c07e4478,0x00000000c4300000)
 Metaspace       used 31394K, committed 31936K, reserved 1114112K
  class space    used 3077K, committed 3328K, reserved 1048576K
}

Dll operation events (10 events):
Event: 0.153 Loaded shared library c:\Users\user\.vscode\extensions\redhat.java-1.24.0-win32-x64\jre\17.0.8.1-win32-x86_64\bin\java.dll
Event: 3.503 Loaded shared library c:\Users\user\.vscode\extensions\redhat.java-1.24.0-win32-x64\jre\17.0.8.1-win32-x86_64\bin\zip.dll
Event: 3.584 Loaded shared library C:\Users\user\.vscode\extensions\redhat.java-1.24.0-win32-x64\jre\17.0.8.1-win32-x86_64\bin\instrument.dll
Event: 3.738 Loaded shared library C:\Users\user\.vscode\extensions\redhat.java-1.24.0-win32-x64\jre\17.0.8.1-win32-x86_64\bin\net.dll
Event: 3.744 Loaded shared library C:\Users\user\.vscode\extensions\redhat.java-1.24.0-win32-x64\jre\17.0.8.1-win32-x86_64\bin\nio.dll
Event: 3.818 Loaded shared library C:\Users\user\.vscode\extensions\redhat.java-1.24.0-win32-x64\jre\17.0.8.1-win32-x86_64\bin\zip.dll
Event: 4.023 Loaded shared library C:\Users\user\.vscode\extensions\redhat.java-1.24.0-win32-x64\jre\17.0.8.1-win32-x86_64\bin\jimage.dll
Event: 4.559 Loaded shared library c:\Users\user\.vscode\extensions\redhat.java-1.24.0-win32-x64\jre\17.0.8.1-win32-x86_64\bin\verify.dll
Event: 13.580 Loaded shared library C:\Users\user\AppData\Roaming\Code\User\globalStorage\redhat.java\1.24.0\config_ss_win\org.eclipse.equinox.launcher\org.eclipse.equinox.launcher.win32.win32.x86_64_1.2.700.v20221108-1024\eclipse_11801.dll
Event: 58.391 Loaded shared library C:\Users\user\AppData\Local\Temp\jna-3599307\jna1729777186879604993.dll

Deoptimization events (20 events):
Event: 58.767 Thread 0x000001fcb7c93610 Uncommon trap: trap_request=0xffffff45 fr.pc=0x000001fca911fd04 relative=0x0000000000000a24
Event: 58.767 Thread 0x000001fcb7c93610 Uncommon trap: reason=unstable_if action=reinterpret pc=0x000001fca911fd04 method=jdk.internal.org.objectweb.asm.SymbolTable.put(Ljdk/internal/org/objectweb/asm/SymbolTable$Entry;)Ljdk/internal/org/objectweb/asm/SymbolTable$Entry; @ 13 c2
Event: 58.768 Thread 0x000001fcb7c93610 DEOPT PACKING pc=0x000001fca911fd04 sp=0x0000008ce38fbf90
Event: 58.768 Thread 0x000001fcb7c93610 DEOPT UNPACKING pc=0x000001fca8b1669e sp=0x0000008ce38fbed8 mode 2
Event: 58.994 Thread 0x000001fcb7c93610 Uncommon trap: trap_request=0xffffff76 fr.pc=0x000001fca917033c relative=0x000000000000067c
Event: 58.994 Thread 0x000001fcb7c93610 Uncommon trap: reason=predicate action=maybe_recompile pc=0x000001fca917033c method=java.util.TreeMap.getEntryUsingComparator(Ljava/lang/Object;)Ljava/util/TreeMap$Entry; @ 19 c2
Event: 58.994 Thread 0x000001fcb7c93610 DEOPT PACKING pc=0x000001fca917033c sp=0x0000008ce38fcc70
Event: 58.994 Thread 0x000001fcb7c93610 DEOPT UNPACKING pc=0x000001fca8b1669e sp=0x0000008ce38fcb90 mode 2
Event: 59.587 Thread 0x000001fc9e906bc0 Uncommon trap: trap_request=0xffffff45 fr.pc=0x000001fca917faec relative=0x000000000000006c
Event: 59.587 Thread 0x000001fc9e906bc0 Uncommon trap: reason=unstable_if action=reinterpret pc=0x000001fca917faec method=java.util.concurrent.Semaphore$Sync.nonfairTryAcquireShared(I)I @ 10 c2
Event: 59.587 Thread 0x000001fc9e906bc0 DEOPT PACKING pc=0x000001fca917faec sp=0x0000008ce24fe880
Event: 59.587 Thread 0x000001fc9e906bc0 DEOPT UNPACKING pc=0x000001fca8b1669e sp=0x0000008ce24fe798 mode 2
Event: 59.592 Thread 0x000001fc9e906bc0 Uncommon trap: trap_request=0xffffff45 fr.pc=0x000001fca917fdec relative=0x000000000000006c
Event: 59.592 Thread 0x000001fc9e906bc0 Uncommon trap: reason=unstable_if action=reinterpret pc=0x000001fca917fdec method=java.util.concurrent.Semaphore$Sync.nonfairTryAcquireShared(I)I @ 10 c2
Event: 59.592 Thread 0x000001fc9e906bc0 DEOPT PACKING pc=0x000001fca917fdec sp=0x0000008ce24fe0a0
Event: 59.592 Thread 0x000001fc9e906bc0 DEOPT UNPACKING pc=0x000001fca8b1669e sp=0x0000008ce24fe030 mode 2
Event: 59.989 Thread 0x000001fc9e906bc0 Uncommon trap: trap_request=0xffffff76 fr.pc=0x000001fca916d7d0 relative=0x0000000000000690
Event: 59.989 Thread 0x000001fc9e906bc0 Uncommon trap: reason=predicate action=maybe_recompile pc=0x000001fca916d7d0 method=java.util.TreeMap.getEntryUsingComparator(Ljava/lang/Object;)Ljava/util/TreeMap$Entry; @ 19 c2
Event: 59.989 Thread 0x000001fc9e906bc0 DEOPT PACKING pc=0x000001fca916d7d0 sp=0x0000008ce24fe4a0
Event: 59.989 Thread 0x000001fc9e906bc0 DEOPT UNPACKING pc=0x000001fca8b1669e sp=0x0000008ce24fe450 mode 2

Classes unloaded (7 events):
Event: 25.287 Thread 0x000001fcb265e700 Unloading class 0x0000000100213000 'java/lang/invoke/LambdaForm$MH+0x0000000100213000'
Event: 25.288 Thread 0x000001fcb265e700 Unloading class 0x0000000100212c00 'java/lang/invoke/LambdaForm$MH+0x0000000100212c00'
Event: 25.288 Thread 0x000001fcb265e700 Unloading class 0x0000000100212800 'java/lang/invoke/LambdaForm$MH+0x0000000100212800'
Event: 25.288 Thread 0x000001fcb265e700 Unloading class 0x0000000100212400 'java/lang/invoke/LambdaForm$MH+0x0000000100212400'
Event: 25.288 Thread 0x000001fcb265e700 Unloading class 0x0000000100212000 'java/lang/invoke/LambdaForm$BMH+0x0000000100212000'
Event: 25.288 Thread 0x000001fcb265e700 Unloading class 0x0000000100211c00 'java/lang/invoke/LambdaForm$DMH+0x0000000100211c00'
Event: 25.288 Thread 0x000001fcb265e700 Unloading class 0x0000000100209000 'java/lang/invoke/LambdaForm$DMH+0x0000000100209000'

Classes redefined (0 events):
No events

Internal exceptions (20 events):
Event: 24.749 Thread 0x000001fcb8046a80 Exception <a 'java/lang/NoSuchMethodError'{0x00000000eadf7cb8}: 'java.lang.Object java.lang.invoke.DirectMethodHandle$Holder.newInvokeSpecial(java.lang.Object, java.lang.Object, int, java.lang.Object)'> (0x00000000eadf7cb8) 
thrown [s\src\hotspot\share\interpreter\linkResolver.cpp, line 759]
Event: 24.750 Thread 0x000001fcb8046a80 Exception <a 'java/lang/NoSuchMethodError'{0x00000000eadfb7c8}: 'java.lang.Object java.lang.invoke.DirectMethodHandle$Holder.invokeSpecial(java.lang.Object, java.lang.Object, java.lang.Object, int, java.lang.Object)'> (0x00000000eadfb7c8) 
thrown [s\src\hotspot\share\interpreter\linkResolver.cpp, line 759]
Event: 36.078 Thread 0x000001fcb7c93610 Exception <a 'java/lang/ClassNotFoundException'{0x00000000ec16ed90}: com/sun/org/apache/xerces/internal/impl/msg/spi/DOMMessagesProvider> (0x00000000ec16ed90) 
thrown [s\src\hotspot\share\classfile\systemDictionary.cpp, line 256]
Event: 36.085 Thread 0x000001fcb7c93610 Implicit null exception at 0x000001fca91215f2 to 0x000001fca9122184
Event: 36.161 Thread 0x000001fcb7c93610 Exception <a 'java/lang/ClassNotFoundException'{0x00000000ec1adc60}: com/sun/org/apache/xerces/internal/impl/msg/spi/XMLSerializerMessagesProvider> (0x00000000ec1adc60) 
thrown [s\src\hotspot\share\classfile\systemDictionary.cpp, line 256]
Event: 36.188 Thread 0x000001fcb7c93610 Exception <a 'java/lang/ClassNotFoundException'{0x00000000ec1c6258}: com/sun/org/apache/xerces/internal/impl/msg/spi/XMLMessagesProvider> (0x00000000ec1c6258) 
thrown [s\src\hotspot\share\classfile\systemDictionary.cpp, line 256]
Event: 36.320 Thread 0x000001fcb7c93610 Exception <a 'java/lang/NoSuchMethodError'{0x00000000ec2a59b8}: 'void java.lang.invoke.DirectMethodHandle$Holder.invokeVirtual(java.lang.Object, java.lang.Object)'> (0x00000000ec2a59b8) 
thrown [s\src\hotspot\share\interpreter\linkResolver.cpp, line 759]
Event: 37.046 Thread 0x000001fcb7c93610 Exception <a 'java/lang/NoSuchMethodError'{0x00000000eacccd58}: 'java.lang.Object java.lang.invoke.DirectMethodHandle$Holder.invokeStaticInit(java.lang.Object, int, int, int, int)'> (0x00000000eacccd58) 
thrown [s\src\hotspot\share\interpreter\linkResolver.cpp, line 759]
Event: 37.879 Thread 0x000001fcb7c93610 Exception <a 'java/lang/NoSuchMethodError'{0x00000000ead82168}: 'java.lang.Object java.lang.invoke.DirectMethodHandle$Holder.invokeStaticInit(java.lang.Object, java.lang.Object, int, int, int, int)'> (0x00000000ead82168) 
thrown [s\src\hotspot\share\interpreter\linkResolver.cpp, line 759]
Event: 38.432 Thread 0x000001fcb7c93610 Exception <a 'sun/nio/fs/WindowsException'{0x00000000eaf0e770}> (0x00000000eaf0e770) 
thrown [s\src\hotspot\share\prims\jni.cpp, line 516]
Event: 39.656 Thread 0x000001fcb7c93610 Exception <a 'java/lang/ClassNotFoundException'{0x00000000eb81bea8}: com/sun/org/apache/xml/internal/serializer/spi/XMLEntitiesProvider> (0x00000000eb81bea8) 
thrown [s\src\hotspot\share\classfile\systemDictionary.cpp, line 256]
Event: 42.674 Thread 0x000001fcb7c93610 Exception <a 'java/io/FileNotFoundException'{0x00000000ebf12250}> (0x00000000ebf12250) 
thrown [s\src\hotspot\share\prims\jni.cpp, line 516]
Event: 58.956 Thread 0x000001fcb7c93610 Exception <a 'java/lang/UnsatisfiedLinkError'{0x00000000eab7b278}: La procédure spécifiée est introuvable.
> (0x00000000eab7b278) 
thrown [s\src\hotspot\share\prims\jni.cpp, line 535]
Event: 58.983 Thread 0x000001fcb7c93610 Exception <a 'java/io/FileNotFoundException'{0x00000000eab9e240}> (0x00000000eab9e240) 
thrown [s\src\hotspot\share\prims\jni.cpp, line 516]
Event: 59.135 Thread 0x000001fcb7c93610 Exception <a 'java/io/FileNotFoundException'{0x00000000eac11730}> (0x00000000eac11730) 
thrown [s\src\hotspot\share\prims\jni.cpp, line 516]
Event: 59.295 Thread 0x000001fcb7c93610 Exception <a 'java/lang/UnsatisfiedLinkError'{0x00000000eac9ea38}: La procédure spécifiée est introuvable.
> (0x00000000eac9ea38) 
thrown [s\src\hotspot\share\prims\jni.cpp, line 535]
Event: 60.944 Thread 0x000001fc9e906bc0 Exception <a 'java/lang/NoSuchMethodError'{0x00000000eae76f88}: 'java.lang.Object java.lang.invoke.DirectMethodHandle$Holder.invokeStatic(java.lang.Object, java.lang.Object, long, java.lang.Object)'> (0x00000000eae76f88) 
thrown [s\src\hotspot\share\interpreter\linkResolver.cpp, line 759]
Event: 60.946 Thread 0x000001fc9e906bc0 Exception <a 'java/lang/NoSuchMethodError'{0x00000000eae7ac60}: 'java.lang.Object java.lang.invoke.DirectMethodHandle$Holder.invokeStaticInit(java.lang.Object, java.lang.Object, long, java.lang.Object)'> (0x00000000eae7ac60) 
thrown [s\src\hotspot\share\interpreter\linkResolver.cpp, line 759]
Event: 60.948 Thread 0x000001fc9e906bc0 Exception <a 'java/lang/NoSuchMethodError'{0x00000000eae81270}: 'java.lang.Object java.lang.invoke.DirectMethodHandle$Holder.newInvokeSpecial(java.lang.Object, java.lang.Object, long)'> (0x00000000eae81270) 
thrown [s\src\hotspot\share\interpreter\linkResolver.cpp, line 759]
Event: 62.634 Thread 0x000001fc9e906bc0 Exception <a 'java/lang/NoSuchMethodError'{0x00000000eb037628}: 'void java.lang.invoke.DirectMethodHandle$Holder.invokeStatic(java.lang.Object, java.lang.Object, java.lang.Object, java.lang.Object)'> (0x00000000eb037628) 
thrown [s\src\hotspot\share\interpreter\linkResolver.cpp, line 759]

VM Operations (20 events):
Event: 40.231 Executing VM operation: HandshakeAllThreads
Event: 40.231 Executing VM operation: HandshakeAllThreads done
Event: 41.240 Executing VM operation: Cleanup
Event: 41.240 Executing VM operation: Cleanup done
Event: 43.248 Executing VM operation: Cleanup
Event: 43.248 Executing VM operation: Cleanup done
Event: 49.288 Executing VM operation: Cleanup
Event: 49.288 Executing VM operation: Cleanup done
Event: 58.591 Executing VM operation: HandshakeAllThreads
Event: 58.591 Executing VM operation: HandshakeAllThreads done
Event: 58.706 Executing VM operation: ParallelGCFailedAllocation
Event: 58.757 Executing VM operation: ParallelGCFailedAllocation done
Event: 59.660 Executing VM operation: HandshakeAllThreads
Event: 59.660 Executing VM operation: HandshakeAllThreads done
Event: 60.159 Executing VM operation: HandshakeAllThreads
Event: 60.159 Executing VM operation: HandshakeAllThreads done
Event: 60.159 Executing VM operation: Cleanup
Event: 60.159 Executing VM operation: Cleanup done
Event: 61.162 Executing VM operation: Cleanup
Event: 61.162 Executing VM operation: Cleanup done

Events (20 events):
Event: 62.429 loading class sun/reflect/generics/tree/Signature done
Event: 62.429 loading class sun/reflect/generics/tree/MethodTypeSignature done
Event: 62.430 loading class sun/reflect/generics/reflectiveObjects/ParameterizedTypeImpl
Event: 62.430 loading class java/lang/reflect/ParameterizedType
Event: 62.430 loading class java/lang/reflect/ParameterizedType done
Event: 62.430 loading class sun/reflect/generics/reflectiveObjects/ParameterizedTypeImpl done
Event: 62.431 loading class sun/reflect/generics/repository/ClassRepository
Event: 62.431 loading class sun/reflect/generics/repository/ClassRepository done
Event: 62.431 loading class sun/reflect/generics/tree/ClassSignature
Event: 62.432 loading class sun/reflect/generics/tree/ClassSignature done
Event: 62.432 loading class sun/reflect/generics/tree/TypeVariableSignature
Event: 62.432 loading class sun/reflect/generics/tree/TypeVariableSignature done
Event: 62.432 loading class sun/reflect/generics/reflectiveObjects/TypeVariableImpl
Event: 62.433 loading class sun/reflect/generics/reflectiveObjects/LazyReflectiveObjectGenerator
Event: 62.433 loading class sun/reflect/generics/reflectiveObjects/LazyReflectiveObjectGenerator done
Event: 62.433 loading class sun/reflect/generics/reflectiveObjects/TypeVariableImpl done
Event: 62.637 loading class java/lang/Deprecated
Event: 62.638 loading class java/lang/Deprecated done
Event: 62.643 loading class jdk/internal/vm/annotation/IntrinsicCandidate
Event: 62.643 loading class jdk/internal/vm/annotation/IntrinsicCandidate done


Dynamic libraries:
0x00007ff658ac0000 - 0x00007ff658ace000 	c:\Users\user\.vscode\extensions\redhat.java-1.24.0-win32-x64\jre\17.0.8.1-win32-x86_64\bin\java.exe
0x00007ffec9c90000 - 0x00007ffec9e87000 	C:\WINDOWS\SYSTEM32\ntdll.dll
0x00007ffec9790000 - 0x00007ffec984d000 	C:\WINDOWS\System32\KERNEL32.DLL
0x00007ffec78a0000 - 0x00007ffec7b96000 	C:\WINDOWS\System32\KERNELBASE.dll
0x00007ffec7700000 - 0x00007ffec7800000 	C:\WINDOWS\System32\ucrtbase.dll
0x00007ffeb4b90000 - 0x00007ffeb4ba7000 	c:\Users\user\.vscode\extensions\redhat.java-1.24.0-win32-x64\jre\17.0.8.1-win32-x86_64\bin\jli.dll
0x00007ffec9540000 - 0x00007ffec96de000 	C:\WINDOWS\System32\USER32.dll
0x00007ffec7370000 - 0x00007ffec7392000 	C:\WINDOWS\System32\win32u.dll
0x00007ffec8360000 - 0x00007ffec838c000 	C:\WINDOWS\System32\GDI32.dll
0x00007ffec7590000 - 0x00007ffec76aa000 	C:\WINDOWS\System32\gdi32full.dll
0x00007ffec7800000 - 0x00007ffec789d000 	C:\WINDOWS\System32\msvcp_win.dll
0x00007ffeb4270000 - 0x00007ffeb4289000 	c:\Users\user\.vscode\extensions\redhat.java-1.24.0-win32-x64\jre\17.0.8.1-win32-x86_64\bin\VCRUNTIME140.dll
0x00007ffeb6030000 - 0x00007ffeb62ca000 	C:\WINDOWS\WinSxS\amd64_microsoft.windows.common-controls_6595b64144ccf1df_6.0.19041.3570_none_60bb2a3971f3e41a\COMCTL32.dll
0x00007ffec9a70000 - 0x00007ffec9b0e000 	C:\WINDOWS\System32\msvcrt.dll
0x00007ffec9510000 - 0x00007ffec9540000 	C:\WINDOWS\System32\IMM32.DLL
0x00007ffebd460000 - 0x00007ffebd46c000 	c:\Users\user\.vscode\extensions\redhat.java-1.24.0-win32-x64\jre\17.0.8.1-win32-x86_64\bin\vcruntime140_1.dll
0x00007ffead740000 - 0x00007ffead7d1000 	c:\Users\user\.vscode\extensions\redhat.java-1.24.0-win32-x64\jre\17.0.8.1-win32-x86_64\bin\msvcp140.dll
0x00007ffe8fa30000 - 0x00007ffe9067c000 	c:\Users\user\.vscode\extensions\redhat.java-1.24.0-win32-x64\jre\17.0.8.1-win32-x86_64\bin\server\jvm.dll
0x00007ffec9ba0000 - 0x00007ffec9c4e000 	C:\WINDOWS\System32\ADVAPI32.dll
0x00007ffec9330000 - 0x00007ffec93cc000 	C:\WINDOWS\System32\sechost.dll
0x00007ffec93d0000 - 0x00007ffec94f6000 	C:\WINDOWS\System32\RPCRT4.dll
0x00007ffec6920000 - 0x00007ffec696b000 	C:\WINDOWS\SYSTEM32\POWRPROF.dll
0x00007ffec5a90000 - 0x00007ffec5a99000 	C:\WINDOWS\SYSTEM32\WSOCK32.dll
0x00007ffeb34d0000 - 0x00007ffeb34f7000 	C:\WINDOWS\SYSTEM32\WINMM.dll
0x00007ffec8e50000 - 0x00007ffec8ebb000 	C:\WINDOWS\System32\WS2_32.dll
0x00007ffeb7c50000 - 0x00007ffeb7c5a000 	C:\WINDOWS\SYSTEM32\VERSION.dll
0x00007ffec6790000 - 0x00007ffec67a2000 	C:\WINDOWS\SYSTEM32\UMPDC.dll
0x00007ffec5bf0000 - 0x00007ffec5c02000 	C:\WINDOWS\SYSTEM32\kernel.appcore.dll
0x00007ffebd2a0000 - 0x00007ffebd2aa000 	c:\Users\user\.vscode\extensions\redhat.java-1.24.0-win32-x64\jre\17.0.8.1-win32-x86_64\bin\jimage.dll
0x00007ffec5880000 - 0x00007ffec5a64000 	C:\WINDOWS\SYSTEM32\DBGHELP.DLL
0x00007ffeb3420000 - 0x00007ffeb3454000 	C:\WINDOWS\SYSTEM32\dbgcore.DLL
0x00007ffec7500000 - 0x00007ffec7582000 	C:\WINDOWS\System32\bcryptPrimitives.dll
0x00007ffebd220000 - 0x00007ffebd22e000 	c:\Users\user\.vscode\extensions\redhat.java-1.24.0-win32-x64\jre\17.0.8.1-win32-x86_64\bin\instrument.dll
0x00007ffeb06b0000 - 0x00007ffeb06d5000 	c:\Users\user\.vscode\extensions\redhat.java-1.24.0-win32-x64\jre\17.0.8.1-win32-x86_64\bin\java.dll
0x00007ffeb3830000 - 0x00007ffeb3848000 	c:\Users\user\.vscode\extensions\redhat.java-1.24.0-win32-x64\jre\17.0.8.1-win32-x86_64\bin\zip.dll
0x00007ffec84d0000 - 0x00007ffec8c14000 	C:\WINDOWS\System32\SHELL32.dll
0x00007ffec5020000 - 0x00007ffec57bb000 	C:\WINDOWS\SYSTEM32\windows.storage.dll
0x00007ffec8000000 - 0x00007ffec8354000 	C:\WINDOWS\System32\combase.dll
0x00007ffec6db0000 - 0x00007ffec6ddd000 	C:\WINDOWS\SYSTEM32\Wldp.dll
0x00007ffec96e0000 - 0x00007ffec978d000 	C:\WINDOWS\System32\SHCORE.dll
0x00007ffec7d90000 - 0x00007ffec7de5000 	C:\WINDOWS\System32\shlwapi.dll
0x00007ffec72a0000 - 0x00007ffec72c5000 	C:\WINDOWS\SYSTEM32\profapi.dll
0x00007ffeb3700000 - 0x00007ffeb3719000 	C:\Users\user\.vscode\extensions\redhat.java-1.24.0-win32-x64\jre\17.0.8.1-win32-x86_64\bin\net.dll
0x00007ffebb1d0000 - 0x00007ffebb2da000 	C:\WINDOWS\SYSTEM32\WINHTTP.dll
0x00007ffec6b10000 - 0x00007ffec6b7a000 	C:\WINDOWS\system32\mswsock.dll
0x00007ffeb1740000 - 0x00007ffeb1755000 	C:\Users\user\.vscode\extensions\redhat.java-1.24.0-win32-x64\jre\17.0.8.1-win32-x86_64\bin\nio.dll
0x00007ffebd1c0000 - 0x00007ffebd1d0000 	c:\Users\user\.vscode\extensions\redhat.java-1.24.0-win32-x64\jre\17.0.8.1-win32-x86_64\bin\verify.dll
0x00007ffeb04f0000 - 0x00007ffeb052e000 	C:\Users\user\AppData\Roaming\Code\User\globalStorage\redhat.java\1.24.0\config_ss_win\org.eclipse.equinox.launcher\org.eclipse.equinox.launcher.win32.win32.x86_64_1.2.700.v20221108-1024\eclipse_11801.dll
0x00007ffec9850000 - 0x00007ffec997b000 	C:\WINDOWS\System32\ole32.dll
0x00007ffec6d00000 - 0x00007ffec6d18000 	C:\WINDOWS\SYSTEM32\CRYPTSP.dll
0x00007ffec63b0000 - 0x00007ffec63e4000 	C:\WINDOWS\system32\rsaenh.dll
0x00007ffec7ba0000 - 0x00007ffec7bc7000 	C:\WINDOWS\System32\bcrypt.dll
0x00007ffec7220000 - 0x00007ffec724e000 	C:\WINDOWS\SYSTEM32\USERENV.dll
0x00007ffec6d20000 - 0x00007ffec6d2c000 	C:\WINDOWS\SYSTEM32\CRYPTBASE.dll
0x00007ffec67b0000 - 0x00007ffec67eb000 	C:\WINDOWS\SYSTEM32\IPHLPAPI.DLL
0x00007ffec9a60000 - 0x00007ffec9a68000 	C:\WINDOWS\System32\NSI.dll
0x00007ffebb740000 - 0x00007ffebb757000 	C:\WINDOWS\SYSTEM32\dhcpcsvc6.DLL
0x00007ffebb9a0000 - 0x00007ffebb9bd000 	C:\WINDOWS\SYSTEM32\dhcpcsvc.DLL
0x00007ffec6800000 - 0x00007ffec68ca000 	C:\WINDOWS\SYSTEM32\DNSAPI.dll
0x00007ffeb01f0000 - 0x00007ffeb0235000 	C:\Users\user\AppData\Local\Temp\jna-3599307\jna1729777186879604993.dll
0x00007ffec9500000 - 0x00007ffec9508000 	C:\WINDOWS\System32\PSAPI.DLL

dbghelp: loaded successfully - version: 4.0.5 - missing functions: none
symbol engine: initialized successfully - sym options: 0x614 - pdb path: .;c:\Users\user\.vscode\extensions\redhat.java-1.24.0-win32-x64\jre\17.0.8.1-win32-x86_64\bin;C:\WINDOWS\SYSTEM32;C:\WINDOWS\WinSxS\amd64_microsoft.windows.common-controls_6595b64144ccf1df_6.0.19041.3570_none_60bb2a3971f3e41a;c:\Users\user\.vscode\extensions\redhat.java-1.24.0-win32-x64\jre\17.0.8.1-win32-x86_64\bin\server;C:\Users\user\AppData\Roaming\Code\User\globalStorage\redhat.java\1.24.0\config_ss_win\org.eclipse.equinox.launcher\org.eclipse.equinox.launcher.win32.win32.x86_64_1.2.700.v20221108-1024;C:\Users\user\AppData\Local\Temp\jna-3599307

VM Arguments:
jvm_args: --add-modules=ALL-SYSTEM --add-opens=java.base/java.util=ALL-UNNAMED --add-opens=java.base/java.lang=ALL-UNNAMED --add-opens=java.base/sun.nio.fs=ALL-UNNAMED -Declipse.application=org.eclipse.jdt.ls.core.id1 -Dosgi.bundles.defaultStartLevel=4 -Declipse.product=org.eclipse.jdt.ls.core.product -Djava.import.generatesMetadataFilesAtProjectRoot=false -DDetectVMInstallationsJob.disabled=true -Dfile.encoding=utf8 -XX:+UseParallelGC -XX:GCTimeRatio=4 -XX:AdaptiveSizePolicyWeight=90 -Dsun.zip.disableMemoryMapping=true -Xmx1G -Xms100m -Xlog:disable -javaagent:c:\Users\user\.vscode\extensions\redhat.java-1.24.0-win32-x64\lombok\lombok-1.18.30.jar 
java_command: c:\Users\user\.vscode\extensions\redhat.java-1.24.0-win32-x64\server\plugins\org.eclipse.equinox.launcher_1.6.500.v20230717-2134.jar -configuration c:\Users\user\AppData\Roaming\Code\User\globalStorage\redhat.java\1.24.0\config_ss_win -data c:\Users\user\AppData\Roaming\Code\User\workspaceStorage\916f89e3761012da6c16be9eb5698581\redhat.java\ss_ws --stdio
java_class_path (initial): c:\Users\user\.vscode\extensions\redhat.java-1.24.0-win32-x64\server\plugins\org.eclipse.equinox.launcher_1.6.500.v20230717-2134.jar
Launcher Type: SUN_STANDARD

[Global flags]
    uintx AdaptiveSizePolicyWeight                 = 90                                        {product} {command line}
     intx CICompilerCount                          = 3                                         {product} {ergonomic}
    uintx GCTimeRatio                              = 4                                         {product} {command line}
   size_t InitialHeapSize                          = 104857600                                 {product} {command line}
   size_t MaxHeapSize                              = 1073741824                                {product} {command line}
   size_t MaxNewSize                               = 357564416                                 {product} {ergonomic}
   size_t MinHeapDeltaBytes                        = 524288                                    {product} {ergonomic}
   size_t MinHeapSize                              = 104857600                                 {product} {command line}
   size_t NewSize                                  = 34603008                                  {product} {ergonomic}
    uintx NonNMethodCodeHeapSize                   = 5832780                                {pd product} {ergonomic}
    uintx NonProfiledCodeHeapSize                  = 122912730                              {pd product} {ergonomic}
   size_t OldSize                                  = 70254592                                  {product} {ergonomic}
    uintx ProfiledCodeHeapSize                     = 122912730                              {pd product} {ergonomic}
    uintx ReservedCodeCacheSize                    = 251658240                              {pd product} {ergonomic}
     bool SegmentedCodeCache                       = true                                      {product} {ergonomic}
   size_t SoftMaxHeapSize                          = 1073741824                             {manageable} {ergonomic}
     bool UseCompressedClassPointers               = true                           {product lp64_product} {ergonomic}
     bool UseCompressedOops                        = true                           {product lp64_product} {ergonomic}
     bool UseLargePagesIndividualAllocation        = false                                  {pd product} {ergonomic}
     bool UseParallelGC                            = true                                      {product} {command line}

Logging:
Log output configuration:
 #0: stdout all=off uptime,level,tags
 #1: stderr all=off uptime,level,tags

Environment Variables:
JAVA_HOME=C:\Program Files\Java\jdk1.8.0_202
PATH=C:\Program Files\Common Files\Oracle\Java\javapath;C:\Program Files (x86)\Common Files\Oracle\Java\javapath;C:\WINDOWS\system32;C:\WINDOWS;C:\WINDOWS\System32\Wbem;C:\WINDOWS\System32\WindowsPowerShell\v1.0\;C:\WINDOWS\System32\OpenSSH\;C:\Program Files (x86)\Skype\Phone\;C:\Program Files\dotnet\;C:\Program Files\Git\cmd;C:\src\flutter\flutter\bin;C:\Users\user\AppData\Local\Microsoft\WindowsApps;C:\Users\user\AppData\Local\Programs\Microsoft VS Code\bin;C:\src\flutter\flutter\bin;C:\Users\user\AppData\Local\Android\Sdk\platform-tools;C:\Users\user\AppData\Local\Android\Sdk\tools;C:\Program Files\Java\jdk1.8.0_202\bin\joel;
USERNAME=user
OS=Windows_NT
PROCESSOR_IDENTIFIER=Intel64 Family 6 Model 55 Stepping 8, GenuineIntel
TMP=C:\Users\user\AppData\Local\Temp
TEMP=C:\Users\user\AppData\Local\Temp



---------------  S Y S T E M  ---------------

OS:
 Windows 10 , 64 bit Build 19041 (10.0.19041.3570)
OS uptime: 4 days 2:19 hours

CPU: total 4 (initial active 4) (4 cores per cpu, 1 threads per core) family 6 model 55 stepping 8 microcode 0x838, cx8, cmov, fxsr, mmx, 3dnowpref, sse, sse2, sse3, ssse3, sse4.1, sse4.2, popcnt, tsc, tscinvbit, erms, clmul, clflush
Processor Information for all 4 processors :
  Max Mhz: 1827, Current Mhz: 1827, Mhz Limit: 1827

Memory: 4k page, system-wide physical 3838M (299M free)
TotalPageFile size 7934M (AvailPageFile size 14M)
current process WorkingSet (physical memory assigned to process): 129M, peak: 129M
current process commit charge ("private bytes"): 224M, peak: 224M

vm_info: OpenJDK 64-Bit Server VM (17.0.8.1+1) for windows-amd64 JRE (17.0.8.1+1), built on Aug 23 2023 15:29:17 by "admin" with MS VC++ 16.7 (VS2019)

END.
