#
# There is insufficient memory for the Java Runtime Environment to continue.
# Native memory allocation (malloc) failed to allocate 330336 bytes for Chunk::new
# Possible reasons:
#   The system is out of physical RAM or swap space
#   The process is running with CompressedOops enabled, and the Java Heap may be blocking the growth of the native heap
# Possible solutions:
#   Reduce memory load on the system
#   Increase physical memory or swap space
#   Check if swap backing store is full
#   Decrease Java heap size (-Xmx/-Xms)
#   Decrease number of Java threads
#   Decrease Java thread stack sizes (-Xss)
#   Set larger code cache with -XX:ReservedCodeCacheSize=
#   JVM is running with Unscaled Compressed Oops mode in which the Java heap is
#     placed in the first 4GB address space. The Java Heap base address is the
#     maximum limit for the native heap growth. Please use -XX:HeapBaseMinAddress
#     to set the Java Heap base and to place the Java Heap above 4GB virtual address.
# This output file may be truncated or incomplete.
#
#  Out of Memory Error (arena.cpp:189), pid=2792, tid=17120
#
# JRE version: OpenJDK Runtime Environment Temurin-17.0.8.1+1 (17.0.8.1+1) (build 17.0.8.1+1)
# Java VM: OpenJDK 64-Bit Server VM Temurin-17.0.8.1+1 (17.0.8.1+1, mixed mode, tiered, compressed oops, compressed class ptrs, parallel gc, windows-amd64)
# No core dump will be written. Minidumps are not enabled by default on client versions of Windows
#

---------------  S U M M A R Y ------------

Command Line: --add-modules=ALL-SYSTEM --add-opens=java.base/java.util=ALL-UNNAMED --add-opens=java.base/java.lang=ALL-UNNAMED --add-opens=java.base/sun.nio.fs=ALL-UNNAMED -Declipse.application=org.eclipse.jdt.ls.core.id1 -Dosgi.bundles.defaultStartLevel=4 -Declipse.product=org.eclipse.jdt.ls.core.product -Djava.import.generatesMetadataFilesAtProjectRoot=false -DDetectVMInstallationsJob.disabled=true -Dfile.encoding=utf8 -XX:+UseParallelGC -XX:GCTimeRatio=4 -XX:AdaptiveSizePolicyWeight=90 -Dsun.zip.disableMemoryMapping=true -Xmx1G -Xms100m -Xlog:disable -javaagent:c:\Users\user\.vscode\extensions\redhat.java-1.24.0-win32-x64\lombok\lombok-1.18.30.jar -XX:+HeapDumpOnOutOfMemoryError -XX:HeapDumpPath=c:\Users\user\AppData\Roaming\Code\User\workspaceStorage\916f89e3761012da6c16be9eb5698581\redhat.java -Daether.dependencyCollector.impl=bf c:\Users\user\.vscode\extensions\redhat.java-1.24.0-win32-x64\server\plugins\org.eclipse.equinox.launcher_1.6.500.v20230717-2134.jar -configuration c:\Users\user\AppData\Roaming\Code\User\globalStorage\redhat.java\1.24.0\config_win -data c:\Users\user\AppData\Roaming\Code\User\workspaceStorage\916f89e3761012da6c16be9eb5698581\redhat.java\jdt_ws --stdio

Host: Intel(R) Celeron(R) CPU  N2940  @ 1.83GHz, 4 cores, 3G,  Windows 10 , 64 bit Build 19041 (10.0.19041.3570)
Time: Wed Nov  8 20:22:12 2023 Afr. centrale Ouest elapsed time: 62.324548 seconds (0d 0h 1m 2s)

---------------  T H R E A D  ---------------

Current thread (0x0000023c9b6b2530):  JavaThread "C2 CompilerThread0" daemon [_thread_in_native, id=17120, stack(0x000000e7ba300000,0x000000e7ba400000)]


Current CompileTask:
C2:  62324 3637       4       org.eclipse.osgi.internal.serviceregistry.ServiceRegistry::notifyHooksPrivileged (58 bytes)

Stack: [0x000000e7ba300000,0x000000e7ba400000]
Native frames: (J=compiled Java code, j=interpreted, Vv=VM code, C=native code)
V  [jvm.dll+0x678b0a]
V  [jvm.dll+0x835e84]
V  [jvm.dll+0x83762e]
V  [jvm.dll+0x837c93]
V  [jvm.dll+0x24746f]
V  [jvm.dll+0xac20c]
V  [jvm.dll+0xac7dc]
V  [jvm.dll+0x2ae7af]
V  [jvm.dll+0x581427]
V  [jvm.dll+0x222602]
V  [jvm.dll+0x21b702]
V  [jvm.dll+0x218f0b]
V  [jvm.dll+0x1a534d]
V  [jvm.dll+0x228d8a]
V  [jvm.dll+0x226dcc]
V  [jvm.dll+0x7ec09b]
V  [jvm.dll+0x7e64ca]
V  [jvm.dll+0x677955]
C  [ucrtbase.dll+0x21bb2]
C  [KERNEL32.DLL+0x17344]
C  [ntdll.dll+0x526b1]


---------------  P R O C E S S  ---------------

Threads class SMR info:
_java_thread_list=0x0000023ca1fe65f0, length=22, elements={
0x0000023c87837670, 0x0000023c9b667760, 0x0000023c9b66a010, 0x0000023c9b6a1150,
0x0000023c9b6a1fd0, 0x0000023c9b6a2e50, 0x0000023c9b6a6e30, 0x0000023c9b6b2530,
0x0000023c9b6b2fe0, 0x0000023ca08e6c00, 0x0000023ca09f1d70, 0x0000023ca09f1860,
0x0000023ca09f2280, 0x0000023ca09f45f0, 0x0000023ca09f36c0, 0x0000023ca09f2ca0,
0x0000023ca09f4b00, 0x0000023ca09f2790, 0x0000023ca104ebc0, 0x0000023ca104d780,
0x0000023ca1050510, 0x0000023ca1051e60
}

Java Threads: ( => current thread )
  0x0000023c87837670 JavaThread "main" [_thread_blocked, id=1996, stack(0x000000e7b9a00000,0x000000e7b9b00000)]
  0x0000023c9b667760 JavaThread "Reference Handler" daemon [_thread_blocked, id=16400, stack(0x000000e7b9d00000,0x000000e7b9e00000)]
  0x0000023c9b66a010 JavaThread "Finalizer" daemon [_thread_blocked, id=10440, stack(0x000000e7b9e00000,0x000000e7b9f00000)]
  0x0000023c9b6a1150 JavaThread "Signal Dispatcher" daemon [_thread_blocked, id=3240, stack(0x000000e7b9f00000,0x000000e7ba000000)]
  0x0000023c9b6a1fd0 JavaThread "Attach Listener" daemon [_thread_blocked, id=2060, stack(0x000000e7ba000000,0x000000e7ba100000)]
  0x0000023c9b6a2e50 JavaThread "Service Thread" daemon [_thread_blocked, id=12440, stack(0x000000e7ba100000,0x000000e7ba200000)]
  0x0000023c9b6a6e30 JavaThread "Monitor Deflation Thread" daemon [_thread_blocked, id=10924, stack(0x000000e7ba200000,0x000000e7ba300000)]
=>0x0000023c9b6b2530 JavaThread "C2 CompilerThread0" daemon [_thread_in_native, id=17120, stack(0x000000e7ba300000,0x000000e7ba400000)]
  0x0000023c9b6b2fe0 JavaThread "C1 CompilerThread0" daemon [_thread_in_native, id=2608, stack(0x000000e7ba400000,0x000000e7ba500000)]
  0x0000023ca08e6c00 JavaThread "Sweeper thread" daemon [_thread_blocked, id=11716, stack(0x000000e7ba500000,0x000000e7ba600000)]
  0x0000023ca09f1d70 JavaThread "Common-Cleaner" daemon [_thread_blocked, id=17392, stack(0x000000e7ba600000,0x000000e7ba700000)]
  0x0000023ca09f1860 JavaThread "Notification Thread" daemon [_thread_blocked, id=15756, stack(0x000000e7ba700000,0x000000e7ba800000)]
  0x0000023ca09f2280 JavaThread "Active Thread: Equinox Container: e886aad0-a91a-490f-a3d6-e98184c7516f" [_thread_blocked, id=13316, stack(0x000000e7bac00000,0x000000e7bad00000)]
  0x0000023ca09f45f0 JavaThread "Framework Event Dispatcher: Equinox Container: e886aad0-a91a-490f-a3d6-e98184c7516f" daemon [_thread_blocked, id=17328, stack(0x000000e7bad00000,0x000000e7bae00000)]
  0x0000023ca09f36c0 JavaThread "Start Level: Equinox Container: e886aad0-a91a-490f-a3d6-e98184c7516f" daemon [_thread_in_native, id=14972, stack(0x000000e7bae00000,0x000000e7baf00000)]
  0x0000023ca09f2ca0 JavaThread "Bundle File Closer" daemon [_thread_blocked, id=2172, stack(0x000000e7baf00000,0x000000e7bb000000)]
  0x0000023ca09f4b00 JavaThread "SCR Component Actor" daemon [_thread_blocked, id=13212, stack(0x000000e7bb000000,0x000000e7bb100000)]
  0x0000023ca09f2790 JavaThread "Worker-JM" [_thread_blocked, id=12480, stack(0x000000e7bb200000,0x000000e7bb300000)]
  0x0000023ca104ebc0 JavaThread "Worker-0: Repository registry initialization" [_thread_blocked, id=8248, stack(0x000000e7bb300000,0x000000e7bb400000)]
  0x0000023ca104d780 JavaThread "Worker-1: Updating Maven Dependencies" [_thread_in_native, id=15700, stack(0x000000e7bb400000,0x000000e7bb500000)]
  0x0000023ca1050510 JavaThread "Worker-2" [_thread_blocked, id=16832, stack(0x000000e7bb500000,0x000000e7bb600000)]
  0x0000023ca1051e60 JavaThread "Worker-3" [_thread_blocked, id=9140, stack(0x000000e7bb600000,0x000000e7bb700000)]

Other Threads:
  0x0000023c9b64f9c0 VMThread "VM Thread" [stack: 0x000000e7b9c00000,0x000000e7b9d00000] [id=4252]
  0x0000023ca0a1ddc0 WatcherThread [stack: 0x000000e7ba800000,0x000000e7ba900000] [id=15500]
  0x0000023c8785cef0 GCTaskThread "GC Thread#0" [stack: 0x000000e7b9b00000,0x000000e7b9c00000] [id=7620]
  0x0000023ca1019f00 GCTaskThread "GC Thread#1" [stack: 0x000000e7ba900000,0x000000e7baa00000] [id=9052]
  0x0000023ca0e370e0 GCTaskThread "GC Thread#2" [stack: 0x000000e7baa00000,0x000000e7bab00000] [id=11580]
  0x0000023ca0e373a0 GCTaskThread "GC Thread#3" [stack: 0x000000e7bab00000,0x000000e7bac00000] [id=2576]

Threads with active compile tasks:
C2 CompilerThread0    63663 3637       4       org.eclipse.osgi.internal.serviceregistry.ServiceRegistry::notifyHooksPrivileged (58 bytes)
C1 CompilerThread0    63663 3671       3       jdk.internal.org.objectweb.asm.MethodWriter::visitLdcInsn (215 bytes)

VM state: not at safepoint (normal execution)

VM Mutex/Monitor currently owned by a thread: None

Heap address: 0x00000000c0000000, size: 1024 MB, Compressed Oops mode: 32-bit

CDS archive(s) not mapped
Compressed class space mapped at: 0x0000000100000000-0x0000000140000000, reserved size: 1073741824
Narrow klass base: 0x0000000000000000, Narrow klass shift: 3, Narrow klass range: 0x140000000

GC Precious Log:
 CPUs: 4 total, 4 available
 Memory: 3838M
 Large Page Support: Disabled
 NUMA Support: Disabled
 Compressed Oops: Enabled (32-bit)
 Alignments: Space 512K, Generation 512K, Heap 2M
 Heap Min Capacity: 100M
 Heap Initial Capacity: 100M
 Heap Max Capacity: 1G
 Pre-touch: Disabled
 Parallel Workers: 4

Heap:
 PSYoungGen      total 26624K, used 24316K [0x00000000eab00000, 0x00000000eca00000, 0x0000000100000000)
  eden space 24064K, 90% used [0x00000000eab00000,0x00000000ec03ff30,0x00000000ec280000)
  from space 2560K, 99% used [0x00000000ec780000,0x00000000ec9ff418,0x00000000eca00000)
  to   space 3584K, 0% used [0x00000000ec300000,0x00000000ec300000,0x00000000ec680000)
 ParOldGen       total 68608K, used 11120K [0x00000000c0000000, 0x00000000c4300000, 0x00000000eab00000)
  object space 68608K, 16% used [0x00000000c0000000,0x00000000c0adc000,0x00000000c4300000)
 Metaspace       used 33170K, committed 33792K, reserved 1114112K
  class space    used 3360K, committed 3584K, reserved 1048576K

Card table byte_map: [0x0000023c87220000,0x0000023c87430000] _byte_map_base: 0x0000023c86c20000

Marking Bits: (ParMarkBitMap*) 0x00007ffe905b83a0
 Begin Bits: [0x0000023c994d0000, 0x0000023c9a4d0000)
 End Bits:   [0x0000023c9a4d0000, 0x0000023c9b4d0000)

Polling page: 0x0000023c87010000

Metaspace:

Usage:
  Non-class:     29.11 MB used.
      Class:      3.28 MB used.
       Both:     32.39 MB used.

Virtual space:
  Non-class space:       64.00 MB reserved,      29.50 MB ( 46%) committed,  1 nodes.
      Class space:        1.00 GB reserved,       3.50 MB ( <1%) committed,  1 nodes.
             Both:        1.06 GB reserved,      33.00 MB (  3%) committed. 

Chunk freelists:
   Non-Class:  2.30 MB
       Class:  12.31 MB
        Both:  14.61 MB

MaxMetaspaceSize: unlimited
CompressedClassSpaceSize: 1.00 GB
Initial GC threshold: 21.00 MB
Current GC threshold: 35.00 MB
CDS: off
MetaspaceReclaimPolicy: balanced
 - commit_granule_bytes: 65536.
 - commit_granule_words: 8192.
 - virtual_space_node_default_size: 8388608.
 - enlarge_chunks_in_place: 1.
 - new_chunks_are_fully_committed: 0.
 - uncommit_free_chunks: 1.
 - use_allocation_guard: 0.
 - handle_deallocations: 1.


Internal statistics:

num_allocs_failed_limit: 3.
num_arena_births: 332.
num_arena_deaths: 0.
num_vsnodes_births: 2.
num_vsnodes_deaths: 0.
num_space_committed: 528.
num_space_uncommitted: 0.
num_chunks_returned_to_freelist: 3.
num_chunks_taken_from_freelist: 1341.
num_chunk_merges: 0.
num_chunk_splits: 866.
num_chunks_enlarged: 562.
num_inconsistent_stats: 0.

CodeHeap 'non-profiled nmethods': size=120000Kb used=1515Kb max_used=1515Kb free=118484Kb
 bounds [0x0000023c91fa0000, 0x0000023c92210000, 0x0000023c994d0000]
CodeHeap 'profiled nmethods': size=120000Kb used=7867Kb max_used=7867Kb free=112132Kb
 bounds [0x0000023c8a4d0000, 0x0000023c8ac80000, 0x0000023c91a00000]
CodeHeap 'non-nmethods': size=5760Kb used=1235Kb max_used=1249Kb free=4524Kb
 bounds [0x0000023c91a00000, 0x0000023c91c70000, 0x0000023c91fa0000]
 total_blobs=4216 nmethods=3667 adapters=464
 compilation: enabled
              stopped_count=0, restarted_count=0
 full_count=0

Compilation events (20 events):
Event: 61.843 Thread 0x0000023c9b6b2fe0 nmethod 3661 0x0000023c8ac7af10 code [0x0000023c8ac7b120, 0x0000023c8ac7b7d8]
Event: 61.848 Thread 0x0000023c9b6b2fe0 3662       3       org.objectweb.asm.commons.LocalVariablesSorter::<init> (97 bytes)
Event: 61.849 Thread 0x0000023c9b6b2fe0 nmethod 3662 0x0000023c8ac7b990 code [0x0000023c8ac7bb60, 0x0000023c8ac7bfe8]
Event: 61.849 Thread 0x0000023c9b6b2fe0 3666       1       java.lang.reflect.Method::getAnnotationBytes (5 bytes)
Event: 61.849 Thread 0x0000023c9b6b2fe0 nmethod 3666 0x0000023c9211ac90 code [0x0000023c9211ae20, 0x0000023c9211aef8]
Event: 61.849 Thread 0x0000023c9b6b2fe0 3663       3       org.objectweb.asm.Type::getReturnType (13 bytes)
Event: 61.850 Thread 0x0000023c9b6b2fe0 nmethod 3663 0x0000023c8ac7c210 code [0x0000023c8ac7c3e0, 0x0000023c8ac7c638]
Event: 61.850 Thread 0x0000023c9b6b2fe0 3664       3       org.objectweb.asm.MethodVisitor::visitEnd (15 bytes)
Event: 61.850 Thread 0x0000023c9b6b2fe0 nmethod 3664 0x0000023c8ac7c790 code [0x0000023c8ac7c940, 0x0000023c8ac7cb48]
Event: 61.851 Thread 0x0000023c9b6b2fe0 3665       3       org.objectweb.asm.MethodWriter::visitEnd (1 bytes)
Event: 61.851 Thread 0x0000023c9b6b2fe0 nmethod 3665 0x0000023c8ac7cc10 code [0x0000023c8ac7cda0, 0x0000023c8ac7ceb8]
Event: 61.852 Thread 0x0000023c9b6b2fe0 3667       3       java.lang.reflect.Method::getAnnotation (6 bytes)
Event: 61.854 Thread 0x0000023c9b6b2fe0 nmethod 3667 0x0000023c8ac7cf90 code [0x0000023c8ac7d1a0, 0x0000023c8ac7d888]
Event: 61.854 Thread 0x0000023c9b6b2fe0 3669       3       com.google.common.collect.AbstractIndexedListIterator::hasNext (17 bytes)
Event: 61.854 Thread 0x0000023c9b6b2fe0 nmethod 3669 0x0000023c8ac7db10 code [0x0000023c8ac7dca0, 0x0000023c8ac7de18]
Event: 61.854 Thread 0x0000023c9b6b2fe0 3668   !   3       sun.reflect.annotation.AnnotationParser::parseAnnotations (37 bytes)
Event: 61.855 Thread 0x0000023c9b6b2fe0 nmethod 3668 0x0000023c8ac7de90 code [0x0000023c8ac7e080, 0x0000023c8ac7e3a8]
Event: 61.885 Thread 0x0000023c9b6b2fe0 3670       3       sun.reflect.generics.parser.SignatureParser::skipIdentifier (67 bytes)
Event: 61.886 Thread 0x0000023c9b6b2fe0 nmethod 3670 0x0000023c8ac7e510 code [0x0000023c8ac7e720, 0x0000023c8ac7eca8]
Event: 61.891 Thread 0x0000023c9b6b2fe0 3671       3       jdk.internal.org.objectweb.asm.MethodWriter::visitLdcInsn (215 bytes)

GC Heap History (18 events):
Event: 9.281 GC heap before
{Heap before GC invocations=1 (full 0):
 PSYoungGen      total 29696K, used 25600K [0x00000000eab00000, 0x00000000ecc00000, 0x0000000100000000)
  eden space 25600K, 100% used [0x00000000eab00000,0x00000000ec400000,0x00000000ec400000)
  from space 4096K, 0% used [0x00000000ec800000,0x00000000ec800000,0x00000000ecc00000)
  to   space 4096K, 0% used [0x00000000ec400000,0x00000000ec400000,0x00000000ec800000)
 ParOldGen       total 68608K, used 0K [0x00000000c0000000, 0x00000000c4300000, 0x00000000eab00000)
  object space 68608K, 0% used [0x00000000c0000000,0x00000000c0000000,0x00000000c4300000)
 Metaspace       used 11016K, committed 11200K, reserved 1114112K
  class space    used 1099K, committed 1216K, reserved 1048576K
}
Event: 9.703 GC heap after
{Heap after GC invocations=1 (full 0):
 PSYoungGen      total 29696K, used 3187K [0x00000000eab00000, 0x00000000ecc00000, 0x0000000100000000)
  eden space 25600K, 0% used [0x00000000eab00000,0x00000000eab00000,0x00000000ec400000)
  from space 4096K, 77% used [0x00000000ec400000,0x00000000ec71cc18,0x00000000ec800000)
  to   space 4096K, 0% used [0x00000000ec800000,0x00000000ec800000,0x00000000ecc00000)
 ParOldGen       total 68608K, used 8K [0x00000000c0000000, 0x00000000c4300000, 0x00000000eab00000)
  object space 68608K, 0% used [0x00000000c0000000,0x00000000c0002000,0x00000000c4300000)
 Metaspace       used 11016K, committed 11200K, reserved 1114112K
  class space    used 1099K, committed 1216K, reserved 1048576K
}
Event: 18.913 GC heap before
{Heap before GC invocations=2 (full 0):
 PSYoungGen      total 29696K, used 28787K [0x00000000eab00000, 0x00000000ecc00000, 0x0000000100000000)
  eden space 25600K, 100% used [0x00000000eab00000,0x00000000ec400000,0x00000000ec400000)
  from space 4096K, 77% used [0x00000000ec400000,0x00000000ec71cc18,0x00000000ec800000)
  to   space 4096K, 0% used [0x00000000ec800000,0x00000000ec800000,0x00000000ecc00000)
 ParOldGen       total 68608K, used 8K [0x00000000c0000000, 0x00000000c4300000, 0x00000000eab00000)
  object space 68608K, 0% used [0x00000000c0000000,0x00000000c0002000,0x00000000c4300000)
 Metaspace       used 14708K, committed 14976K, reserved 1114112K
  class space    used 1473K, committed 1600K, reserved 1048576K
}
Event: 18.932 GC heap after
{Heap after GC invocations=2 (full 0):
 PSYoungGen      total 29696K, used 4082K [0x00000000eab00000, 0x00000000ecc00000, 0x0000000100000000)
  eden space 25600K, 0% used [0x00000000eab00000,0x00000000eab00000,0x00000000ec400000)
  from space 4096K, 99% used [0x00000000ec800000,0x00000000ecbfc8e8,0x00000000ecc00000)
  to   space 4096K, 0% used [0x00000000ec400000,0x00000000ec400000,0x00000000ec800000)
 ParOldGen       total 68608K, used 1468K [0x00000000c0000000, 0x00000000c4300000, 0x00000000eab00000)
  object space 68608K, 2% used [0x00000000c0000000,0x00000000c016f370,0x00000000c4300000)
 Metaspace       used 14708K, committed 14976K, reserved 1114112K
  class space    used 1473K, committed 1600K, reserved 1048576K
}
Event: 47.582 GC heap before
{Heap before GC invocations=3 (full 0):
 PSYoungGen      total 29696K, used 29682K [0x00000000eab00000, 0x00000000ecc00000, 0x0000000100000000)
  eden space 25600K, 100% used [0x00000000eab00000,0x00000000ec400000,0x00000000ec400000)
  from space 4096K, 99% used [0x00000000ec800000,0x00000000ecbfc8e8,0x00000000ecc00000)
  to   space 4096K, 0% used [0x00000000ec400000,0x00000000ec400000,0x00000000ec800000)
 ParOldGen       total 68608K, used 1468K [0x00000000c0000000, 0x00000000c4300000, 0x00000000eab00000)
  object space 68608K, 2% used [0x00000000c0000000,0x00000000c016f370,0x00000000c4300000)
 Metaspace       used 16816K, committed 17152K, reserved 1114112K
  class space    used 1701K, committed 1856K, reserved 1048576K
}
Event: 47.599 GC heap after
{Heap after GC invocations=3 (full 0):
 PSYoungGen      total 29696K, used 4093K [0x00000000eab00000, 0x00000000ecc00000, 0x0000000100000000)
  eden space 25600K, 0% used [0x00000000eab00000,0x00000000eab00000,0x00000000ec400000)
  from space 4096K, 99% used [0x00000000ec400000,0x00000000ec7ff6a0,0x00000000ec800000)
  to   space 4096K, 0% used [0x00000000ec800000,0x00000000ec800000,0x00000000ecc00000)
 ParOldGen       total 68608K, used 5248K [0x00000000c0000000, 0x00000000c4300000, 0x00000000eab00000)
  object space 68608K, 7% used [0x00000000c0000000,0x00000000c0520250,0x00000000c4300000)
 Metaspace       used 16816K, committed 17152K, reserved 1114112K
  class space    used 1701K, committed 1856K, reserved 1048576K
}
Event: 50.255 GC heap before
{Heap before GC invocations=4 (full 0):
 PSYoungGen      total 29696K, used 29693K [0x00000000eab00000, 0x00000000ecc00000, 0x0000000100000000)
  eden space 25600K, 100% used [0x00000000eab00000,0x00000000ec400000,0x00000000ec400000)
  from space 4096K, 99% used [0x00000000ec400000,0x00000000ec7ff6a0,0x00000000ec800000)
  to   space 4096K, 0% used [0x00000000ec800000,0x00000000ec800000,0x00000000ecc00000)
 ParOldGen       total 68608K, used 5248K [0x00000000c0000000, 0x00000000c4300000, 0x00000000eab00000)
  object space 68608K, 7% used [0x00000000c0000000,0x00000000c0520250,0x00000000c4300000)
 Metaspace       used 20461K, committed 20864K, reserved 1114112K
  class space    used 2052K, committed 2240K, reserved 1048576K
}
Event: 50.266 GC heap after
{Heap after GC invocations=4 (full 0):
 PSYoungGen      total 29696K, used 4077K [0x00000000eab00000, 0x00000000ecc00000, 0x0000000100000000)
  eden space 25600K, 0% used [0x00000000eab00000,0x00000000eab00000,0x00000000ec400000)
  from space 4096K, 99% used [0x00000000ec800000,0x00000000ecbfb538,0x00000000ecc00000)
  to   space 4096K, 0% used [0x00000000ec400000,0x00000000ec400000,0x00000000ec800000)
 ParOldGen       total 68608K, used 6537K [0x00000000c0000000, 0x00000000c4300000, 0x00000000eab00000)
  object space 68608K, 9% used [0x00000000c0000000,0x00000000c0662730,0x00000000c4300000)
 Metaspace       used 20461K, committed 20864K, reserved 1114112K
  class space    used 2052K, committed 2240K, reserved 1048576K
}
Event: 50.438 GC heap before
{Heap before GC invocations=5 (full 0):
 PSYoungGen      total 29696K, used 8031K [0x00000000eab00000, 0x00000000ecc00000, 0x0000000100000000)
  eden space 25600K, 15% used [0x00000000eab00000,0x00000000eaedc790,0x00000000ec400000)
  from space 4096K, 99% used [0x00000000ec800000,0x00000000ecbfb538,0x00000000ecc00000)
  to   space 4096K, 0% used [0x00000000ec400000,0x00000000ec400000,0x00000000ec800000)
 ParOldGen       total 68608K, used 6537K [0x00000000c0000000, 0x00000000c4300000, 0x00000000eab00000)
  object space 68608K, 9% used [0x00000000c0000000,0x00000000c0662730,0x00000000c4300000)
 Metaspace       used 21137K, committed 21504K, reserved 1114112K
  class space    used 2123K, committed 2304K, reserved 1048576K
}
Event: 50.446 GC heap after
{Heap after GC invocations=5 (full 0):
 PSYoungGen      total 29696K, used 4068K [0x00000000eab00000, 0x00000000ece00000, 0x0000000100000000)
  eden space 25600K, 0% used [0x00000000eab00000,0x00000000eab00000,0x00000000ec400000)
  from space 4096K, 99% used [0x00000000ec400000,0x00000000ec7f9118,0x00000000ec800000)
  to   space 5120K, 0% used [0x00000000ec900000,0x00000000ec900000,0x00000000ece00000)
 ParOldGen       total 68608K, used 6763K [0x00000000c0000000, 0x00000000c4300000, 0x00000000eab00000)
  object space 68608K, 9% used [0x00000000c0000000,0x00000000c069afc8,0x00000000c4300000)
 Metaspace       used 21137K, committed 21504K, reserved 1114112K
  class space    used 2123K, committed 2304K, reserved 1048576K
}
Event: 50.446 GC heap before
{Heap before GC invocations=6 (full 1):
 PSYoungGen      total 29696K, used 4068K [0x00000000eab00000, 0x00000000ece00000, 0x0000000100000000)
  eden space 25600K, 0% used [0x00000000eab00000,0x00000000eab00000,0x00000000ec400000)
  from space 4096K, 99% used [0x00000000ec400000,0x00000000ec7f9118,0x00000000ec800000)
  to   space 5120K, 0% used [0x00000000ec900000,0x00000000ec900000,0x00000000ece00000)
 ParOldGen       total 68608K, used 6763K [0x00000000c0000000, 0x00000000c4300000, 0x00000000eab00000)
  object space 68608K, 9% used [0x00000000c0000000,0x00000000c069afc8,0x00000000c4300000)
 Metaspace       used 21137K, committed 21504K, reserved 1114112K
  class space    used 2123K, committed 2304K, reserved 1048576K
}
Event: 50.518 GC heap after
{Heap after GC invocations=6 (full 1):
 PSYoungGen      total 29696K, used 0K [0x00000000eab00000, 0x00000000ece00000, 0x0000000100000000)
  eden space 25600K, 0% used [0x00000000eab00000,0x00000000eab00000,0x00000000ec400000)
  from space 4096K, 0% used [0x00000000ec400000,0x00000000ec400000,0x00000000ec800000)
  to   space 5120K, 0% used [0x00000000ec900000,0x00000000ec900000,0x00000000ece00000)
 ParOldGen       total 68608K, used 10463K [0x00000000c0000000, 0x00000000c4300000, 0x00000000eab00000)
  object space 68608K, 15% used [0x00000000c0000000,0x00000000c0a37ff0,0x00000000c4300000)
 Metaspace       used 21137K, committed 21504K, reserved 1114112K
  class space    used 2123K, committed 2304K, reserved 1048576K
}
Event: 53.995 GC heap before
{Heap before GC invocations=7 (full 1):
 PSYoungGen      total 29696K, used 25600K [0x00000000eab00000, 0x00000000ece00000, 0x0000000100000000)
  eden space 25600K, 100% used [0x00000000eab00000,0x00000000ec400000,0x00000000ec400000)
  from space 4096K, 0% used [0x00000000ec400000,0x00000000ec400000,0x00000000ec800000)
  to   space 5120K, 0% used [0x00000000ec900000,0x00000000ec900000,0x00000000ece00000)
 ParOldGen       total 68608K, used 10463K [0x00000000c0000000, 0x00000000c4300000, 0x00000000eab00000)
  object space 68608K, 15% used [0x00000000c0000000,0x00000000c0a37ff0,0x00000000c4300000)
 Metaspace       used 24426K, committed 24960K, reserved 1114112K
  class space    used 2469K, committed 2688K, reserved 1048576K
}
Event: 54.002 GC heap after
{Heap after GC invocations=7 (full 1):
 PSYoungGen      total 26624K, used 1451K [0x00000000eab00000, 0x00000000eca80000, 0x0000000100000000)
  eden space 25088K, 0% used [0x00000000eab00000,0x00000000eab00000,0x00000000ec380000)
  from space 1536K, 94% used [0x00000000ec900000,0x00000000eca6aea8,0x00000000eca80000)
  to   space 3072K, 0% used [0x00000000ec480000,0x00000000ec480000,0x00000000ec780000)
 ParOldGen       total 68608K, used 10471K [0x00000000c0000000, 0x00000000c4300000, 0x00000000eab00000)
  object space 68608K, 15% used [0x00000000c0000000,0x00000000c0a39ff0,0x00000000c4300000)
 Metaspace       used 24426K, committed 24960K, reserved 1114112K
  class space    used 2469K, committed 2688K, reserved 1048576K
}
Event: 57.528 GC heap before
{Heap before GC invocations=8 (full 1):
 PSYoungGen      total 26624K, used 26539K [0x00000000eab00000, 0x00000000eca80000, 0x0000000100000000)
  eden space 25088K, 100% used [0x00000000eab00000,0x00000000ec380000,0x00000000ec380000)
  from space 1536K, 94% used [0x00000000ec900000,0x00000000eca6aea8,0x00000000eca80000)
  to   space 3072K, 0% used [0x00000000ec480000,0x00000000ec480000,0x00000000ec780000)
 ParOldGen       total 68608K, used 10471K [0x00000000c0000000, 0x00000000c4300000, 0x00000000eab00000)
  object space 68608K, 15% used [0x00000000c0000000,0x00000000c0a39ff0,0x00000000c4300000)
 Metaspace       used 27740K, committed 28352K, reserved 1114112K
  class space    used 2817K, committed 3072K, reserved 1048576K
}
Event: 57.534 GC heap after
{Heap after GC invocations=8 (full 1):
 PSYoungGen      total 27648K, used 3051K [0x00000000eab00000, 0x00000000eca00000, 0x0000000100000000)
  eden space 24576K, 0% used [0x00000000eab00000,0x00000000eab00000,0x00000000ec300000)
  from space 3072K, 99% used [0x00000000ec480000,0x00000000ec77ad70,0x00000000ec780000)
  to   space 2560K, 0% used [0x00000000ec780000,0x00000000ec780000,0x00000000eca00000)
 ParOldGen       total 68608K, used 10639K [0x00000000c0000000, 0x00000000c4300000, 0x00000000eab00000)
  object space 68608K, 15% used [0x00000000c0000000,0x00000000c0a63ff0,0x00000000c4300000)
 Metaspace       used 27740K, committed 28352K, reserved 1114112K
  class space    used 2817K, committed 3072K, reserved 1048576K
}
Event: 61.099 GC heap before
{Heap before GC invocations=9 (full 1):
 PSYoungGen      total 27648K, used 27627K [0x00000000eab00000, 0x00000000eca00000, 0x0000000100000000)
  eden space 24576K, 100% used [0x00000000eab00000,0x00000000ec300000,0x00000000ec300000)
  from space 3072K, 99% used [0x00000000ec480000,0x00000000ec77ad70,0x00000000ec780000)
  to   space 2560K, 0% used [0x00000000ec780000,0x00000000ec780000,0x00000000eca00000)
 ParOldGen       total 68608K, used 10639K [0x00000000c0000000, 0x00000000c4300000, 0x00000000eab00000)
  object space 68608K, 15% used [0x00000000c0000000,0x00000000c0a63ff0,0x00000000c4300000)
 Metaspace       used 30454K, committed 31168K, reserved 1114112K
  class space    used 3084K, committed 3392K, reserved 1048576K
}
Event: 61.104 GC heap after
{Heap after GC invocations=9 (full 1):
 PSYoungGen      total 26624K, used 2557K [0x00000000eab00000, 0x00000000eca00000, 0x0000000100000000)
  eden space 24064K, 0% used [0x00000000eab00000,0x00000000eab00000,0x00000000ec280000)
  from space 2560K, 99% used [0x00000000ec780000,0x00000000ec9ff418,0x00000000eca00000)
  to   space 3584K, 0% used [0x00000000ec300000,0x00000000ec300000,0x00000000ec680000)
 ParOldGen       total 68608K, used 11120K [0x00000000c0000000, 0x00000000c4300000, 0x00000000eab00000)
  object space 68608K, 16% used [0x00000000c0000000,0x00000000c0adc000,0x00000000c4300000)
 Metaspace       used 30454K, committed 31168K, reserved 1114112K
  class space    used 3084K, committed 3392K, reserved 1048576K
}

Dll operation events (9 events):
Event: 0.134 Loaded shared library c:\Users\user\.vscode\extensions\redhat.java-1.24.0-win32-x64\jre\17.0.8.1-win32-x86_64\bin\java.dll
Event: 2.514 Loaded shared library c:\Users\user\.vscode\extensions\redhat.java-1.24.0-win32-x64\jre\17.0.8.1-win32-x86_64\bin\zip.dll
Event: 2.578 Loaded shared library C:\Users\user\.vscode\extensions\redhat.java-1.24.0-win32-x64\jre\17.0.8.1-win32-x86_64\bin\instrument.dll
Event: 2.767 Loaded shared library C:\Users\user\.vscode\extensions\redhat.java-1.24.0-win32-x64\jre\17.0.8.1-win32-x86_64\bin\net.dll
Event: 2.810 Loaded shared library C:\Users\user\.vscode\extensions\redhat.java-1.24.0-win32-x64\jre\17.0.8.1-win32-x86_64\bin\nio.dll
Event: 2.948 Loaded shared library C:\Users\user\.vscode\extensions\redhat.java-1.24.0-win32-x64\jre\17.0.8.1-win32-x86_64\bin\zip.dll
Event: 3.054 Loaded shared library C:\Users\user\.vscode\extensions\redhat.java-1.24.0-win32-x64\jre\17.0.8.1-win32-x86_64\bin\jimage.dll
Event: 3.585 Loaded shared library c:\Users\user\.vscode\extensions\redhat.java-1.24.0-win32-x64\jre\17.0.8.1-win32-x86_64\bin\verify.dll
Event: 18.062 Loaded shared library C:\Users\user\AppData\Roaming\Code\User\globalStorage\redhat.java\1.24.0\config_win\org.eclipse.equinox.launcher\org.eclipse.equinox.launcher.win32.win32.x86_64_1.2.700.v20221108-1024\eclipse_11801.dll

Deoptimization events (20 events):
Event: 55.541 Thread 0x0000023ca09f36c0 DEOPT PACKING pc=0x0000023c920691b4 sp=0x000000e7baef4030
Event: 55.541 Thread 0x0000023ca09f36c0 DEOPT UNPACKING pc=0x0000023c91a5669e sp=0x000000e7baef3fd0 mode 2
Event: 57.081 Thread 0x0000023ca09f36c0 DEOPT PACKING pc=0x0000023c8a8f011c sp=0x000000e7baef3690
Event: 57.081 Thread 0x0000023ca09f36c0 DEOPT UNPACKING pc=0x0000023c91a56e25 sp=0x000000e7baef2be8 mode 0
Event: 57.103 Thread 0x0000023ca09f36c0 DEOPT PACKING pc=0x0000023c8a8f0214 sp=0x000000e7baef56b0
Event: 57.103 Thread 0x0000023ca09f36c0 DEOPT UNPACKING pc=0x0000023c91a56e25 sp=0x000000e7baef4c08 mode 0
Event: 57.105 Thread 0x0000023ca104d780 Uncommon trap: trap_request=0xffffff45 fr.pc=0x0000023c920bf450 relative=0x0000000000000790
Event: 57.105 Thread 0x0000023ca104d780 Uncommon trap: reason=unstable_if action=reinterpret pc=0x0000023c920bf450 method=java.io.BufferedInputStream.read([BII)I @ 31 c2
Event: 57.105 Thread 0x0000023ca104d780 DEOPT PACKING pc=0x0000023c920bf450 sp=0x000000e7bb4fe7a0
Event: 57.105 Thread 0x0000023ca104d780 DEOPT UNPACKING pc=0x0000023c91a5669e sp=0x000000e7bb4fe778 mode 2
Event: 57.158 Thread 0x0000023ca104d780 Uncommon trap: trap_request=0xffffffde fr.pc=0x0000023c92041fd4 relative=0x0000000000000194
Event: 57.158 Thread 0x0000023ca104d780 Uncommon trap: reason=class_check action=maybe_recompile pc=0x0000023c92041fd4 method=java.io.BufferedInputStream.read1([BII)I @ 39 c2
Event: 57.158 Thread 0x0000023ca104d780 DEOPT PACKING pc=0x0000023c92041fd4 sp=0x000000e7bb4fe310
Event: 57.158 Thread 0x0000023ca104d780 DEOPT UNPACKING pc=0x0000023c91a5669e sp=0x000000e7bb4fe2b8 mode 2
Event: 59.886 Thread 0x0000023ca09f36c0 DEOPT PACKING pc=0x0000023c8a8adf07 sp=0x000000e7baef59f0
Event: 59.894 Thread 0x0000023ca09f36c0 DEOPT UNPACKING pc=0x0000023c91a56e25 sp=0x000000e7baef4f00 mode 0
Event: 61.897 Thread 0x0000023ca104d780 Uncommon trap: trap_request=0xffffff45 fr.pc=0x0000023c920af43c relative=0x000000000000011c
Event: 61.897 Thread 0x0000023ca104d780 Uncommon trap: reason=unstable_if action=reinterpret pc=0x0000023c920af43c method=jdk.internal.org.objectweb.asm.SymbolTable.put(Ljdk/internal/org/objectweb/asm/SymbolTable$Entry;)Ljdk/internal/org/objectweb/asm/SymbolTable$Entry; @ 13 c2
Event: 61.897 Thread 0x0000023ca104d780 DEOPT PACKING pc=0x0000023c920af43c sp=0x000000e7bb4fd390
Event: 61.897 Thread 0x0000023ca104d780 DEOPT UNPACKING pc=0x0000023c91a5669e sp=0x000000e7bb4fd2f0 mode 2

Classes unloaded (0 events):
No events

Classes redefined (0 events):
No events

Internal exceptions (20 events):
Event: 51.356 Thread 0x0000023ca09f36c0 Exception <a 'java/lang/NoSuchMethodError'{0x00000000eb0d0d90}: 'java.lang.Object java.lang.invoke.DirectMethodHandle$Holder.newInvokeSpecial(java.lang.Object, java.lang.Object, java.lang.Object, java.lang.Object, java.lang.Object)'> (0x00000000eb0d0d90) 
thrown [s\src\hotspot\share\interpreter\linkResolver.cpp, line 759]
Event: 52.535 Thread 0x0000023ca09f36c0 Exception <a 'java/lang/NoSuchMethodError'{0x00000000eb4f4918}: 'java.lang.Object java.lang.invoke.DirectMethodHandle$Holder.invokeSpecial(java.lang.Object, java.lang.Object, java.lang.Object, long, java.lang.Object)'> (0x00000000eb4f4918) 
thrown [s\src\hotspot\share\interpreter\linkResolver.cpp, line 759]
Event: 52.537 Thread 0x0000023ca09f36c0 Exception <a 'java/lang/NoSuchMethodError'{0x00000000eb4fcad0}: 'java.lang.Object java.lang.invoke.DirectMethodHandle$Holder.newInvokeSpecial(java.lang.Object, java.lang.Object, java.lang.Object, long)'> (0x00000000eb4fcad0) 
thrown [s\src\hotspot\share\interpreter\linkResolver.cpp, line 759]
Event: 52.538 Thread 0x0000023ca09f36c0 Exception <a 'java/lang/NoSuchMethodError'{0x00000000eb501070}: 'java.lang.Object java.lang.invoke.DirectMethodHandle$Holder.invokeSpecial(java.lang.Object, java.lang.Object, java.lang.Object, java.lang.Object, long)'> (0x00000000eb501070) 
thrown [s\src\hotspot\share\interpreter\linkResolver.cpp, line 759]
Event: 52.539 Thread 0x0000023ca09f36c0 Exception <a 'java/lang/NoSuchMethodError'{0x00000000eb504ee8}: 'java.lang.Object java.lang.invoke.Invokers$Holder.linkToTargetMethod(java.lang.Object, java.lang.Object, long, java.lang.Object)'> (0x00000000eb504ee8) 
thrown [s\src\hotspot\share\interpreter\linkResolver.cpp, line 759]
Event: 52.572 Thread 0x0000023ca09f36c0 Exception <a 'java/lang/NoSuchMethodError'{0x00000000eb5991c0}: 'int java.lang.invoke.DirectMethodHandle$Holder.invokeStaticInit(java.lang.Object, java.lang.Object, java.lang.Object)'> (0x00000000eb5991c0) 
thrown [s\src\hotspot\share\interpreter\linkResolver.cpp, line 759]
Event: 52.589 Thread 0x0000023ca09f36c0 Exception <a 'java/lang/IncompatibleClassChangeError'{0x00000000eb612be8}: Found class java.lang.Object, but interface was expected> (0x00000000eb612be8) 
thrown [s\src\hotspot\share\interpreter\linkResolver.cpp, line 826]
Event: 52.611 Thread 0x0000023ca09f36c0 Exception <a 'java/lang/NoSuchMethodError'{0x00000000eb631498}: 'java.lang.Object java.lang.invoke.DirectMethodHandle$Holder.invokeSpecial(java.lang.Object, java.lang.Object, java.lang.Object, int, java.lang.Object, java.lang.Object)'> (0x00000000eb631498) 
thrown [s\src\hotspot\share\interpreter\linkResolver.cpp, line 759]
Event: 52.616 Thread 0x0000023ca09f36c0 Exception <a 'java/lang/NoSuchMethodError'{0x00000000eb639b90}: 'java.lang.Object java.lang.invoke.DirectMethodHandle$Holder.newInvokeSpecial(java.lang.Object, java.lang.Object, java.lang.Object, int, java.lang.Object)'> (0x00000000eb639b90) 
thrown [s\src\hotspot\share\interpreter\linkResolver.cpp, line 759]
Event: 52.617 Thread 0x0000023ca09f36c0 Exception <a 'java/lang/NoSuchMethodError'{0x00000000eb63dfe8}: 'java.lang.Object java.lang.invoke.DirectMethodHandle$Holder.invokeSpecial(java.lang.Object, java.lang.Object, java.lang.Object, java.lang.Object, int, java.lang.Object)'> (0x00000000eb63dfe8) 
thrown [s\src\hotspot\share\interpreter\linkResolver.cpp, line 759]
Event: 52.620 Thread 0x0000023ca104ebc0 Exception <a 'java/lang/NoSuchMethodError'{0x00000000eb5744f8}: 'java.lang.Object java.lang.invoke.DirectMethodHandle$Holder.invokeSpecial(java.lang.Object, java.lang.Object, int, java.lang.Object, java.lang.Object)'> (0x00000000eb5744f8) 
thrown [s\src\hotspot\share\interpreter\linkResolver.cpp, line 759]
Event: 53.541 Thread 0x0000023ca09f36c0 Exception <a 'java/lang/NoSuchMethodError'{0x00000000ec2089e0}: 'java.lang.Object java.lang.invoke.Invokers$Holder.linkToTargetMethod(java.lang.Object, long, java.lang.Object, java.lang.Object)'> (0x00000000ec2089e0) 
thrown [s\src\hotspot\share\interpreter\linkResolver.cpp, line 759]
Event: 54.290 Thread 0x0000023ca09f36c0 Exception <a 'java/io/FileNotFoundException'{0x00000000eb052118}> (0x00000000eb052118) 
thrown [s\src\hotspot\share\prims\jni.cpp, line 516]
Event: 55.149 Thread 0x0000023ca09f36c0 Exception <a 'java/lang/NoSuchMethodError'{0x00000000eb799e38}: 'void java.lang.invoke.DirectMethodHandle$Holder.invokeSpecial(java.lang.Object, java.lang.Object, java.lang.Object, int)'> (0x00000000eb799e38) 
thrown [s\src\hotspot\share\interpreter\linkResolver.cpp, line 759]
Event: 56.856 Thread 0x0000023ca104d780 Exception <a 'java/lang/NoSuchMethodError'{0x00000000eb9ee058}: 'void java.lang.invoke.DirectMethodHandle$Holder.invokeStatic(java.lang.Object, java.lang.Object, java.lang.Object, java.lang.Object)'> (0x00000000eb9ee058) 
thrown [s\src\hotspot\share\interpreter\linkResolver.cpp, line 759]
Event: 57.267 Thread 0x0000023ca104d780 Exception <a 'java/lang/NoSuchMethodError'{0x00000000ec1f1c60}: 'java.lang.Object java.lang.invoke.DirectMethodHandle$Holder.invokeSpecialIFC(java.lang.Object, java.lang.Object, java.lang.Object, java.lang.Object)'> (0x00000000ec1f1c60) 
thrown [s\src\hotspot\share\interpreter\linkResolver.cpp, line 759]
Event: 58.907 Thread 0x0000023ca09f36c0 Exception <a 'java/io/FileNotFoundException'{0x00000000ebce5fc8}> (0x00000000ebce5fc8) 
thrown [s\src\hotspot\share\prims\jni.cpp, line 516]
Event: 58.907 Thread 0x0000023ca09f36c0 Exception <a 'java/io/FileNotFoundException'{0x00000000ebce6db8}> (0x00000000ebce6db8) 
thrown [s\src\hotspot\share\prims\jni.cpp, line 516]
Event: 58.908 Thread 0x0000023ca09f36c0 Exception <a 'java/io/FileNotFoundException'{0x00000000ebce7bb0}> (0x00000000ebce7bb0) 
thrown [s\src\hotspot\share\prims\jni.cpp, line 516]
Event: 59.940 Thread 0x0000023ca104d780 Exception <a 'java/lang/NoSuchMethodError'{0x00000000ec0f1270}: 'int java.lang.invoke.DirectMethodHandle$Holder.invokeSpecialIFC(java.lang.Object, java.lang.Object, java.lang.Object, java.lang.Object, java.lang.Object)'> (0x00000000ec0f1270) 
thrown [s\src\hotspot\share\interpreter\linkResolver.cpp, line 759]

VM Operations (20 events):
Event: 55.002 Executing VM operation: Cleanup
Event: 55.002 Executing VM operation: Cleanup done
Event: 55.728 Executing VM operation: HandshakeAllThreads
Event: 55.728 Executing VM operation: HandshakeAllThreads done
Event: 56.729 Executing VM operation: Cleanup
Event: 56.729 Executing VM operation: Cleanup done
Event: 56.981 Executing VM operation: HandshakeAllThreads
Event: 56.981 Executing VM operation: HandshakeAllThreads done
Event: 57.521 Executing VM operation: HandshakeAllThreads
Event: 57.521 Executing VM operation: HandshakeAllThreads done
Event: 57.524 Executing VM operation: ParallelGCFailedAllocation
Event: 57.534 Executing VM operation: ParallelGCFailedAllocation done
Event: 58.535 Executing VM operation: Cleanup
Event: 58.561 Executing VM operation: Cleanup done
Event: 60.260 Executing VM operation: HandshakeAllThreads
Event: 60.260 Executing VM operation: HandshakeAllThreads done
Event: 60.260 Executing VM operation: Cleanup
Event: 60.260 Executing VM operation: Cleanup done
Event: 61.099 Executing VM operation: ParallelGCFailedAllocation
Event: 61.104 Executing VM operation: ParallelGCFailedAllocation done

Events (20 events):
Event: 61.270 loading class java/util/stream/Node$Builder done
Event: 61.270 loading class java/util/stream/Nodes$ArrayNode
Event: 61.349 loading class java/util/stream/Nodes$ArrayNode done
Event: 61.349 loading class java/util/stream/Nodes$FixedNodeBuilder done
Event: 61.349 loading class java/util/stream/SortedOps$SizedRefSortingSink
Event: 61.350 loading class java/util/stream/SortedOps$SizedRefSortingSink done
Event: 61.543 loading class java/lang/reflect/UndeclaredThrowableException
Event: 61.544 loading class java/lang/reflect/UndeclaredThrowableException done
Event: 61.577 loading class java/lang/annotation/ElementType
Event: 61.577 loading class java/lang/annotation/ElementType done
Event: 61.578 loading class java/lang/annotation/Documented
Event: 61.578 loading class java/lang/annotation/Documented done
Event: 61.722 loading class java/lang/reflect/ParameterizedType
Event: 61.723 loading class java/lang/reflect/ParameterizedType done
Event: 61.756 loading class java/lang/reflect/WildcardType
Event: 61.757 loading class java/lang/reflect/WildcardType done
Event: 61.766 loading class sun/reflect/generics/tree/TypeVariableSignature
Event: 61.766 loading class sun/reflect/generics/tree/TypeVariableSignature done
Event: 61.840 loading class java/lang/Deprecated
Event: 61.840 loading class java/lang/Deprecated done


Dynamic libraries:
0x00007ff658ac0000 - 0x00007ff658ace000 	c:\Users\user\.vscode\extensions\redhat.java-1.24.0-win32-x64\jre\17.0.8.1-win32-x86_64\bin\java.exe
0x00007ffec9c90000 - 0x00007ffec9e87000 	C:\WINDOWS\SYSTEM32\ntdll.dll
0x00007ffec9790000 - 0x00007ffec984d000 	C:\WINDOWS\System32\KERNEL32.DLL
0x00007ffec78a0000 - 0x00007ffec7b96000 	C:\WINDOWS\System32\KERNELBASE.dll
0x00007ffec7700000 - 0x00007ffec7800000 	C:\WINDOWS\System32\ucrtbase.dll
0x00007ffeb4b90000 - 0x00007ffeb4ba7000 	c:\Users\user\.vscode\extensions\redhat.java-1.24.0-win32-x64\jre\17.0.8.1-win32-x86_64\bin\jli.dll
0x00007ffec9540000 - 0x00007ffec96de000 	C:\WINDOWS\System32\USER32.dll
0x00007ffec7370000 - 0x00007ffec7392000 	C:\WINDOWS\System32\win32u.dll
0x00007ffec8360000 - 0x00007ffec838c000 	C:\WINDOWS\System32\GDI32.dll
0x00007ffec7590000 - 0x00007ffec76aa000 	C:\WINDOWS\System32\gdi32full.dll
0x00007ffeb4270000 - 0x00007ffeb4289000 	c:\Users\user\.vscode\extensions\redhat.java-1.24.0-win32-x64\jre\17.0.8.1-win32-x86_64\bin\VCRUNTIME140.dll
0x00007ffec7800000 - 0x00007ffec789d000 	C:\WINDOWS\System32\msvcp_win.dll
0x00007ffeb6030000 - 0x00007ffeb62ca000 	C:\WINDOWS\WinSxS\amd64_microsoft.windows.common-controls_6595b64144ccf1df_6.0.19041.3570_none_60bb2a3971f3e41a\COMCTL32.dll
0x00007ffec9a70000 - 0x00007ffec9b0e000 	C:\WINDOWS\System32\msvcrt.dll
0x00007ffec9510000 - 0x00007ffec9540000 	C:\WINDOWS\System32\IMM32.DLL
0x00007ffebd460000 - 0x00007ffebd46c000 	c:\Users\user\.vscode\extensions\redhat.java-1.24.0-win32-x64\jre\17.0.8.1-win32-x86_64\bin\vcruntime140_1.dll
0x00007ffead740000 - 0x00007ffead7d1000 	c:\Users\user\.vscode\extensions\redhat.java-1.24.0-win32-x64\jre\17.0.8.1-win32-x86_64\bin\msvcp140.dll
0x00007ffe8fa30000 - 0x00007ffe9067c000 	c:\Users\user\.vscode\extensions\redhat.java-1.24.0-win32-x64\jre\17.0.8.1-win32-x86_64\bin\server\jvm.dll
0x00007ffec9ba0000 - 0x00007ffec9c4e000 	C:\WINDOWS\System32\ADVAPI32.dll
0x00007ffec9330000 - 0x00007ffec93cc000 	C:\WINDOWS\System32\sechost.dll
0x00007ffec93d0000 - 0x00007ffec94f6000 	C:\WINDOWS\System32\RPCRT4.dll
0x00007ffec6920000 - 0x00007ffec696b000 	C:\WINDOWS\SYSTEM32\POWRPROF.dll
0x00007ffec5a90000 - 0x00007ffec5a99000 	C:\WINDOWS\SYSTEM32\WSOCK32.dll
0x00007ffec8e50000 - 0x00007ffec8ebb000 	C:\WINDOWS\System32\WS2_32.dll
0x00007ffeb34d0000 - 0x00007ffeb34f7000 	C:\WINDOWS\SYSTEM32\WINMM.dll
0x00007ffeb7c50000 - 0x00007ffeb7c5a000 	C:\WINDOWS\SYSTEM32\VERSION.dll
0x00007ffec6790000 - 0x00007ffec67a2000 	C:\WINDOWS\SYSTEM32\UMPDC.dll
0x00007ffec5bf0000 - 0x00007ffec5c02000 	C:\WINDOWS\SYSTEM32\kernel.appcore.dll
0x00007ffebd2a0000 - 0x00007ffebd2aa000 	c:\Users\user\.vscode\extensions\redhat.java-1.24.0-win32-x64\jre\17.0.8.1-win32-x86_64\bin\jimage.dll
0x00007ffec5880000 - 0x00007ffec5a64000 	C:\WINDOWS\SYSTEM32\DBGHELP.DLL
0x00007ffeb3420000 - 0x00007ffeb3454000 	C:\WINDOWS\SYSTEM32\dbgcore.DLL
0x00007ffec7500000 - 0x00007ffec7582000 	C:\WINDOWS\System32\bcryptPrimitives.dll
0x00007ffebd220000 - 0x00007ffebd22e000 	c:\Users\user\.vscode\extensions\redhat.java-1.24.0-win32-x64\jre\17.0.8.1-win32-x86_64\bin\instrument.dll
0x00007ffeb06b0000 - 0x00007ffeb06d5000 	c:\Users\user\.vscode\extensions\redhat.java-1.24.0-win32-x64\jre\17.0.8.1-win32-x86_64\bin\java.dll
0x00007ffeb3830000 - 0x00007ffeb3848000 	c:\Users\user\.vscode\extensions\redhat.java-1.24.0-win32-x64\jre\17.0.8.1-win32-x86_64\bin\zip.dll
0x00007ffec84d0000 - 0x00007ffec8c14000 	C:\WINDOWS\System32\SHELL32.dll
0x00007ffec5020000 - 0x00007ffec57bb000 	C:\WINDOWS\SYSTEM32\windows.storage.dll
0x00007ffec8000000 - 0x00007ffec8354000 	C:\WINDOWS\System32\combase.dll
0x00007ffec6db0000 - 0x00007ffec6ddd000 	C:\WINDOWS\SYSTEM32\Wldp.dll
0x00007ffec96e0000 - 0x00007ffec978d000 	C:\WINDOWS\System32\SHCORE.dll
0x00007ffec7d90000 - 0x00007ffec7de5000 	C:\WINDOWS\System32\shlwapi.dll
0x00007ffec72a0000 - 0x00007ffec72c5000 	C:\WINDOWS\SYSTEM32\profapi.dll
0x00007ffeb3700000 - 0x00007ffeb3719000 	C:\Users\user\.vscode\extensions\redhat.java-1.24.0-win32-x64\jre\17.0.8.1-win32-x86_64\bin\net.dll
0x00007ffebb1d0000 - 0x00007ffebb2da000 	C:\WINDOWS\SYSTEM32\WINHTTP.dll
0x00007ffec6b10000 - 0x00007ffec6b7a000 	C:\WINDOWS\system32\mswsock.dll
0x00007ffeb1740000 - 0x00007ffeb1755000 	C:\Users\user\.vscode\extensions\redhat.java-1.24.0-win32-x64\jre\17.0.8.1-win32-x86_64\bin\nio.dll
0x00007ffebd1c0000 - 0x00007ffebd1d0000 	c:\Users\user\.vscode\extensions\redhat.java-1.24.0-win32-x64\jre\17.0.8.1-win32-x86_64\bin\verify.dll
0x00007ffeb0240000 - 0x00007ffeb027e000 	C:\Users\user\AppData\Roaming\Code\User\globalStorage\redhat.java\1.24.0\config_win\org.eclipse.equinox.launcher\org.eclipse.equinox.launcher.win32.win32.x86_64_1.2.700.v20221108-1024\eclipse_11801.dll
0x00007ffec9850000 - 0x00007ffec997b000 	C:\WINDOWS\System32\ole32.dll

dbghelp: loaded successfully - version: 4.0.5 - missing functions: none
symbol engine: initialized successfully - sym options: 0x614 - pdb path: .;c:\Users\user\.vscode\extensions\redhat.java-1.24.0-win32-x64\jre\17.0.8.1-win32-x86_64\bin;C:\WINDOWS\SYSTEM32;C:\WINDOWS\WinSxS\amd64_microsoft.windows.common-controls_6595b64144ccf1df_6.0.19041.3570_none_60bb2a3971f3e41a;c:\Users\user\.vscode\extensions\redhat.java-1.24.0-win32-x64\jre\17.0.8.1-win32-x86_64\bin\server;C:\Users\user\AppData\Roaming\Code\User\globalStorage\redhat.java\1.24.0\config_win\org.eclipse.equinox.launcher\org.eclipse.equinox.launcher.win32.win32.x86_64_1.2.700.v20221108-1024

VM Arguments:
jvm_args: --add-modules=ALL-SYSTEM --add-opens=java.base/java.util=ALL-UNNAMED --add-opens=java.base/java.lang=ALL-UNNAMED --add-opens=java.base/sun.nio.fs=ALL-UNNAMED -Declipse.application=org.eclipse.jdt.ls.core.id1 -Dosgi.bundles.defaultStartLevel=4 -Declipse.product=org.eclipse.jdt.ls.core.product -Djava.import.generatesMetadataFilesAtProjectRoot=false -DDetectVMInstallationsJob.disabled=true -Dfile.encoding=utf8 -XX:+UseParallelGC -XX:GCTimeRatio=4 -XX:AdaptiveSizePolicyWeight=90 -Dsun.zip.disableMemoryMapping=true -Xmx1G -Xms100m -Xlog:disable -javaagent:c:\Users\user\.vscode\extensions\redhat.java-1.24.0-win32-x64\lombok\lombok-1.18.30.jar -XX:+HeapDumpOnOutOfMemoryError -XX:HeapDumpPath=c:\Users\user\AppData\Roaming\Code\User\workspaceStorage\916f89e3761012da6c16be9eb5698581\redhat.java -Daether.dependencyCollector.impl=bf 
java_command: c:\Users\user\.vscode\extensions\redhat.java-1.24.0-win32-x64\server\plugins\org.eclipse.equinox.launcher_1.6.500.v20230717-2134.jar -configuration c:\Users\user\AppData\Roaming\Code\User\globalStorage\redhat.java\1.24.0\config_win -data c:\Users\user\AppData\Roaming\Code\User\workspaceStorage\916f89e3761012da6c16be9eb5698581\redhat.java\jdt_ws --stdio
java_class_path (initial): c:\Users\user\.vscode\extensions\redhat.java-1.24.0-win32-x64\server\plugins\org.eclipse.equinox.launcher_1.6.500.v20230717-2134.jar
Launcher Type: SUN_STANDARD

[Global flags]
    uintx AdaptiveSizePolicyWeight                 = 90                                        {product} {command line}
     intx CICompilerCount                          = 3                                         {product} {ergonomic}
    uintx GCTimeRatio                              = 4                                         {product} {command line}
     bool HeapDumpOnOutOfMemoryError               = true                                   {manageable} {command line}
    ccstr HeapDumpPath                             = c:\Users\user\AppData\Roaming\Code\User\workspaceStorage\916f89e3761012da6c16be9eb5698581\redhat.java         {manageable} {command line}
   size_t InitialHeapSize                          = 104857600                                 {product} {command line}
   size_t MaxHeapSize                              = 1073741824                                {product} {command line}
   size_t MaxNewSize                               = 357564416                                 {product} {ergonomic}
   size_t MinHeapDeltaBytes                        = 524288                                    {product} {ergonomic}
   size_t MinHeapSize                              = 104857600                                 {product} {command line}
   size_t NewSize                                  = 34603008                                  {product} {ergonomic}
    uintx NonNMethodCodeHeapSize                   = 5832780                                {pd product} {ergonomic}
    uintx NonProfiledCodeHeapSize                  = 122912730                              {pd product} {ergonomic}
   size_t OldSize                                  = 70254592                                  {product} {ergonomic}
    uintx ProfiledCodeHeapSize                     = 122912730                              {pd product} {ergonomic}
    uintx ReservedCodeCacheSize                    = 251658240                              {pd product} {ergonomic}
     bool SegmentedCodeCache                       = true                                      {product} {ergonomic}
   size_t SoftMaxHeapSize                          = 1073741824                             {manageable} {ergonomic}
     bool UseCompressedClassPointers               = true                           {product lp64_product} {ergonomic}
     bool UseCompressedOops                        = true                           {product lp64_product} {ergonomic}
     bool UseLargePagesIndividualAllocation        = false                                  {pd product} {ergonomic}
     bool UseParallelGC                            = true                                      {product} {command line}

Logging:
Log output configuration:
 #0: stdout all=off uptime,level,tags
 #1: stderr all=off uptime,level,tags

Environment Variables:
JAVA_HOME=C:\Program Files\Java\jdk1.8.0_202
PATH=C:\Program Files\Common Files\Oracle\Java\javapath;C:\Program Files (x86)\Common Files\Oracle\Java\javapath;C:\WINDOWS\system32;C:\WINDOWS;C:\WINDOWS\System32\Wbem;C:\WINDOWS\System32\WindowsPowerShell\v1.0\;C:\WINDOWS\System32\OpenSSH\;C:\Program Files (x86)\Skype\Phone\;C:\Program Files\dotnet\;C:\Program Files\Git\cmd;C:\src\flutter\flutter\bin;C:\Users\user\AppData\Local\Microsoft\WindowsApps;C:\Users\user\AppData\Local\Programs\Microsoft VS Code\bin;C:\src\flutter\flutter\bin;C:\Users\user\AppData\Local\Android\Sdk\platform-tools;C:\Users\user\AppData\Local\Android\Sdk\tools;C:\Program Files\Java\jdk1.8.0_202\bin\joel;
USERNAME=user
OS=Windows_NT
PROCESSOR_IDENTIFIER=Intel64 Family 6 Model 55 Stepping 8, GenuineIntel
TMP=C:\Users\user\AppData\Local\Temp
TEMP=C:\Users\user\AppData\Local\Temp



---------------  S Y S T E M  ---------------

OS:
 Windows 10 , 64 bit Build 19041 (10.0.19041.3570)
OS uptime: 4 days 2:19 hours

CPU: total 4 (initial active 4) (4 cores per cpu, 1 threads per core) family 6 model 55 stepping 8 microcode 0x838, cx8, cmov, fxsr, mmx, 3dnowpref, sse, sse2, sse3, ssse3, sse4.1, sse4.2, popcnt, tsc, tscinvbit, erms, clmul, clflush
Processor Information for all 4 processors :
  Max Mhz: 1827, Current Mhz: 1827, Mhz Limit: 1827

Memory: 4k page, system-wide physical 3838M (299M free)
TotalPageFile size 7934M (AvailPageFile size 14M)
current process WorkingSet (physical memory assigned to process): 133M, peak: 138M
current process commit charge ("private bytes"): 226M, peak: 231M

vm_info: OpenJDK 64-Bit Server VM (17.0.8.1+1) for windows-amd64 JRE (17.0.8.1+1), built on Aug 23 2023 15:29:17 by "admin" with MS VC++ 16.7 (VS2019)

END.
