#
# There is insufficient memory for the Java Runtime Environment to continue.
# Native memory allocation (mmap) failed to map 54525952 bytes for G1 virtual space
# Possible reasons:
#   The system is out of physical RAM or swap space
#   The process is running with CompressedOops enabled, and the Java Heap may be blocking the growth of the native heap
# Possible solutions:
#   Reduce memory load on the system
#   Increase physical memory or swap space
#   Check if swap backing store is full
#   Decrease Java heap size (-Xmx/-Xms)
#   Decrease number of Java threads
#   Decrease Java thread stack sizes (-Xss)
#   Set larger code cache with -XX:ReservedCodeCacheSize=
#   JVM is running with Unscaled Compressed Oops mode in which the Java heap is
#     placed in the first 4GB address space. The Java Heap base address is the
#     maximum limit for the native heap growth. Please use -XX:HeapBaseMinAddress
#     to set the Java Heap base and to place the Java Heap above 4GB virtual address.
# This output file may be truncated or incomplete.
#
#  Out of Memory Error (os_windows.cpp:3769), pid=6548, tid=13392
#
# JRE version: OpenJDK Runtime Environment (17.0.6) (build 17.0.6+0-b2043.56-10027231)
# Java VM: OpenJDK 64-Bit Server VM (17.0.6+0-b2043.56-10027231, mixed mode, tiered, compressed oops, compressed class ptrs, g1 gc, windows-amd64)
# No core dump will be written. Minidumps are not enabled by default on client versions of Windows
#

---------------  S U M M A R Y ------------

Command Line: --add-opens=java.base/java.util=ALL-UNNAMED --add-opens=java.base/java.lang=ALL-UNNAMED --add-opens=java.base/java.lang.invoke=ALL-UNNAMED --add-opens=java.base/java.util=ALL-UNNAMED --add-opens=java.prefs/java.util.prefs=ALL-UNNAMED --add-opens=java.prefs/java.util.prefs=ALL-UNNAMED --add-opens=java.base/java.nio.charset=ALL-UNNAMED --add-opens=java.base/java.net=ALL-UNNAMED --add-opens=java.base/java.util.concurrent.atomic=ALL-UNNAMED -Xmx2048m -Dfile.encoding=UTF-8 -Duser.country=FR -Duser.language=fr -Duser.variant org.gradle.launcher.daemon.bootstrap.GradleDaemon 7.5

Host: Intel(R) Celeron(R) CPU  N2940  @ 1.83GHz, 4 cores, 3G,  Windows 10 , 64 bit Build 19041 (10.0.19041.3570)
Time: Fri Nov 10 10:40:33 2023 Afr. centrale Ouest elapsed time: 528.943957 seconds (0d 0h 8m 48s)

---------------  T H R E A D  ---------------

Current thread (0x000001dfbbaed050):  VMThread "VM Thread" [stack: 0x00000075e8b00000,0x00000075e8c00000] [id=13392]

Stack: [0x00000075e8b00000,0x00000075e8c00000]
Native frames: (J=compiled Java code, j=interpreted, Vv=VM code, C=native code)
V  [jvm.dll+0x683c9a]
V  [jvm.dll+0x8427a4]
V  [jvm.dll+0x843f9e]
V  [jvm.dll+0x844603]
V  [jvm.dll+0x249b75]
V  [jvm.dll+0x680b69]
V  [jvm.dll+0x67505a]
V  [jvm.dll+0x309acb]
V  [jvm.dll+0x310f86]
V  [jvm.dll+0x3608ee]
V  [jvm.dll+0x360b1f]
V  [jvm.dll+0x2dfbf8]
V  [jvm.dll+0x2e2ce6]
V  [jvm.dll+0x2ed478]
V  [jvm.dll+0x322150]
V  [jvm.dll+0x848ccb]
V  [jvm.dll+0x849a04]
V  [jvm.dll+0x849f1d]
V  [jvm.dll+0x84a2f4]
V  [jvm.dll+0x84a3c0]
V  [jvm.dll+0x7f274a]
V  [jvm.dll+0x682ad5]
C  [ucrtbase.dll+0x21bb2]
C  [KERNEL32.DLL+0x17344]
C  [ntdll.dll+0x526b1]

VM_Operation (0x00000075e87ffa90): G1Concurrent, mode: safepoint, requested by thread 0x000001dfa25d7c60


---------------  P R O C E S S  ---------------

Threads class SMR info:
_java_thread_list=0x000001dfc3841e20, length=84, elements={
0x000001dfa03fe800, 0x000001dfbbaf5090, 0x000001dfbbb2a020, 0x000001dfbbb16030,
0x000001dfbc538070, 0x000001dfbc538930, 0x000001dfbc5391f0, 0x000001dfbc539b60,
0x000001dfbc540530, 0x000001dfbc556b10, 0x000001dfbc6a01d0, 0x000001dfbc6a2ec0,
0x000001dfbd4e72c0, 0x000001dfbcab8390, 0x000001dfbda71100, 0x000001dfbdc0aa60,
0x000001dfbd9a3f70, 0x000001dfbdc07a60, 0x000001dfbcc11f60, 0x000001dfbd02d7d0,
0x000001dfbd02c960, 0x000001dfbd02bfc0, 0x000001dfbd02baf0, 0x000001dfbd02dca0,
0x000001dfbd02ce30, 0x000001dfbd02d300, 0x000001dfbd02e170, 0x000001dfbd02b150,
0x000001dfbefee7d0, 0x000001dfbefede30, 0x000001dfbeff17f0, 0x000001dfbefeeca0,
0x000001dfbefef170, 0x000001dfbeff1320, 0x000001dfbefed960, 0x000001dfbeff04b0,
0x000001dfbeff2660, 0x000001dfbeff0e50, 0x000001dfbefed490, 0x000001dfbeff2190,
0x000001dfbeff2b30, 0x000001dfbefeb2e0, 0x000001dfbefeb7b0, 0x000001dfbefebc80,
0x000001dfbd02a7b0, 0x000001dfbd02b620, 0x000001dfbd02c490, 0x000001dfc0dd9b60,
0x000001dfc0ddd9f0, 0x000001dfc0de0070, 0x000001dfc0dda030, 0x000001dfc0dddec0,
0x000001dfc0dde390, 0x000001dfc0ddf6d0, 0x000001dfc0dda500, 0x000001dfc0ddb840,
0x000001dfc0dda9d0, 0x000001dfc0ddaea0, 0x000001dfc0ddbd10, 0x000001dfc0ddd050,
0x000001dfc0ddfba0, 0x000001dfc0ddb370, 0x000001dfc0de0540, 0x000001dfc0ddc1e0,
0x000001dfc0ddc6b0, 0x000001dfc0dd9690, 0x000001dfc0ddcb80, 0x000001dfc0de0a10,
0x000001dfc0ddd520, 0x000001dfc0dde860, 0x000001dfc0ddf200, 0x000001dfc0dded30,
0x000001dfc0de0ee0, 0x000001dfbf12beb0, 0x000001dfbf125000, 0x000001dfbf1259a0,
0x000001dfbf1271b0, 0x000001dfbf12c850, 0x000001dfbf1289c0, 0x000001dfbf12b040,
0x000001dfbf128e90, 0x000001dfbf126340, 0x000001dfbf129360, 0x000001dfbf126810
}

Java Threads: ( => current thread )
  0x000001dfa03fe800 JavaThread "main" [_thread_blocked, id=12692, stack(0x00000075e8500000,0x00000075e8600000)]
  0x000001dfbbaf5090 JavaThread "Reference Handler" daemon [_thread_blocked, id=8468, stack(0x00000075e8c00000,0x00000075e8d00000)]
  0x000001dfbbb2a020 JavaThread "Finalizer" daemon [_thread_blocked, id=7208, stack(0x00000075e8d00000,0x00000075e8e00000)]
  0x000001dfbbb16030 JavaThread "Signal Dispatcher" daemon [_thread_blocked, id=6008, stack(0x00000075e8e00000,0x00000075e8f00000)]
  0x000001dfbc538070 JavaThread "Attach Listener" daemon [_thread_blocked, id=13268, stack(0x00000075e8f00000,0x00000075e9000000)]
  0x000001dfbc538930 JavaThread "Service Thread" daemon [_thread_blocked, id=5288, stack(0x00000075e9000000,0x00000075e9100000)]
  0x000001dfbc5391f0 JavaThread "Monitor Deflation Thread" daemon [_thread_blocked, id=6820, stack(0x00000075e9100000,0x00000075e9200000)]
  0x000001dfbc539b60 JavaThread "C2 CompilerThread0" daemon [_thread_blocked, id=9108, stack(0x00000075e9200000,0x00000075e9300000)]
  0x000001dfbc540530 JavaThread "C1 CompilerThread0" daemon [_thread_blocked, id=11888, stack(0x00000075e9300000,0x00000075e9400000)]
  0x000001dfbc556b10 JavaThread "Sweeper thread" daemon [_thread_blocked, id=13676, stack(0x00000075e9400000,0x00000075e9500000)]
  0x000001dfbc6a01d0 JavaThread "Common-Cleaner" daemon [_thread_blocked, id=10412, stack(0x00000075e9500000,0x00000075e9600000)]
  0x000001dfbc6a2ec0 JavaThread "Notification Thread" daemon [_thread_blocked, id=14128, stack(0x00000075e9600000,0x00000075e9700000)]
  0x000001dfbd4e72c0 JavaThread "Daemon health stats" [_thread_blocked, id=13112, stack(0x00000075e9b00000,0x00000075e9c00000)]
  0x000001dfbcab8390 JavaThread "Incoming local TCP Connector on port 58685" [_thread_in_native, id=7252, stack(0x00000075e8200000,0x00000075e8300000)]
  0x000001dfbda71100 JavaThread "Daemon periodic checks" [_thread_blocked, id=12956, stack(0x00000075e8300000,0x00000075e8400000)]
  0x000001dfbdc0aa60 JavaThread "Daemon" [_thread_blocked, id=9432, stack(0x00000075e9d00000,0x00000075e9e00000)]
  0x000001dfbd9a3f70 JavaThread "Handler for socket connection from /127.0.0.1:58685 to /127.0.0.1:58695" [_thread_in_native, id=11400, stack(0x00000075e9e00000,0x00000075e9f00000)]
  0x000001dfbdc07a60 JavaThread "Cancel handler" [_thread_blocked, id=14176, stack(0x00000075e9f00000,0x00000075ea000000)]
  0x000001dfbcc11f60 JavaThread "Daemon worker" [_thread_blocked, id=13592, stack(0x00000075ea000000,0x00000075ea100000)]
  0x000001dfbd02d7d0 JavaThread "Asynchronous log dispatcher for DefaultDaemonConnection: socket connection from /127.0.0.1:58685 to /127.0.0.1:58695" [_thread_blocked, id=12776, stack(0x00000075ea100000,0x00000075ea200000)]
  0x000001dfbd02c960 JavaThread "Daemon client event forwarder" [_thread_blocked, id=9364, stack(0x00000075ea300000,0x00000075ea400000)]
  0x000001dfbd02bfc0 JavaThread "Cache worker for journal cache (C:\Users\user\.gradle\caches\journal-1)" [_thread_blocked, id=8020, stack(0x00000075ea400000,0x00000075ea500000)]
  0x000001dfbd02baf0 JavaThread "File lock request listener" [_thread_in_native, id=10652, stack(0x00000075ea500000,0x00000075ea600000)]
  0x000001dfbd02dca0 JavaThread "Cache worker for file hash cache (C:\Users\user\.gradle\caches\7.5\fileHashes)" [_thread_blocked, id=7728, stack(0x00000075ea600000,0x00000075ea700000)]
  0x000001dfbd02ce30 JavaThread "File watcher server" daemon [_thread_in_native, id=10620, stack(0x00000075ea700000,0x00000075ea800000)]
  0x000001dfbd02d300 JavaThread "File watcher consumer" daemon [_thread_blocked, id=14024, stack(0x00000075ea800000,0x00000075ea900000)]
  0x000001dfbd02e170 JavaThread "jar transforms" [_thread_blocked, id=4640, stack(0x00000075ea900000,0x00000075eaa00000)]
  0x000001dfbd02b150 JavaThread "jar transforms Thread 2" [_thread_blocked, id=13688, stack(0x00000075eaa00000,0x00000075eab00000)]
  0x000001dfbefee7d0 JavaThread "jar transforms Thread 3" [_thread_blocked, id=12440, stack(0x00000075eab00000,0x00000075eac00000)]
  0x000001dfbefede30 JavaThread "jar transforms Thread 4" [_thread_blocked, id=8220, stack(0x00000075eac00000,0x00000075ead00000)]
  0x000001dfbeff17f0 JavaThread "Cache worker for checksums cache (C:\Users\user\Desktop\app\Project Files V5\AskAI\.gradle\7.5\checksums)" [_thread_blocked, id=13940, stack(0x00000075e8400000,0x00000075e8500000)]
  0x000001dfbefeeca0 JavaThread "Cache worker for cache directory md-rule (C:\Users\user\.gradle\caches\7.5\md-rule)" [_thread_blocked, id=14104, stack(0x00000075ea200000,0x00000075ea300000)]
  0x000001dfbefef170 JavaThread "Cache worker for file content cache (C:\Users\user\.gradle\caches\7.5\fileContent)" [_thread_blocked, id=5824, stack(0x00000075ead00000,0x00000075eae00000)]
  0x000001dfbeff1320 JavaThread "Cache worker for file hash cache (C:\Users\user\Desktop\app\Project Files V5\AskAI\.gradle\7.5\fileHashes)" [_thread_blocked, id=252, stack(0x00000075eae00000,0x00000075eaf00000)]
  0x000001dfbefed960 JavaThread "Cache worker for cache directory md-supplier (C:\Users\user\.gradle\caches\7.5\md-supplier)" [_thread_blocked, id=9416, stack(0x00000075eaf00000,0x00000075eb000000)]
  0x000001dfbeff04b0 JavaThread "Cache worker for execution history cache (C:\Users\user\.gradle\caches\7.5\executionHistory)" [_thread_blocked, id=10484, stack(0x00000075eb000000,0x00000075eb100000)]
  0x000001dfbeff2660 JavaThread "Cache worker for dependencies-accessors (C:\Users\user\Desktop\app\Project Files V5\AskAI\.gradle\7.5\dependencies-accessors)" [_thread_blocked, id=13976, stack(0x00000075e9c00000,0x00000075e9d00000)]
  0x000001dfbeff0e50 JavaThread "Cache worker for Build Output Cleanup Cache (C:\Users\user\Desktop\app\Project Files V5\AskAI\.gradle\buildOutputCleanup)" [_thread_blocked, id=12632, stack(0x00000075eb100000,0x00000075eb200000)]
  0x000001dfbefed490 JavaThread "Unconstrained build operations" [_thread_blocked, id=4784, stack(0x00000075eb300000,0x00000075eb400000)]
  0x000001dfbeff2190 JavaThread "Unconstrained build operations Thread 2" [_thread_blocked, id=7200, stack(0x00000075eb400000,0x00000075eb500000)]
  0x000001dfbeff2b30 JavaThread "Unconstrained build operations Thread 3" [_thread_blocked, id=13264, stack(0x00000075eb500000,0x00000075eb600000)]
  0x000001dfbefeb2e0 JavaThread "Unconstrained build operations Thread 4" [_thread_blocked, id=13476, stack(0x00000075eb600000,0x00000075eb700000)]
  0x000001dfbefeb7b0 JavaThread "Unconstrained build operations Thread 5" [_thread_blocked, id=2520, stack(0x00000075eb700000,0x00000075eb800000)]
  0x000001dfbefebc80 JavaThread "Unconstrained build operations Thread 6" [_thread_blocked, id=9996, stack(0x00000075eb800000,0x00000075eb900000)]
  0x000001dfbd02a7b0 JavaThread "Unconstrained build operations Thread 7" [_thread_blocked, id=13920, stack(0x00000075eb900000,0x00000075eba00000)]
  0x000001dfbd02b620 JavaThread "Unconstrained build operations Thread 8" [_thread_blocked, id=13372, stack(0x00000075eba00000,0x00000075ebb00000)]
  0x000001dfbd02c490 JavaThread "Unconstrained build operations Thread 9" [_thread_blocked, id=12024, stack(0x00000075ebb00000,0x00000075ebc00000)]
  0x000001dfc0dd9b60 JavaThread "Unconstrained build operations Thread 10" [_thread_blocked, id=12668, stack(0x00000075ebc00000,0x00000075ebd00000)]
  0x000001dfc0ddd9f0 JavaThread "Unconstrained build operations Thread 11" [_thread_blocked, id=7440, stack(0x00000075ebd00000,0x00000075ebe00000)]
  0x000001dfc0de0070 JavaThread "Unconstrained build operations Thread 12" [_thread_blocked, id=6380, stack(0x00000075ebe00000,0x00000075ebf00000)]
  0x000001dfc0dda030 JavaThread "Unconstrained build operations Thread 13" [_thread_blocked, id=10084, stack(0x00000075ebf00000,0x00000075ec000000)]
  0x000001dfc0dddec0 JavaThread "Unconstrained build operations Thread 14" [_thread_blocked, id=3120, stack(0x00000075ec000000,0x00000075ec100000)]
  0x000001dfc0dde390 JavaThread "Unconstrained build operations Thread 15" [_thread_blocked, id=5692, stack(0x00000075ec100000,0x00000075ec200000)]
  0x000001dfc0ddf6d0 JavaThread "Unconstrained build operations Thread 16" [_thread_blocked, id=3372, stack(0x00000075ec200000,0x00000075ec300000)]
  0x000001dfc0dda500 JavaThread "Unconstrained build operations Thread 17" [_thread_blocked, id=13228, stack(0x00000075ec300000,0x00000075ec400000)]
  0x000001dfc0ddb840 JavaThread "Unconstrained build operations Thread 18" [_thread_blocked, id=5184, stack(0x00000075ec400000,0x00000075ec500000)]
  0x000001dfc0dda9d0 JavaThread "Unconstrained build operations Thread 19" [_thread_blocked, id=2000, stack(0x00000075ec500000,0x00000075ec600000)]
  0x000001dfc0ddaea0 JavaThread "Unconstrained build operations Thread 20" [_thread_blocked, id=13532, stack(0x00000075ec600000,0x00000075ec700000)]
  0x000001dfc0ddbd10 JavaThread "Unconstrained build operations Thread 21" [_thread_blocked, id=9408, stack(0x00000075ec700000,0x00000075ec800000)]
  0x000001dfc0ddd050 JavaThread "Unconstrained build operations Thread 22" [_thread_blocked, id=6876, stack(0x00000075ec800000,0x00000075ec900000)]
  0x000001dfc0ddfba0 JavaThread "Unconstrained build operations Thread 23" [_thread_blocked, id=1384, stack(0x00000075ec900000,0x00000075eca00000)]
  0x000001dfc0ddb370 JavaThread "Unconstrained build operations Thread 24" [_thread_blocked, id=10980, stack(0x00000075eca00000,0x00000075ecb00000)]
  0x000001dfc0de0540 JavaThread "Unconstrained build operations Thread 25" [_thread_blocked, id=8492, stack(0x00000075ecb00000,0x00000075ecc00000)]
  0x000001dfc0ddc1e0 JavaThread "Unconstrained build operations Thread 26" [_thread_blocked, id=10996, stack(0x00000075ecc00000,0x00000075ecd00000)]
  0x000001dfc0ddc6b0 JavaThread "Unconstrained build operations Thread 27" [_thread_blocked, id=12824, stack(0x00000075ecd00000,0x00000075ece00000)]
  0x000001dfc0dd9690 JavaThread "Unconstrained build operations Thread 28" [_thread_blocked, id=11420, stack(0x00000075ece00000,0x00000075ecf00000)]
  0x000001dfc0ddcb80 JavaThread "Unconstrained build operations Thread 29" [_thread_blocked, id=3548, stack(0x00000075ecf00000,0x00000075ed000000)]
  0x000001dfc0de0a10 JavaThread "Unconstrained build operations Thread 30" [_thread_blocked, id=3756, stack(0x00000075ed000000,0x00000075ed100000)]
  0x000001dfc0ddd520 JavaThread "Unconstrained build operations Thread 31" [_thread_blocked, id=3740, stack(0x00000075ed100000,0x00000075ed200000)]
  0x000001dfc0dde860 JavaThread "Unconstrained build operations Thread 32" [_thread_blocked, id=6216, stack(0x00000075ed200000,0x00000075ed300000)]
  0x000001dfc0ddf200 JavaThread "Unconstrained build operations Thread 33" [_thread_blocked, id=13900, stack(0x00000075ed300000,0x00000075ed400000)]
  0x000001dfc0dded30 JavaThread "Unconstrained build operations Thread 34" [_thread_blocked, id=6388, stack(0x00000075ed400000,0x00000075ed500000)]
  0x000001dfc0de0ee0 JavaThread "Unconstrained build operations Thread 35" [_thread_blocked, id=5720, stack(0x00000075ed500000,0x00000075ed600000)]
  0x000001dfbf12beb0 JavaThread "Unconstrained build operations Thread 36" [_thread_blocked, id=14136, stack(0x00000075ed600000,0x00000075ed700000)]
  0x000001dfbf125000 JavaThread "Unconstrained build operations Thread 37" [_thread_blocked, id=5960, stack(0x00000075ed700000,0x00000075ed800000)]
  0x000001dfbf1259a0 JavaThread "Unconstrained build operations Thread 38" [_thread_blocked, id=14252, stack(0x00000075ed800000,0x00000075ed900000)]
  0x000001dfbf1271b0 JavaThread "Unconstrained build operations Thread 39" [_thread_blocked, id=2544, stack(0x00000075ed900000,0x00000075eda00000)]
  0x000001dfbf12c850 JavaThread "Unconstrained build operations Thread 40" [_thread_blocked, id=4044, stack(0x00000075eda00000,0x00000075edb00000)]
  0x000001dfbf1289c0 JavaThread "Memory manager" [_thread_blocked, id=1568, stack(0x00000075eb200000,0x00000075eb300000)]
  0x000001dfbf12b040 JavaThread "Execution worker" [_thread_blocked, id=13880, stack(0x00000075edc00000,0x00000075edd00000)]
  0x000001dfbf128e90 JavaThread "Execution worker Thread 2" [_thread_blocked, id=13464, stack(0x00000075edd00000,0x00000075ede00000)]
  0x000001dfbf126340 JavaThread "Execution worker Thread 3" [_thread_blocked, id=8136, stack(0x00000075ede00000,0x00000075edf00000)]
  0x000001dfbf129360 JavaThread "Cache worker for execution history cache (C:\Users\user\Desktop\app\Project Files V5\AskAI\.gradle\7.5\executionHistory)" [_thread_blocked, id=14208, stack(0x00000075edf00000,0x00000075ee000000)]
  0x000001dfbf126810 JavaThread "idea-tooling-model-converter" [_thread_blocked, id=9436, stack(0x00000075ee000000,0x00000075ee100000)]

Other Threads:
=>0x000001dfbbaed050 VMThread "VM Thread" [stack: 0x00000075e8b00000,0x00000075e8c00000] [id=13392]
  0x000001dfbc6c9030 WatcherThread [stack: 0x00000075e9700000,0x00000075e9800000] [id=9812]
  0x000001dfa25c6670 GCTaskThread "GC Thread#0" [stack: 0x00000075e8600000,0x00000075e8700000] [id=10792]
  0x000001dfbccc3b30 GCTaskThread "GC Thread#1" [stack: 0x00000075e9800000,0x00000075e9900000] [id=6460]
  0x000001dfbce73a30 GCTaskThread "GC Thread#2" [stack: 0x00000075e9900000,0x00000075e9a00000] [id=1428]
  0x000001dfbcb66d50 GCTaskThread "GC Thread#3" [stack: 0x00000075e9a00000,0x00000075e9b00000] [id=11564]
  0x000001dfa25d7c60 ConcurrentGCThread "G1 Main Marker" [stack: 0x00000075e8700000,0x00000075e8800000] [id=12532]
  0x000001dfa25d9590 ConcurrentGCThread "G1 Conc#0" [stack: 0x00000075e8800000,0x00000075e8900000] [id=1876]
  0x000001dfa2615920 ConcurrentGCThread "G1 Refine#0" [stack: 0x00000075e8900000,0x00000075e8a00000] [id=8996]
  0x000001dfa2616250 ConcurrentGCThread "G1 Service" [stack: 0x00000075e8a00000,0x00000075e8b00000] [id=5772]

Threads with active compile tasks:
C2 CompilerThread0   532013 13817       4       org.objectweb.asm.Type::getArgumentTypes (154 bytes)

VM state: at safepoint (normal execution)

VM Mutex/Monitor currently owned by a thread:  ([mutex/lock_event])
[0x000001dfa03fbc40] Threads_lock - owner thread: 0x000001dfbbaed050
[0x000001dfa03fbdf0] Heap_lock - owner thread: 0x000001dfa25d7c60

Heap address: 0x0000000080000000, size: 2048 MB, Compressed Oops mode: 32-bit

CDS archive(s) not mapped
Compressed class space mapped at: 0x0000000100000000-0x0000000140000000, reserved size: 1073741824
Narrow klass base: 0x0000000000000000, Narrow klass shift: 3, Narrow klass range: 0x140000000

GC Precious Log:
 CPUs: 4 total, 4 available
 Memory: 3838M
 Large Page Support: Disabled
 NUMA Support: Disabled
 Compressed Oops: Enabled (32-bit)
 Heap Region Size: 1M
 Heap Min Capacity: 8M
 Heap Initial Capacity: 60M
 Heap Max Capacity: 2G
 Pre-touch: Disabled
 Parallel Workers: 4
 Concurrent Workers: 1
 Concurrent Refinement Workers: 4
 Periodic GC: Disabled

Heap:
 garbage-first heap   total 281600K, used 198454K [0x0000000080000000, 0x0000000100000000)
  region size 1024K, 25 young (25600K), 2 survivors (2048K)
 Metaspace       used 110050K, committed 110976K, reserved 1146880K
  class space    used 14748K, committed 15168K, reserved 1048576K

Heap Regions: E=young(eden), S=young(survivor), O=old, HS=humongous(starts), HC=humongous(continues), CS=collection set, F=free, OA=open archive, CA=closed archive, TAMS=top-at-mark-start (previous, next)
|   0|0x0000000080000000, 0x0000000080100000, 0x0000000080100000|100%|HS|  |TAMS 0x0000000080100000, 0x0000000080000000| Complete 
|   1|0x0000000080100000, 0x0000000080200000, 0x0000000080200000|100%|HC|  |TAMS 0x0000000080200000, 0x0000000080100000| Complete 
|   2|0x0000000080200000, 0x0000000080300000, 0x0000000080300000|100%|HC|  |TAMS 0x0000000080300000, 0x0000000080200000| Complete 
|   3|0x0000000080300000, 0x0000000080400000, 0x0000000080400000|100%| O|  |TAMS 0x0000000080400000, 0x0000000080300000| Untracked 
|   4|0x0000000080400000, 0x0000000080500000, 0x0000000080500000|100%| O|  |TAMS 0x0000000080500000, 0x0000000080400000| Untracked 
|   5|0x0000000080500000, 0x0000000080600000, 0x0000000080600000|100%| O|  |TAMS 0x0000000080600000, 0x0000000080500000| Untracked 
|   6|0x0000000080600000, 0x0000000080700000, 0x0000000080700000|100%| O|  |TAMS 0x0000000080700000, 0x0000000080600000| Untracked 
|   7|0x0000000080700000, 0x0000000080800000, 0x0000000080800000|100%| O|  |TAMS 0x0000000080800000, 0x0000000080700000| Untracked 
|   8|0x0000000080800000, 0x0000000080900000, 0x0000000080900000|100%| O|  |TAMS 0x0000000080900000, 0x0000000080800000| Untracked 
|   9|0x0000000080900000, 0x0000000080a00000, 0x0000000080a00000|100%| O|  |TAMS 0x0000000080a00000, 0x0000000080900000| Updating 
|  10|0x0000000080a00000, 0x0000000080b00000, 0x0000000080b00000|100%| O|  |TAMS 0x0000000080b00000, 0x0000000080a00000| Untracked 
|  11|0x0000000080b00000, 0x0000000080c00000, 0x0000000080c00000|100%| O|  |TAMS 0x0000000080c00000, 0x0000000080b00000| Untracked 
|  12|0x0000000080c00000, 0x0000000080d00000, 0x0000000080d00000|100%| O|  |TAMS 0x0000000080d00000, 0x0000000080c00000| Untracked 
|  13|0x0000000080d00000, 0x0000000080e00000, 0x0000000080e00000|100%| O|  |TAMS 0x0000000080e00000, 0x0000000080d00000| Untracked 
|  14|0x0000000080e00000, 0x0000000080f00000, 0x0000000080f00000|100%| O|  |TAMS 0x0000000080f00000, 0x0000000080e00000| Untracked 
|  15|0x0000000080f00000, 0x0000000081000000, 0x0000000081000000|100%| O|  |TAMS 0x0000000081000000, 0x0000000080f00000| Untracked 
|  16|0x0000000081000000, 0x0000000081100000, 0x0000000081100000|100%| O|  |TAMS 0x0000000081100000, 0x0000000081000000| Untracked 
|  17|0x0000000081100000, 0x0000000081200000, 0x0000000081200000|100%| O|  |TAMS 0x0000000081200000, 0x0000000081100000| Untracked 
|  18|0x0000000081200000, 0x0000000081300000, 0x0000000081300000|100%| O|  |TAMS 0x0000000081300000, 0x0000000081200000| Untracked 
|  19|0x0000000081300000, 0x0000000081400000, 0x0000000081400000|100%| O|  |TAMS 0x0000000081400000, 0x0000000081300000| Untracked 
|  20|0x0000000081400000, 0x0000000081500000, 0x0000000081500000|100%|HS|  |TAMS 0x0000000081500000, 0x0000000081400000| Complete 
|  21|0x0000000081500000, 0x0000000081600000, 0x0000000081600000|100%|HC|  |TAMS 0x0000000081600000, 0x0000000081500000| Complete 
|  22|0x0000000081600000, 0x0000000081700000, 0x0000000081700000|100%|HS|  |TAMS 0x0000000081700000, 0x0000000081600000| Complete 
|  23|0x0000000081700000, 0x0000000081800000, 0x0000000081800000|100%|HC|  |TAMS 0x0000000081800000, 0x0000000081700000| Complete 
|  24|0x0000000081800000, 0x0000000081900000, 0x0000000081900000|100%|HC|  |TAMS 0x0000000081900000, 0x0000000081800000| Complete 
|  25|0x0000000081900000, 0x0000000081a00000, 0x0000000081a00000|100%|HS|  |TAMS 0x0000000081a00000, 0x0000000081900000| Complete 
|  26|0x0000000081a00000, 0x0000000081b00000, 0x0000000081b00000|100%|HC|  |TAMS 0x0000000081b00000, 0x0000000081a00000| Complete 
|  27|0x0000000081b00000, 0x0000000081c00000, 0x0000000081c00000|100%|HC|  |TAMS 0x0000000081c00000, 0x0000000081b00000| Complete 
|  28|0x0000000081c00000, 0x0000000081d00000, 0x0000000081d00000|100%| O|  |TAMS 0x0000000081d00000, 0x0000000081c00000| Untracked 
|  29|0x0000000081d00000, 0x0000000081e00000, 0x0000000081e00000|100%| O|  |TAMS 0x0000000081e00000, 0x0000000081d00000| Updating 
|  30|0x0000000081e00000, 0x0000000081f00000, 0x0000000081f00000|100%|HS|  |TAMS 0x0000000081f00000, 0x0000000081e00000| Complete 
|  31|0x0000000081f00000, 0x0000000082000000, 0x0000000082000000|100%|HC|  |TAMS 0x0000000082000000, 0x0000000081f00000| Complete 
|  32|0x0000000082000000, 0x0000000082100000, 0x0000000082100000|100%| O|  |TAMS 0x0000000082100000, 0x0000000082000000| Updating 
|  33|0x0000000082100000, 0x0000000082200000, 0x0000000082200000|100%| O|  |TAMS 0x0000000082200000, 0x0000000082100000| Updating 
|  34|0x0000000082200000, 0x0000000082300000, 0x0000000082300000|100%| O|  |TAMS 0x0000000082300000, 0x0000000082200000| Untracked 
|  35|0x0000000082300000, 0x0000000082400000, 0x0000000082400000|100%|HS|  |TAMS 0x0000000082400000, 0x0000000082300000| Complete 
|  36|0x0000000082400000, 0x0000000082500000, 0x0000000082500000|100%|HC|  |TAMS 0x0000000082500000, 0x0000000082400000| Complete 
|  37|0x0000000082500000, 0x0000000082600000, 0x0000000082600000|100%|HC|  |TAMS 0x0000000082600000, 0x0000000082500000| Complete 
|  38|0x0000000082600000, 0x0000000082700000, 0x0000000082700000|100%|HC|  |TAMS 0x0000000082700000, 0x0000000082600000| Complete 
|  39|0x0000000082700000, 0x0000000082800000, 0x0000000082800000|100%|HC|  |TAMS 0x0000000082800000, 0x0000000082700000| Complete 
|  40|0x0000000082800000, 0x0000000082900000, 0x0000000082900000|100%|HC|  |TAMS 0x0000000082900000, 0x0000000082800000| Complete 
|  41|0x0000000082900000, 0x0000000082a00000, 0x0000000082a00000|100%|HC|  |TAMS 0x0000000082a00000, 0x0000000082900000| Complete 
|  42|0x0000000082a00000, 0x0000000082b00000, 0x0000000082b00000|100%|HC|  |TAMS 0x0000000082b00000, 0x0000000082a00000| Complete 
|  43|0x0000000082b00000, 0x0000000082c00000, 0x0000000082c00000|100%|HC|  |TAMS 0x0000000082c00000, 0x0000000082b00000| Complete 
|  44|0x0000000082c00000, 0x0000000082d00000, 0x0000000082d00000|100%|HC|  |TAMS 0x0000000082d00000, 0x0000000082c00000| Complete 
|  45|0x0000000082d00000, 0x0000000082e00000, 0x0000000082e00000|100%|HC|  |TAMS 0x0000000082e00000, 0x0000000082d00000| Complete 
|  46|0x0000000082e00000, 0x0000000082f00000, 0x0000000082f00000|100%|HC|  |TAMS 0x0000000082f00000, 0x0000000082e00000| Complete 
|  47|0x0000000082f00000, 0x0000000083000000, 0x0000000083000000|100%| O|  |TAMS 0x0000000083000000, 0x0000000082f00000| Untracked 
|  48|0x0000000083000000, 0x0000000083100000, 0x0000000083100000|100%| O|  |TAMS 0x0000000083100000, 0x0000000083000000| Untracked 
|  49|0x0000000083100000, 0x0000000083200000, 0x0000000083200000|100%| O|  |TAMS 0x0000000083200000, 0x0000000083100000| Untracked 
|  50|0x0000000083200000, 0x0000000083300000, 0x0000000083300000|100%| O|  |TAMS 0x0000000083300000, 0x0000000083200000| Updating 
|  51|0x0000000083300000, 0x0000000083400000, 0x0000000083400000|100%|HS|  |TAMS 0x0000000083400000, 0x0000000083300000| Complete 
|  52|0x0000000083400000, 0x0000000083500000, 0x0000000083500000|100%|HC|  |TAMS 0x0000000083500000, 0x0000000083400000| Complete 
|  53|0x0000000083500000, 0x0000000083600000, 0x0000000083600000|100%|HC|  |TAMS 0x0000000083600000, 0x0000000083500000| Complete 
|  54|0x0000000083600000, 0x0000000083700000, 0x0000000083700000|100%| O|  |TAMS 0x0000000083700000, 0x0000000083600000| Untracked 
|  55|0x0000000083700000, 0x0000000083800000, 0x0000000083800000|100%| O|  |TAMS 0x0000000083800000, 0x0000000083700000| Updating 
|  56|0x0000000083800000, 0x0000000083900000, 0x0000000083900000|100%| O|  |TAMS 0x0000000083900000, 0x0000000083800000| Untracked 
|  57|0x0000000083900000, 0x0000000083a00000, 0x0000000083a00000|100%|HS|  |TAMS 0x0000000083a00000, 0x0000000083900000| Complete 
|  58|0x0000000083a00000, 0x0000000083b00000, 0x0000000083b00000|100%|HC|  |TAMS 0x0000000083b00000, 0x0000000083a00000| Complete 
|  59|0x0000000083b00000, 0x0000000083c00000, 0x0000000083c00000|100%|HC|  |TAMS 0x0000000083c00000, 0x0000000083b00000| Complete 
|  60|0x0000000083c00000, 0x0000000083d00000, 0x0000000083d00000|100%| O|  |TAMS 0x0000000083d00000, 0x0000000083c00000| Updating 
|  61|0x0000000083d00000, 0x0000000083e00000, 0x0000000083e00000|100%| O|  |TAMS 0x0000000083e00000, 0x0000000083d00000| Untracked 
|  62|0x0000000083e00000, 0x0000000083f00000, 0x0000000083f00000|100%| O|  |TAMS 0x0000000083f00000, 0x0000000083e00000| Untracked 
|  63|0x0000000083f00000, 0x0000000084000000, 0x0000000084000000|100%| O|  |TAMS 0x0000000084000000, 0x0000000083f00000| Untracked 
|  64|0x0000000084000000, 0x0000000084100000, 0x0000000084100000|100%| O|  |TAMS 0x0000000084100000, 0x0000000084000000| Untracked 
|  65|0x0000000084100000, 0x0000000084200000, 0x0000000084200000|100%| O|  |TAMS 0x0000000084200000, 0x0000000084100000| Untracked 
|  66|0x0000000084200000, 0x0000000084300000, 0x0000000084300000|100%| O|  |TAMS 0x0000000084300000, 0x0000000084200000| Untracked 
|  67|0x0000000084300000, 0x0000000084400000, 0x0000000084400000|100%| O|  |TAMS 0x0000000084400000, 0x0000000084300000| Untracked 
|  68|0x0000000084400000, 0x0000000084500000, 0x0000000084500000|100%| O|  |TAMS 0x0000000084500000, 0x0000000084400000| Untracked 
|  69|0x0000000084500000, 0x0000000084600000, 0x0000000084600000|100%|HS|  |TAMS 0x0000000084600000, 0x0000000084500000| Complete 
|  70|0x0000000084600000, 0x0000000084700000, 0x0000000084700000|100%| O|  |TAMS 0x0000000084700000, 0x0000000084600000| Untracked 
|  71|0x0000000084700000, 0x0000000084800000, 0x0000000084800000|100%|HS|  |TAMS 0x0000000084800000, 0x0000000084700000| Complete 
|  72|0x0000000084800000, 0x0000000084900000, 0x0000000084900000|100%| O|  |TAMS 0x0000000084900000, 0x0000000084800000| Updating 
|  73|0x0000000084900000, 0x0000000084a00000, 0x0000000084a00000|100%|HS|  |TAMS 0x0000000084a00000, 0x0000000084900000| Complete 
|  74|0x0000000084a00000, 0x0000000084b00000, 0x0000000084b00000|100%|HC|  |TAMS 0x0000000084b00000, 0x0000000084a00000| Complete 
|  75|0x0000000084b00000, 0x0000000084c00000, 0x0000000084c00000|100%| O|  |TAMS 0x0000000084c00000, 0x0000000084b00000| Untracked 
|  76|0x0000000084c00000, 0x0000000084d00000, 0x0000000084d00000|100%|HS|  |TAMS 0x0000000084d00000, 0x0000000084c00000| Complete 
|  77|0x0000000084d00000, 0x0000000084e00000, 0x0000000084e00000|100%|HC|  |TAMS 0x0000000084e00000, 0x0000000084d00000| Complete 
|  78|0x0000000084e00000, 0x0000000084f00000, 0x0000000084f00000|100%|HC|  |TAMS 0x0000000084f00000, 0x0000000084e00000| Complete 
|  79|0x0000000084f00000, 0x0000000085000000, 0x0000000085000000|100%|HC|  |TAMS 0x0000000085000000, 0x0000000084f00000| Complete 
|  80|0x0000000085000000, 0x0000000085100000, 0x0000000085100000|100%| O|  |TAMS 0x0000000085100000, 0x0000000085000000| Untracked 
|  81|0x0000000085100000, 0x0000000085200000, 0x0000000085200000|100%| O|  |TAMS 0x0000000085200000, 0x0000000085100000| Untracked 
|  82|0x0000000085200000, 0x0000000085300000, 0x0000000085300000|100%| O|  |TAMS 0x0000000085300000, 0x0000000085200000| Untracked 
|  83|0x0000000085300000, 0x0000000085400000, 0x0000000085400000|100%| O|  |TAMS 0x0000000085400000, 0x0000000085300000| Untracked 
|  84|0x0000000085400000, 0x0000000085500000, 0x0000000085500000|100%| O|  |TAMS 0x0000000085500000, 0x0000000085400000| Untracked 
|  85|0x0000000085500000, 0x0000000085600000, 0x0000000085600000|100%| O|  |TAMS 0x0000000085600000, 0x0000000085500000| Untracked 
|  86|0x0000000085600000, 0x0000000085700000, 0x0000000085700000|100%| O|  |TAMS 0x0000000085700000, 0x0000000085600000| Untracked 
|  87|0x0000000085700000, 0x0000000085800000, 0x0000000085800000|100%| O|  |TAMS 0x0000000085800000, 0x0000000085700000| Untracked 
|  88|0x0000000085800000, 0x0000000085900000, 0x0000000085900000|100%| O|  |TAMS 0x0000000085900000, 0x0000000085800000| Untracked 
|  89|0x0000000085900000, 0x0000000085a00000, 0x0000000085a00000|100%| O|  |TAMS 0x0000000085a00000, 0x0000000085900000| Untracked 
|  90|0x0000000085a00000, 0x0000000085b00000, 0x0000000085b00000|100%| O|  |TAMS 0x0000000085b00000, 0x0000000085a00000| Untracked 
|  91|0x0000000085b00000, 0x0000000085c00000, 0x0000000085c00000|100%| O|  |TAMS 0x0000000085c00000, 0x0000000085b00000| Untracked 
|  92|0x0000000085c00000, 0x0000000085d00000, 0x0000000085d00000|100%| O|  |TAMS 0x0000000085d00000, 0x0000000085c00000| Untracked 
|  93|0x0000000085d00000, 0x0000000085e00000, 0x0000000085e00000|100%| O|  |TAMS 0x0000000085e00000, 0x0000000085d00000| Untracked 
|  94|0x0000000085e00000, 0x0000000085f00000, 0x0000000085f00000|100%| O|  |TAMS 0x0000000085f00000, 0x0000000085e00000| Untracked 
|  95|0x0000000085f00000, 0x0000000086000000, 0x0000000086000000|100%| O|  |TAMS 0x0000000086000000, 0x0000000085f00000| Untracked 
|  96|0x0000000086000000, 0x0000000086100000, 0x0000000086100000|100%| O|  |TAMS 0x0000000086100000, 0x0000000086000000| Untracked 
|  97|0x0000000086100000, 0x0000000086200000, 0x0000000086200000|100%| O|  |TAMS 0x0000000086200000, 0x0000000086100000| Untracked 
|  98|0x0000000086200000, 0x0000000086300000, 0x0000000086300000|100%| O|  |TAMS 0x0000000086300000, 0x0000000086200000| Untracked 
|  99|0x0000000086300000, 0x0000000086400000, 0x0000000086400000|100%| O|  |TAMS 0x0000000086400000, 0x0000000086300000| Untracked 
| 100|0x0000000086400000, 0x0000000086500000, 0x0000000086500000|100%| O|  |TAMS 0x0000000086500000, 0x0000000086400000| Untracked 
| 101|0x0000000086500000, 0x0000000086600000, 0x0000000086600000|100%| O|  |TAMS 0x0000000086600000, 0x0000000086500000| Untracked 
| 102|0x0000000086600000, 0x0000000086700000, 0x0000000086700000|100%| O|  |TAMS 0x0000000086700000, 0x0000000086600000| Untracked 
| 103|0x0000000086700000, 0x0000000086800000, 0x0000000086800000|100%| O|  |TAMS 0x0000000086800000, 0x0000000086700000| Untracked 
| 104|0x0000000086800000, 0x0000000086900000, 0x0000000086900000|100%| O|  |TAMS 0x0000000086900000, 0x0000000086800000| Updating 
| 105|0x0000000086900000, 0x0000000086a00000, 0x0000000086a00000|100%| O|  |TAMS 0x0000000086a00000, 0x0000000086900000| Untracked 
| 106|0x0000000086a00000, 0x0000000086b00000, 0x0000000086b00000|100%| O|  |TAMS 0x0000000086b00000, 0x0000000086a00000| Untracked 
| 107|0x0000000086b00000, 0x0000000086c00000, 0x0000000086c00000|100%| O|  |TAMS 0x0000000086c00000, 0x0000000086b00000| Untracked 
| 108|0x0000000086c00000, 0x0000000086d00000, 0x0000000086d00000|100%| O|  |TAMS 0x0000000086d00000, 0x0000000086c00000| Untracked 
| 109|0x0000000086d00000, 0x0000000086e00000, 0x0000000086e00000|100%| O|  |TAMS 0x0000000086e00000, 0x0000000086d00000| Untracked 
| 110|0x0000000086e00000, 0x0000000086f00000, 0x0000000086f00000|100%|HS|  |TAMS 0x0000000086f00000, 0x0000000086e00000| Complete 
| 111|0x0000000086f00000, 0x0000000087000000, 0x0000000087000000|100%|HC|  |TAMS 0x0000000087000000, 0x0000000086f00000| Complete 
| 112|0x0000000087000000, 0x0000000087100000, 0x0000000087100000|100%|HS|  |TAMS 0x0000000087100000, 0x0000000087000000| Complete 
| 113|0x0000000087100000, 0x0000000087200000, 0x0000000087200000|100%|HC|  |TAMS 0x0000000087200000, 0x0000000087100000| Complete 
| 114|0x0000000087200000, 0x0000000087300000, 0x0000000087300000|100%|HC|  |TAMS 0x0000000087300000, 0x0000000087200000| Complete 
| 115|0x0000000087300000, 0x0000000087400000, 0x0000000087400000|100%|HS|  |TAMS 0x0000000087400000, 0x0000000087300000| Complete 
| 116|0x0000000087400000, 0x0000000087500000, 0x0000000087500000|100%|HC|  |TAMS 0x0000000087500000, 0x0000000087400000| Complete 
| 117|0x0000000087500000, 0x0000000087600000, 0x0000000087600000|100%|HC|  |TAMS 0x0000000087600000, 0x0000000087500000| Complete 
| 118|0x0000000087600000, 0x0000000087700000, 0x0000000087700000|100%|HS|  |TAMS 0x0000000087700000, 0x0000000087600000| Complete 
| 119|0x0000000087700000, 0x0000000087800000, 0x0000000087800000|100%|HC|  |TAMS 0x0000000087800000, 0x0000000087700000| Complete 
| 120|0x0000000087800000, 0x0000000087900000, 0x0000000087900000|100%|HC|  |TAMS 0x0000000087900000, 0x0000000087800000| Complete 
| 121|0x0000000087900000, 0x0000000087a00000, 0x0000000087a00000|100%|HC|  |TAMS 0x0000000087a00000, 0x0000000087900000| Complete 
| 122|0x0000000087a00000, 0x0000000087b00000, 0x0000000087b00000|100%|HC|  |TAMS 0x0000000087b00000, 0x0000000087a00000| Complete 
| 123|0x0000000087b00000, 0x0000000087c00000, 0x0000000087c00000|100%|HC|  |TAMS 0x0000000087c00000, 0x0000000087b00000| Complete 
| 124|0x0000000087c00000, 0x0000000087d00000, 0x0000000087d00000|100%|HC|  |TAMS 0x0000000087d00000, 0x0000000087c00000| Complete 
| 125|0x0000000087d00000, 0x0000000087e00000, 0x0000000087e00000|100%|HC|  |TAMS 0x0000000087e00000, 0x0000000087d00000| Complete 
| 126|0x0000000087e00000, 0x0000000087f00000, 0x0000000087f00000|100%|HC|  |TAMS 0x0000000087f00000, 0x0000000087e00000| Complete 
| 127|0x0000000087f00000, 0x0000000088000000, 0x0000000088000000|100%|HC|  |TAMS 0x0000000088000000, 0x0000000087f00000| Complete 
| 128|0x0000000088000000, 0x0000000088100000, 0x0000000088100000|100%|HC|  |TAMS 0x0000000088100000, 0x0000000088000000| Complete 
| 129|0x0000000088100000, 0x0000000088200000, 0x0000000088200000|100%|HC|  |TAMS 0x0000000088200000, 0x0000000088100000| Complete 
| 130|0x0000000088200000, 0x0000000088300000, 0x0000000088300000|100%| O|  |TAMS 0x0000000088300000, 0x0000000088200000| Updating 
| 131|0x0000000088300000, 0x0000000088400000, 0x0000000088400000|100%| O|  |TAMS 0x0000000088400000, 0x0000000088300000| Untracked 
| 132|0x0000000088400000, 0x0000000088500000, 0x0000000088500000|100%| O|  |TAMS 0x0000000088500000, 0x0000000088400000| Updating 
| 133|0x0000000088500000, 0x0000000088600000, 0x0000000088600000|100%|HS|  |TAMS 0x0000000088600000, 0x0000000088500000| Complete 
| 134|0x0000000088600000, 0x0000000088700000, 0x0000000088700000|100%|HC|  |TAMS 0x0000000088700000, 0x0000000088600000| Complete 
| 135|0x0000000088700000, 0x0000000088800000, 0x0000000088800000|100%| O|  |TAMS 0x0000000088800000, 0x0000000088700000| Untracked 
| 136|0x0000000088800000, 0x0000000088900000, 0x0000000088900000|100%| O|  |TAMS 0x0000000088900000, 0x0000000088800000| Untracked 
| 137|0x0000000088900000, 0x0000000088a00000, 0x0000000088a00000|100%| O|  |TAMS 0x0000000088a00000, 0x0000000088900000| Updating 
| 138|0x0000000088a00000, 0x0000000088b00000, 0x0000000088b00000|100%| O|  |TAMS 0x0000000088b00000, 0x0000000088a00000| Untracked 
| 139|0x0000000088b00000, 0x0000000088c00000, 0x0000000088c00000|100%| O|  |TAMS 0x0000000088c00000, 0x0000000088b00000| Untracked 
| 140|0x0000000088c00000, 0x0000000088d00000, 0x0000000088d00000|100%| O|  |TAMS 0x0000000088d00000, 0x0000000088c00000| Untracked 
| 141|0x0000000088d00000, 0x0000000088e00000, 0x0000000088e00000|100%| O|  |TAMS 0x0000000088e00000, 0x0000000088d00000| Untracked 
| 142|0x0000000088e00000, 0x0000000088f00000, 0x0000000088f00000|100%| O|  |TAMS 0x0000000088f00000, 0x0000000088e00000| Untracked 
| 143|0x0000000088f00000, 0x0000000089000000, 0x0000000089000000|100%| O|  |TAMS 0x0000000089000000, 0x0000000088f00000| Untracked 
| 144|0x0000000089000000, 0x0000000089100000, 0x0000000089100000|100%| O|  |TAMS 0x0000000089100000, 0x0000000089000000| Untracked 
| 145|0x0000000089100000, 0x0000000089200000, 0x0000000089200000|100%| O|  |TAMS 0x0000000089200000, 0x0000000089100000| Untracked 
| 146|0x0000000089200000, 0x0000000089300000, 0x0000000089300000|100%| O|  |TAMS 0x0000000089300000, 0x0000000089200000| Untracked 
| 147|0x0000000089300000, 0x0000000089400000, 0x0000000089400000|100%| O|  |TAMS 0x0000000089400000, 0x0000000089300000| Untracked 
| 148|0x0000000089400000, 0x0000000089500000, 0x0000000089500000|100%| O|  |TAMS 0x0000000089500000, 0x0000000089400000| Untracked 
| 149|0x0000000089500000, 0x0000000089600000, 0x0000000089600000|100%| O|  |TAMS 0x0000000089600000, 0x0000000089500000| Untracked 
| 150|0x0000000089600000, 0x0000000089700000, 0x0000000089700000|100%| O|  |TAMS 0x0000000089700000, 0x0000000089600000| Updating 
| 151|0x0000000089700000, 0x0000000089800000, 0x0000000089800000|100%| O|  |TAMS 0x0000000089800000, 0x0000000089700000| Updating 
| 152|0x0000000089800000, 0x0000000089900000, 0x0000000089900000|100%| O|  |TAMS 0x0000000089900000, 0x0000000089800000| Updating 
| 153|0x0000000089900000, 0x0000000089a00000, 0x0000000089a00000|100%| O|  |TAMS 0x0000000089a00000, 0x0000000089900000| Updating 
| 154|0x0000000089a00000, 0x0000000089b00000, 0x0000000089b00000|100%| O|  |TAMS 0x0000000089b00000, 0x0000000089a00000| Untracked 
| 155|0x0000000089b00000, 0x0000000089c00000, 0x0000000089c00000|100%| O|  |TAMS 0x0000000089c00000, 0x0000000089b00000| Updating 
| 156|0x0000000089c00000, 0x0000000089d00000, 0x0000000089d00000|100%| O|  |TAMS 0x0000000089d00000, 0x0000000089c00000| Updating 
| 157|0x0000000089d00000, 0x0000000089e00000, 0x0000000089e00000|100%| O|  |TAMS 0x0000000089e00000, 0x0000000089d00000| Updating 
| 158|0x0000000089e00000, 0x0000000089f00000, 0x0000000089f00000|100%| O|  |TAMS 0x0000000089f00000, 0x0000000089e00000| Updating 
| 159|0x0000000089f00000, 0x000000008a000000, 0x000000008a000000|100%| O|  |TAMS 0x000000008a000000, 0x0000000089f00000| Updating 
| 160|0x000000008a000000, 0x000000008a100000, 0x000000008a100000|100%| O|  |TAMS 0x000000008a100000, 0x000000008a000000| Untracked 
| 161|0x000000008a100000, 0x000000008a200000, 0x000000008a200000|100%| O|  |TAMS 0x000000008a200000, 0x000000008a100000| Untracked 
| 162|0x000000008a200000, 0x000000008a300000, 0x000000008a300000|100%| O|  |TAMS 0x000000008a300000, 0x000000008a200000| Updating 
| 163|0x000000008a300000, 0x000000008a400000, 0x000000008a400000|100%| O|  |TAMS 0x000000008a400000, 0x000000008a300000| Untracked 
| 164|0x000000008a400000, 0x000000008a500000, 0x000000008a500000|100%| O|  |TAMS 0x000000008a500000, 0x000000008a400000| Untracked 
| 165|0x000000008a500000, 0x000000008a600000, 0x000000008a600000|100%| O|  |TAMS 0x000000008a600000, 0x000000008a500000| Untracked 
| 166|0x000000008a600000, 0x000000008a700000, 0x000000008a700000|100%| O|  |TAMS 0x000000008a700000, 0x000000008a600000| Untracked 
| 167|0x000000008a700000, 0x000000008a800000, 0x000000008a800000|100%| O|  |TAMS 0x000000008a800000, 0x000000008a700000| Untracked 
| 168|0x000000008a800000, 0x000000008a900000, 0x000000008a900000|100%| O|  |TAMS 0x000000008a900000, 0x000000008a800000| Untracked 
| 169|0x000000008a900000, 0x000000008aa00000, 0x000000008aa00000|100%| O|  |TAMS 0x000000008aa00000, 0x000000008a900000| Untracked 
| 170|0x000000008aa00000, 0x000000008aa19400, 0x000000008ab00000|  9%| O|  |TAMS 0x000000008aa19400, 0x000000008aa00000| Updating 
| 171|0x000000008ab00000, 0x000000008ab00000, 0x000000008ac00000|  0%| F|  |TAMS 0x000000008ab00000, 0x000000008ab00000| Untracked 
| 172|0x000000008ac00000, 0x000000008ac00000, 0x000000008ad00000|  0%| F|  |TAMS 0x000000008ac00000, 0x000000008ac00000| Untracked 
| 173|0x000000008ad00000, 0x000000008ad00000, 0x000000008ae00000|  0%| F|  |TAMS 0x000000008ad00000, 0x000000008ad00000| Untracked 
| 174|0x000000008ae00000, 0x000000008ae00000, 0x000000008af00000|  0%| F|  |TAMS 0x000000008ae00000, 0x000000008ae00000| Untracked 
| 175|0x000000008af00000, 0x000000008af00000, 0x000000008b000000|  0%| F|  |TAMS 0x000000008af00000, 0x000000008af00000| Untracked 
| 176|0x000000008b000000, 0x000000008b000000, 0x000000008b100000|  0%| F|  |TAMS 0x000000008b000000, 0x000000008b000000| Untracked 
| 177|0x000000008b100000, 0x000000008b100000, 0x000000008b200000|  0%| F|  |TAMS 0x000000008b100000, 0x000000008b100000| Untracked 
| 178|0x000000008b200000, 0x000000008b200000, 0x000000008b300000|  0%| F|  |TAMS 0x000000008b200000, 0x000000008b200000| Untracked 
| 179|0x000000008b300000, 0x000000008b300000, 0x000000008b400000|  0%| F|  |TAMS 0x000000008b300000, 0x000000008b300000| Untracked 
| 180|0x000000008b400000, 0x000000008b400000, 0x000000008b500000|  0%| F|  |TAMS 0x000000008b400000, 0x000000008b400000| Untracked 
| 181|0x000000008b500000, 0x000000008b500000, 0x000000008b600000|  0%| F|  |TAMS 0x000000008b500000, 0x000000008b500000| Untracked 
| 182|0x000000008b600000, 0x000000008b600000, 0x000000008b700000|  0%| F|  |TAMS 0x000000008b600000, 0x000000008b600000| Untracked 
| 183|0x000000008b700000, 0x000000008b700000, 0x000000008b800000|  0%| F|  |TAMS 0x000000008b700000, 0x000000008b700000| Untracked 
| 184|0x000000008b800000, 0x000000008b800000, 0x000000008b900000|  0%| F|  |TAMS 0x000000008b800000, 0x000000008b800000| Untracked 
| 185|0x000000008b900000, 0x000000008b900000, 0x000000008ba00000|  0%| F|  |TAMS 0x000000008b900000, 0x000000008b900000| Untracked 
| 186|0x000000008ba00000, 0x000000008ba00000, 0x000000008bb00000|  0%| F|  |TAMS 0x000000008ba00000, 0x000000008ba00000| Untracked 
| 187|0x000000008bb00000, 0x000000008bb00000, 0x000000008bc00000|  0%| F|  |TAMS 0x000000008bb00000, 0x000000008bb00000| Untracked 
| 188|0x000000008bc00000, 0x000000008bc00000, 0x000000008bd00000|  0%| F|  |TAMS 0x000000008bc00000, 0x000000008bc00000| Untracked 
| 189|0x000000008bd00000, 0x000000008bd00000, 0x000000008be00000|  0%| F|  |TAMS 0x000000008bd00000, 0x000000008bd00000| Untracked 
| 190|0x000000008be00000, 0x000000008be00000, 0x000000008bf00000|  0%| F|  |TAMS 0x000000008be00000, 0x000000008be00000| Untracked 
| 191|0x000000008bf00000, 0x000000008bf00000, 0x000000008c000000|  0%| F|  |TAMS 0x000000008bf00000, 0x000000008bf00000| Untracked 
| 192|0x000000008c000000, 0x000000008c000000, 0x000000008c100000|  0%| F|  |TAMS 0x000000008c000000, 0x000000008c000000| Untracked 
| 193|0x000000008c100000, 0x000000008c100000, 0x000000008c200000|  0%| F|  |TAMS 0x000000008c100000, 0x000000008c100000| Untracked 
| 194|0x000000008c200000, 0x000000008c200000, 0x000000008c300000|  0%| F|  |TAMS 0x000000008c200000, 0x000000008c200000| Untracked 
| 195|0x000000008c300000, 0x000000008c300000, 0x000000008c400000|  0%| F|  |TAMS 0x000000008c300000, 0x000000008c300000| Untracked 
| 196|0x000000008c400000, 0x000000008c400000, 0x000000008c500000|  0%| F|  |TAMS 0x000000008c400000, 0x000000008c400000| Untracked 
| 197|0x000000008c500000, 0x000000008c500000, 0x000000008c600000|  0%| F|  |TAMS 0x000000008c500000, 0x000000008c500000| Untracked 
| 198|0x000000008c600000, 0x000000008c600000, 0x000000008c700000|  0%| F|  |TAMS 0x000000008c600000, 0x000000008c600000| Untracked 
| 199|0x000000008c700000, 0x000000008c700000, 0x000000008c800000|  0%| F|  |TAMS 0x000000008c700000, 0x000000008c700000| Untracked 
| 200|0x000000008c800000, 0x000000008c800000, 0x000000008c900000|  0%| F|  |TAMS 0x000000008c800000, 0x000000008c800000| Untracked 
| 201|0x000000008c900000, 0x000000008c900000, 0x000000008ca00000|  0%| F|  |TAMS 0x000000008c900000, 0x000000008c900000| Untracked 
| 202|0x000000008ca00000, 0x000000008ca00000, 0x000000008cb00000|  0%| F|  |TAMS 0x000000008ca00000, 0x000000008ca00000| Untracked 
| 203|0x000000008cb00000, 0x000000008cb00000, 0x000000008cc00000|  0%| F|  |TAMS 0x000000008cb00000, 0x000000008cb00000| Untracked 
| 204|0x000000008cc00000, 0x000000008cc00000, 0x000000008cd00000|  0%| F|  |TAMS 0x000000008cc00000, 0x000000008cc00000| Untracked 
| 205|0x000000008cd00000, 0x000000008cd00000, 0x000000008ce00000|  0%| F|  |TAMS 0x000000008cd00000, 0x000000008cd00000| Untracked 
| 206|0x000000008ce00000, 0x000000008ce00000, 0x000000008cf00000|  0%| F|  |TAMS 0x000000008ce00000, 0x000000008ce00000| Untracked 
| 207|0x000000008cf00000, 0x000000008cf00000, 0x000000008d000000|  0%| F|  |TAMS 0x000000008cf00000, 0x000000008cf00000| Untracked 
| 208|0x000000008d000000, 0x000000008d000000, 0x000000008d100000|  0%| F|  |TAMS 0x000000008d000000, 0x000000008d000000| Untracked 
| 209|0x000000008d100000, 0x000000008d100000, 0x000000008d200000|  0%| F|  |TAMS 0x000000008d100000, 0x000000008d100000| Untracked 
| 210|0x000000008d200000, 0x000000008d200000, 0x000000008d300000|  0%| F|  |TAMS 0x000000008d200000, 0x000000008d200000| Untracked 
| 211|0x000000008d300000, 0x000000008d300000, 0x000000008d400000|  0%| F|  |TAMS 0x000000008d300000, 0x000000008d300000| Untracked 
| 212|0x000000008d400000, 0x000000008d400000, 0x000000008d500000|  0%| F|  |TAMS 0x000000008d400000, 0x000000008d400000| Untracked 
| 213|0x000000008d500000, 0x000000008d500000, 0x000000008d600000|  0%| F|  |TAMS 0x000000008d500000, 0x000000008d500000| Untracked 
| 214|0x000000008d600000, 0x000000008d600000, 0x000000008d700000|  0%| F|  |TAMS 0x000000008d600000, 0x000000008d600000| Untracked 
| 215|0x000000008d700000, 0x000000008d700000, 0x000000008d800000|  0%| F|  |TAMS 0x000000008d700000, 0x000000008d700000| Untracked 
| 216|0x000000008d800000, 0x000000008d800000, 0x000000008d900000|  0%| F|  |TAMS 0x000000008d800000, 0x000000008d800000| Untracked 
| 217|0x000000008d900000, 0x000000008d900000, 0x000000008da00000|  0%| F|  |TAMS 0x000000008d900000, 0x000000008d900000| Untracked 
| 218|0x000000008da00000, 0x000000008dab46d0, 0x000000008db00000| 70%| S|CS|TAMS 0x000000008da00000, 0x000000008da00000| Complete 
| 219|0x000000008db00000, 0x000000008dc00000, 0x000000008dc00000|100%| S|CS|TAMS 0x000000008db00000, 0x000000008db00000| Complete 
| 220|0x000000008dc00000, 0x000000008dc00000, 0x000000008dd00000|  0%| F|  |TAMS 0x000000008dc00000, 0x000000008dc00000| Untracked 
| 221|0x000000008dd00000, 0x000000008dd00000, 0x000000008de00000|  0%| F|  |TAMS 0x000000008dd00000, 0x000000008dd00000| Untracked 
| 222|0x000000008de00000, 0x000000008de00000, 0x000000008df00000|  0%| F|  |TAMS 0x000000008de00000, 0x000000008de00000| Untracked 
| 223|0x000000008df00000, 0x000000008df00000, 0x000000008e000000|  0%| F|  |TAMS 0x000000008df00000, 0x000000008df00000| Untracked 
| 224|0x000000008e000000, 0x000000008e000000, 0x000000008e100000|  0%| F|  |TAMS 0x000000008e000000, 0x000000008e000000| Untracked 
| 225|0x000000008e100000, 0x000000008e100000, 0x000000008e200000|  0%| F|  |TAMS 0x000000008e100000, 0x000000008e100000| Untracked 
| 226|0x000000008e200000, 0x000000008e200000, 0x000000008e300000|  0%| F|  |TAMS 0x000000008e200000, 0x000000008e200000| Untracked 
| 227|0x000000008e300000, 0x000000008e300000, 0x000000008e400000|  0%| F|  |TAMS 0x000000008e300000, 0x000000008e300000| Untracked 
| 228|0x000000008e400000, 0x000000008e400000, 0x000000008e500000|  0%| F|  |TAMS 0x000000008e400000, 0x000000008e400000| Untracked 
| 229|0x000000008e500000, 0x000000008e500000, 0x000000008e600000|  0%| F|  |TAMS 0x000000008e500000, 0x000000008e500000| Untracked 
| 230|0x000000008e600000, 0x000000008e600000, 0x000000008e700000|  0%| F|  |TAMS 0x000000008e600000, 0x000000008e600000| Untracked 
| 231|0x000000008e700000, 0x000000008e700000, 0x000000008e800000|  0%| F|  |TAMS 0x000000008e700000, 0x000000008e700000| Untracked 
| 232|0x000000008e800000, 0x000000008e800000, 0x000000008e900000|  0%| F|  |TAMS 0x000000008e800000, 0x000000008e800000| Untracked 
| 233|0x000000008e900000, 0x000000008e900000, 0x000000008ea00000|  0%| F|  |TAMS 0x000000008e900000, 0x000000008e900000| Untracked 
| 234|0x000000008ea00000, 0x000000008ea00000, 0x000000008eb00000|  0%| F|  |TAMS 0x000000008ea00000, 0x000000008ea00000| Untracked 
| 235|0x000000008eb00000, 0x000000008eb00000, 0x000000008ec00000|  0%| F|  |TAMS 0x000000008eb00000, 0x000000008eb00000| Untracked 
| 236|0x000000008ec00000, 0x000000008ec00000, 0x000000008ed00000|  0%| F|  |TAMS 0x000000008ec00000, 0x000000008ec00000| Untracked 
| 237|0x000000008ed00000, 0x000000008ed00000, 0x000000008ee00000|  0%| F|  |TAMS 0x000000008ed00000, 0x000000008ed00000| Untracked 
| 238|0x000000008ee00000, 0x000000008ee00000, 0x000000008ef00000|  0%| F|  |TAMS 0x000000008ee00000, 0x000000008ee00000| Untracked 
| 239|0x000000008ef00000, 0x000000008ef00000, 0x000000008f000000|  0%| F|  |TAMS 0x000000008ef00000, 0x000000008ef00000| Untracked 
| 240|0x000000008f000000, 0x000000008f000000, 0x000000008f100000|  0%| F|  |TAMS 0x000000008f000000, 0x000000008f000000| Untracked 
| 241|0x000000008f100000, 0x000000008f100000, 0x000000008f200000|  0%| F|  |TAMS 0x000000008f100000, 0x000000008f100000| Untracked 
| 242|0x000000008f200000, 0x000000008f200000, 0x000000008f300000|  0%| F|  |TAMS 0x000000008f200000, 0x000000008f200000| Untracked 
| 243|0x000000008f300000, 0x000000008f300000, 0x000000008f400000|  0%| F|  |TAMS 0x000000008f300000, 0x000000008f300000| Untracked 
| 244|0x000000008f400000, 0x000000008f400000, 0x000000008f500000|  0%| F|  |TAMS 0x000000008f400000, 0x000000008f400000| Untracked 
| 245|0x000000008f500000, 0x000000008f500000, 0x000000008f600000|  0%| F|  |TAMS 0x000000008f500000, 0x000000008f500000| Untracked 
| 246|0x000000008f600000, 0x000000008f600000, 0x000000008f700000|  0%| F|  |TAMS 0x000000008f600000, 0x000000008f600000| Untracked 
| 247|0x000000008f700000, 0x000000008f700000, 0x000000008f800000|  0%| F|  |TAMS 0x000000008f700000, 0x000000008f700000| Untracked 
| 248|0x000000008f800000, 0x000000008f800000, 0x000000008f900000|  0%| F|  |TAMS 0x000000008f800000, 0x000000008f800000| Untracked 
| 249|0x000000008f900000, 0x000000008f900000, 0x000000008fa00000|  0%| F|  |TAMS 0x000000008f900000, 0x000000008f900000| Untracked 
| 250|0x000000008fa00000, 0x000000008fa00000, 0x000000008fb00000|  0%| F|  |TAMS 0x000000008fa00000, 0x000000008fa00000| Untracked 
| 251|0x000000008fb00000, 0x000000008fb00000, 0x000000008fc00000|  0%| F|  |TAMS 0x000000008fb00000, 0x000000008fb00000| Untracked 
| 252|0x000000008fc00000, 0x000000008fc899f0, 0x000000008fd00000| 53%| E|  |TAMS 0x000000008fc00000, 0x000000008fc00000| Complete 
| 253|0x000000008fd00000, 0x000000008fe00000, 0x000000008fe00000|100%| E|CS|TAMS 0x000000008fd00000, 0x000000008fd00000| Complete 
| 254|0x000000008fe00000, 0x000000008ff00000, 0x000000008ff00000|100%| E|CS|TAMS 0x000000008fe00000, 0x000000008fe00000| Complete 
| 255|0x000000008ff00000, 0x0000000090000000, 0x0000000090000000|100%| E|CS|TAMS 0x000000008ff00000, 0x000000008ff00000| Complete 
| 256|0x0000000090000000, 0x0000000090100000, 0x0000000090100000|100%| E|CS|TAMS 0x0000000090000000, 0x0000000090000000| Complete 
| 257|0x0000000090100000, 0x0000000090200000, 0x0000000090200000|100%| E|CS|TAMS 0x0000000090100000, 0x0000000090100000| Complete 
| 258|0x0000000090200000, 0x0000000090300000, 0x0000000090300000|100%| E|CS|TAMS 0x0000000090200000, 0x0000000090200000| Complete 
| 259|0x0000000090300000, 0x0000000090400000, 0x0000000090400000|100%| E|CS|TAMS 0x0000000090300000, 0x0000000090300000| Complete 
| 260|0x0000000090400000, 0x0000000090500000, 0x0000000090500000|100%| E|CS|TAMS 0x0000000090400000, 0x0000000090400000| Complete 
| 261|0x0000000090500000, 0x0000000090600000, 0x0000000090600000|100%| E|CS|TAMS 0x0000000090500000, 0x0000000090500000| Complete 
| 262|0x0000000090600000, 0x0000000090700000, 0x0000000090700000|100%| E|CS|TAMS 0x0000000090600000, 0x0000000090600000| Complete 
| 263|0x0000000090700000, 0x0000000090800000, 0x0000000090800000|100%| E|CS|TAMS 0x0000000090700000, 0x0000000090700000| Complete 
| 264|0x0000000090800000, 0x0000000090900000, 0x0000000090900000|100%| E|CS|TAMS 0x0000000090800000, 0x0000000090800000| Complete 
| 265|0x0000000090900000, 0x0000000090a00000, 0x0000000090a00000|100%| E|CS|TAMS 0x0000000090900000, 0x0000000090900000| Complete 
| 266|0x0000000090a00000, 0x0000000090b00000, 0x0000000090b00000|100%| E|CS|TAMS 0x0000000090a00000, 0x0000000090a00000| Complete 
| 267|0x0000000090b00000, 0x0000000090c00000, 0x0000000090c00000|100%| E|CS|TAMS 0x0000000090b00000, 0x0000000090b00000| Complete 
| 268|0x0000000090c00000, 0x0000000090d00000, 0x0000000090d00000|100%| E|CS|TAMS 0x0000000090c00000, 0x0000000090c00000| Complete 
| 269|0x0000000090d00000, 0x0000000090e00000, 0x0000000090e00000|100%| E|CS|TAMS 0x0000000090d00000, 0x0000000090d00000| Complete 
| 270|0x0000000090e00000, 0x0000000090f00000, 0x0000000090f00000|100%| E|CS|TAMS 0x0000000090e00000, 0x0000000090e00000| Complete 
| 271|0x0000000090f00000, 0x0000000091000000, 0x0000000091000000|100%| E|CS|TAMS 0x0000000090f00000, 0x0000000090f00000| Complete 
| 272|0x0000000091000000, 0x0000000091100000, 0x0000000091100000|100%| E|CS|TAMS 0x0000000091000000, 0x0000000091000000| Complete 
| 273|0x0000000091100000, 0x0000000091200000, 0x0000000091200000|100%| E|CS|TAMS 0x0000000091100000, 0x0000000091100000| Complete 
| 274|0x0000000091200000, 0x0000000091300000, 0x0000000091300000|100%| E|CS|TAMS 0x0000000091200000, 0x0000000091200000| Complete 

Card table byte_map: [0x000001dfb4e40000,0x000001dfb5240000] _byte_map_base: 0x000001dfb4a40000

Marking Bits (Prev, Next): (CMBitMap*) 0x000001dfa25c6bd0, (CMBitMap*) 0x000001dfa25c6b90
 Prev Bits: [0x000001dfb7640000, 0x000001dfb9640000)
 Next Bits: [0x000001dfb5640000, 0x000001dfb7640000)

Polling page: 0x000001dfa0540000

Metaspace:

Usage:
  Non-class:     93.07 MB used.
      Class:     14.40 MB used.
       Both:    107.47 MB used.

Virtual space:
  Non-class space:       96.00 MB reserved,      93.56 MB ( 97%) committed,  12 nodes.
      Class space:        1.00 GB reserved,      14.81 MB (  1%) committed,  1 nodes.
             Both:        1.09 GB reserved,     108.38 MB ( 10%) committed. 

Chunk freelists:
   Non-Class:  1.91 MB
       Class:  1.10 MB
        Both:  3.01 MB

MaxMetaspaceSize: unlimited
CompressedClassSpaceSize: 1.00 GB
Initial GC threshold: 21.00 MB
Current GC threshold: 173.56 MB
CDS: off
MetaspaceReclaimPolicy: balanced
 - commit_granule_bytes: 65536.
 - commit_granule_words: 8192.
 - virtual_space_node_default_size: 1048576.
 - enlarge_chunks_in_place: 1.
 - new_chunks_are_fully_committed: 0.
 - uncommit_free_chunks: 1.
 - use_allocation_guard: 0.
 - handle_deallocations: 1.


Internal statistics:

num_allocs_failed_limit: 3.
num_arena_births: 1112.
num_arena_deaths: 0.
num_vsnodes_births: 13.
num_vsnodes_deaths: 0.
num_space_committed: 1734.
num_space_uncommitted: 0.
num_chunks_returned_to_freelist: 3.
num_chunks_taken_from_freelist: 5332.
num_chunk_merges: 3.
num_chunk_splits: 3399.
num_chunks_enlarged: 2132.
num_purges: 0.
num_inconsistent_stats: 0.

CodeHeap 'non-profiled nmethods': size=120000Kb used=6914Kb max_used=6914Kb free=113086Kb
 bounds [0x000001dfad510000, 0x000001dfadbe0000, 0x000001dfb4a40000]
CodeHeap 'profiled nmethods': size=120000Kb used=24341Kb max_used=24341Kb free=95658Kb
 bounds [0x000001dfa5a40000, 0x000001dfa7210000, 0x000001dfacf70000]
CodeHeap 'non-nmethods': size=5760Kb used=2461Kb max_used=2507Kb free=3298Kb
 bounds [0x000001dfacf70000, 0x000001dfad1f0000, 0x000001dfad510000]
 total_blobs=13156 nmethods=12154 adapters=915
 compilation: enabled
              stopped_count=0, restarted_count=0
 full_count=0

Compilation events (20 events):
Event: 527.583 Thread 0x000001dfbc540530 13888       2       com.sun.crypto.provider.GaloisCounterMode$GCMDecrypt::doFinal (512 bytes)
Event: 527.589 Thread 0x000001dfbc540530 nmethod 13888 0x000001dfa7200110 code [0x000001dfa7200540, 0x000001dfa7201768]
Event: 527.589 Thread 0x000001dfbc540530 13889   !   2       java.io.ObjectOutputStream::writeObject (38 bytes)
Event: 527.590 Thread 0x000001dfbc540530 nmethod 13889 0x000001dfa7202410 code [0x000001dfa72025c0, 0x000001dfa7202798]
Event: 527.592 Thread 0x000001dfbc540530 13890       3       org.objectweb.asm.SymbolTable::addConstantUtf8 (98 bytes)
Event: 527.593 Thread 0x000001dfbc540530 nmethod 13890 0x000001dfa7202890 code [0x000001dfa7202ac0, 0x000001dfa7203098]
Event: 527.772 Thread 0x000001dfbc540530 13893       2       org.objectweb.asm.commons.MethodRemapper::visitTryCatchBlock (26 bytes)
Event: 527.773 Thread 0x000001dfbc540530 nmethod 13893 0x000001dfa7203410 code [0x000001dfa72035e0, 0x000001dfa7203838]
Event: 527.773 Thread 0x000001dfbc540530 13894       2       org.objectweb.asm.MethodWriter::visitTryCatchBlock (67 bytes)
Event: 527.775 Thread 0x000001dfbc540530 nmethod 13894 0x000001dfa7203a10 code [0x000001dfa7203be0, 0x000001dfa72040a8]
Event: 527.775 Thread 0x000001dfbc540530 13895       2       org.objectweb.asm.Handler::<init> (32 bytes)
Event: 527.775 Thread 0x000001dfbc540530 nmethod 13895 0x000001dfa7204210 code [0x000001dfa72043a0, 0x000001dfa7204618]
Event: 527.804 Thread 0x000001dfbc539b60 nmethod 13701 0x000001dfadbc3290 code [0x000001dfadbc38a0, 0x000001dfadbca3c0]
Event: 527.806 Thread 0x000001dfbc539b60 13885       4       org.objectweb.asm.ByteVector::putUTF8 (144 bytes)
Event: 527.838 Thread 0x000001dfbc540530 13896       2       org.objectweb.asm.signature.SignatureReader::parseType (411 bytes)
Event: 527.843 Thread 0x000001dfbc540530 nmethod 13896 0x000001dfa7204690 code [0x000001dfa72049e0, 0x000001dfa72058b8]
Event: 527.854 Thread 0x000001dfbc539b60 nmethod 13885 0x000001dfadbceb90 code [0x000001dfadbced40, 0x000001dfadbcf648]
Event: 527.855 Thread 0x000001dfbc539b60 13826       4       org.objectweb.asm.ClassReader::readUtf (161 bytes)
Event: 527.884 Thread 0x000001dfbc539b60 nmethod 13826 0x000001dfadbcf990 code [0x000001dfadbcfb40, 0x000001dfadbd0338]
Event: 527.885 Thread 0x000001dfbc539b60 13817       4       org.objectweb.asm.Type::getArgumentTypes (154 bytes)

GC Heap History (20 events):
Event: 455.364 GC heap before
{Heap before GC invocations=71 (full 0):
 garbage-first heap   total 250880K, used 155116K [0x0000000080000000, 0x0000000100000000)
  region size 1024K, 12 young (12288K), 3 survivors (3072K)
 Metaspace       used 95159K, committed 96000K, reserved 1138688K
  class space    used 12960K, committed 13376K, reserved 1048576K
}
Event: 455.376 GC heap after
{Heap after GC invocations=72 (full 0):
 garbage-first heap   total 250880K, used 146870K [0x0000000080000000, 0x0000000100000000)
  region size 1024K, 1 young (1024K), 1 survivors (1024K)
 Metaspace       used 95159K, committed 96000K, reserved 1138688K
  class space    used 12960K, committed 13376K, reserved 1048576K
}
Event: 461.353 GC heap before
{Heap before GC invocations=72 (full 0):
 garbage-first heap   total 250880K, used 186806K [0x0000000080000000, 0x0000000100000000)
  region size 1024K, 40 young (40960K), 1 survivors (1024K)
 Metaspace       used 99195K, committed 100032K, reserved 1138688K
  class space    used 13537K, committed 13888K, reserved 1048576K
}
Event: 461.368 GC heap after
{Heap after GC invocations=73 (full 0):
 garbage-first heap   total 250880K, used 150101K [0x0000000080000000, 0x0000000100000000)
  region size 1024K, 4 young (4096K), 4 survivors (4096K)
 Metaspace       used 99195K, committed 100032K, reserved 1138688K
  class space    used 13537K, committed 13888K, reserved 1048576K
}
Event: 479.668 GC heap before
{Heap before GC invocations=74 (full 0):
 garbage-first heap   total 258048K, used 190037K [0x0000000080000000, 0x0000000100000000)
  region size 1024K, 44 young (45056K), 4 survivors (4096K)
 Metaspace       used 102197K, committed 103104K, reserved 1138688K
  class space    used 13849K, committed 14272K, reserved 1048576K
}
Event: 479.700 GC heap after
{Heap after GC invocations=75 (full 0):
 garbage-first heap   total 258048K, used 155077K [0x0000000080000000, 0x0000000100000000)
  region size 1024K, 6 young (6144K), 6 survivors (6144K)
 Metaspace       used 102197K, committed 103104K, reserved 1138688K
  class space    used 13849K, committed 14272K, reserved 1048576K
}
Event: 482.775 GC heap before
{Heap before GC invocations=75 (full 0):
 garbage-first heap   total 258048K, used 161221K [0x0000000080000000, 0x0000000100000000)
  region size 1024K, 12 young (12288K), 6 survivors (6144K)
 Metaspace       used 102276K, committed 103168K, reserved 1138688K
  class space    used 13849K, committed 14272K, reserved 1048576K
}
Event: 482.795 GC heap after
{Heap after GC invocations=76 (full 0):
 garbage-first heap   total 258048K, used 156266K [0x0000000080000000, 0x0000000100000000)
  region size 1024K, 2 young (2048K), 2 survivors (2048K)
 Metaspace       used 102276K, committed 103168K, reserved 1138688K
  class space    used 13849K, committed 14272K, reserved 1048576K
}
Event: 493.262 GC heap before
{Heap before GC invocations=76 (full 0):
 garbage-first heap   total 258048K, used 199274K [0x0000000080000000, 0x0000000100000000)
  region size 1024K, 45 young (46080K), 2 survivors (2048K)
 Metaspace       used 105536K, committed 106432K, reserved 1146880K
  class space    used 14214K, committed 14592K, reserved 1048576K
}
Event: 493.287 GC heap after
{Heap after GC invocations=77 (full 0):
 garbage-first heap   total 258048K, used 162030K [0x0000000080000000, 0x0000000100000000)
  region size 1024K, 6 young (6144K), 6 survivors (6144K)
 Metaspace       used 105536K, committed 106432K, reserved 1146880K
  class space    used 14214K, committed 14592K, reserved 1048576K
}
Event: 503.367 GC heap before
{Heap before GC invocations=78 (full 0):
 garbage-first heap   total 281600K, used 202990K [0x0000000080000000, 0x0000000100000000)
  region size 1024K, 46 young (47104K), 6 survivors (6144K)
 Metaspace       used 109193K, committed 110080K, reserved 1146880K
  class space    used 14703K, committed 15104K, reserved 1048576K
}
Event: 503.394 GC heap after
{Heap after GC invocations=79 (full 0):
 garbage-first heap   total 281600K, used 165770K [0x0000000080000000, 0x0000000100000000)
  region size 1024K, 4 young (4096K), 4 survivors (4096K)
 Metaspace       used 109193K, committed 110080K, reserved 1146880K
  class space    used 14703K, committed 15104K, reserved 1048576K
}
Event: 515.661 GC heap before
{Heap before GC invocations=79 (full 0):
 garbage-first heap   total 281600K, used 173962K [0x0000000080000000, 0x0000000100000000)
  region size 1024K, 13 young (13312K), 4 survivors (4096K)
 Metaspace       used 109372K, committed 110272K, reserved 1146880K
  class space    used 14719K, committed 15168K, reserved 1048576K
}
Event: 515.689 GC heap after
{Heap after GC invocations=80 (full 0):
 garbage-first heap   total 281600K, used 166388K [0x0000000080000000, 0x0000000100000000)
  region size 1024K, 1 young (1024K), 1 survivors (1024K)
 Metaspace       used 109372K, committed 110272K, reserved 1146880K
  class space    used 14719K, committed 15168K, reserved 1048576K
}
Event: 525.749 GC heap before
{Heap before GC invocations=80 (full 0):
 garbage-first heap   total 281600K, used 224756K [0x0000000080000000, 0x0000000100000000)
  region size 1024K, 56 young (57344K), 1 survivors (1024K)
 Metaspace       used 109846K, committed 110784K, reserved 1146880K
  class space    used 14748K, committed 15168K, reserved 1048576K
}
Event: 525.764 GC heap after
{Heap after GC invocations=81 (full 0):
 garbage-first heap   total 281600K, used 174080K [0x0000000080000000, 0x0000000100000000)
  region size 1024K, 7 young (7168K), 7 survivors (7168K)
 Metaspace       used 109846K, committed 110784K, reserved 1146880K
  class space    used 14748K, committed 15168K, reserved 1048576K
}
Event: 526.593 GC heap before
{Heap before GC invocations=81 (full 0):
 garbage-first heap   total 281600K, used 226304K [0x0000000080000000, 0x0000000100000000)
  region size 1024K, 59 young (60416K), 7 survivors (7168K)
 Metaspace       used 109999K, committed 110912K, reserved 1146880K
  class space    used 14748K, committed 15168K, reserved 1048576K
}
Event: 526.604 GC heap after
{Heap after GC invocations=82 (full 0):
 garbage-first heap   total 281600K, used 176229K [0x0000000080000000, 0x0000000100000000)
  region size 1024K, 2 young (2048K), 2 survivors (2048K)
 Metaspace       used 109999K, committed 110912K, reserved 1146880K
  class space    used 14748K, committed 15168K, reserved 1048576K
}
Event: 527.395 GC heap before
{Heap before GC invocations=82 (full 0):
 garbage-first heap   total 281600K, used 230501K [0x0000000080000000, 0x0000000100000000)
  region size 1024K, 55 young (56320K), 2 survivors (2048K)
 Metaspace       used 110024K, committed 110912K, reserved 1146880K
  class space    used 14748K, committed 15168K, reserved 1048576K
}
Event: 527.400 GC heap after
{Heap after GC invocations=83 (full 0):
 garbage-first heap   total 281600K, used 175926K [0x0000000080000000, 0x0000000100000000)
  region size 1024K, 2 young (2048K), 2 survivors (2048K)
 Metaspace       used 110024K, committed 110912K, reserved 1146880K
  class space    used 14748K, committed 15168K, reserved 1048576K
}

Dll operation events (2 events):
Event: 0.086 Loaded shared library C:\Program Files\Android\Android Studio\jbr\bin\java.dll
Event: 2.458 Loaded shared library C:\Program Files\Android\Android Studio\jbr\bin\verify.dll

Deoptimization events (20 events):
Event: 527.747 Thread 0x000001dfc0dd9690 DEOPT PACKING pc=0x000001dfa71f8a99 sp=0x00000075ecefac90
Event: 527.747 Thread 0x000001dfc0dd9690 DEOPT UNPACKING pc=0x000001dfacfc7125 sp=0x00000075ecefa1a0 mode 0
Event: 527.758 Thread 0x000001dfc0dd9690 DEOPT PACKING pc=0x000001dfa71f8a99 sp=0x00000075ecefab00
Event: 527.758 Thread 0x000001dfc0dd9690 DEOPT UNPACKING pc=0x000001dfacfc7125 sp=0x00000075ecefa010 mode 0
Event: 527.769 Thread 0x000001dfc0dd9690 DEOPT PACKING pc=0x000001dfa71f8a99 sp=0x00000075ecefad40
Event: 527.769 Thread 0x000001dfc0dd9690 DEOPT UNPACKING pc=0x000001dfacfc7125 sp=0x00000075ecefa250 mode 0
Event: 527.782 Thread 0x000001dfc0dd9690 DEOPT PACKING pc=0x000001dfa71f8a99 sp=0x00000075ecefa570
Event: 527.782 Thread 0x000001dfc0dd9690 DEOPT UNPACKING pc=0x000001dfacfc7125 sp=0x00000075ecef9a80 mode 0
Event: 527.797 Thread 0x000001dfc0dd9690 DEOPT PACKING pc=0x000001dfa71f8a99 sp=0x00000075ecefa570
Event: 527.797 Thread 0x000001dfc0dd9690 DEOPT UNPACKING pc=0x000001dfacfc7125 sp=0x00000075ecef9a80 mode 0
Event: 527.823 Thread 0x000001dfc0dd9690 DEOPT PACKING pc=0x000001dfa71f8a99 sp=0x00000075ecefa570
Event: 527.823 Thread 0x000001dfc0dd9690 DEOPT UNPACKING pc=0x000001dfacfc7125 sp=0x00000075ecef9a80 mode 0
Event: 527.830 Thread 0x000001dfc0dd9690 DEOPT PACKING pc=0x000001dfa71f8a99 sp=0x00000075ecefab00
Event: 527.830 Thread 0x000001dfc0dd9690 DEOPT UNPACKING pc=0x000001dfacfc7125 sp=0x00000075ecefa010 mode 0
Event: 527.834 Thread 0x000001dfc0dd9690 Uncommon trap: trap_request=0xffffff45 fr.pc=0x000001dfadbc7294 relative=0x00000000000039f4
Event: 527.834 Thread 0x000001dfc0dd9690 Uncommon trap: reason=unstable_if action=reinterpret pc=0x000001dfadbc7294 method=org.objectweb.asm.signature.SignatureReader.parseType(Ljava/lang/String;ILorg/objectweb/asm/signature/SignatureVisitor;)I @ 198 c2
Event: 527.834 Thread 0x000001dfc0dd9690 DEOPT PACKING pc=0x000001dfadbc7294 sp=0x00000075ecefa7b0
Event: 527.834 Thread 0x000001dfc0dd9690 DEOPT UNPACKING pc=0x000001dfacfc699e sp=0x00000075ecefa7b8 mode 2
Event: 527.845 Thread 0x000001dfc0dd9690 DEOPT PACKING pc=0x000001dfa71f8a99 sp=0x00000075ecefad40
Event: 527.845 Thread 0x000001dfc0dd9690 DEOPT UNPACKING pc=0x000001dfacfc7125 sp=0x00000075ecefa250 mode 0

Classes unloaded (0 events):
No events

Classes redefined (0 events):
No events

Internal exceptions (20 events):
Event: 456.039 Thread 0x000001dfbcc11f60 Exception <a 'java/lang/NoSuchMethodError'{0x000000008f1cfa98}: 'int java.lang.invoke.DirectMethodHandle$Holder.invokeSpecialIFC(java.lang.Object, java.lang.Object, java.lang.Object)'> (0x000000008f1cfa98) 
thrown [s\src\hotspot\share\interpreter\linkResolver.cpp, line 771]
Event: 456.637 Thread 0x000001dfbcc11f60 Exception <a 'java/lang/NoSuchMethodError'{0x000000008ed33468}: 'java.lang.Object java.lang.invoke.Invokers$Holder.linkToTargetMethod(java.lang.Object, java.lang.Object, java.lang.Object, int, java.lang.Object, java.lang.Object)'> (0x000000008ed33468) 
thrown [s\src\hotspot\share\interpreter\linkResolver.cpp, line 771]
Event: 459.159 Thread 0x000001dfbcc11f60 Exception <a 'java/lang/NoSuchMethodError'{0x000000008ddd7088}: 'void java.lang.invoke.DirectMethodHandle$Holder.invokeStatic(java.lang.Object, java.lang.Object, java.lang.Object, java.lang.Object, int, java.lang.Object, java.lang.Object)'> (0x000000008ddd7088) 
thrown [s\src\hotspot\share\interpreter\linkResolver.cpp, line 771]
Event: 459.307 Thread 0x000001dfbcc11f60 Exception <a 'java/lang/IncompatibleClassChangeError'{0x000000008dcc03e8}: Found class java.lang.Object, but interface was expected> (0x000000008dcc03e8) 
thrown [s\src\hotspot\share\interpreter\linkResolver.cpp, line 838]
Event: 459.460 Thread 0x000001dfbeff2190 Implicit null exception at 0x000001dfad9cea8a to 0x000001dfad9cf1cc
Event: 459.753 Thread 0x000001dfbeff2190 Exception <a 'java/lang/IncompatibleClassChangeError'{0x000000008da86938}: Found class java.lang.Object, but interface was expected> (0x000000008da86938) 
thrown [s\src\hotspot\share\interpreter\linkResolver.cpp, line 838]
Event: 459.821 Thread 0x000001dfbeff2190 Exception <a 'java/lang/NoSuchMethodError'{0x000000008d97b988}: 'int java.lang.invoke.DirectMethodHandle$Holder.invokeStaticInit(java.lang.Object, java.lang.Object, java.lang.Object, java.lang.Object, java.lang.Object)'> (0x000000008d97b988) 
thrown [s\src\hotspot\share\interpreter\linkResolver.cpp, line 771]
Event: 462.242 Thread 0x000001dfbcc11f60 Implicit null exception at 0x000001dfad5b5510 to 0x000001dfad5b55d8
Event: 485.955 Thread 0x000001dfbefed490 Exception <a 'java/lang/NoSuchMethodError'{0x000000008e46d4b0}: 'java.lang.Object java.lang.invoke.DirectMethodHandle$Holder.invokeSpecialIFC(java.lang.Object, java.lang.Object, java.lang.Object)'> (0x000000008e46d4b0) 
thrown [s\src\hotspot\share\interpreter\linkResolver.cpp, line 771]
Event: 486.279 Thread 0x000001dfbefeb2e0 Exception <a 'java/lang/NoSuchMethodError'{0x000000008e2278f8}: 'void java.lang.invoke.DirectMethodHandle$Holder.invokeVirtual(java.lang.Object, java.lang.Object)'> (0x000000008e2278f8) 
thrown [s\src\hotspot\share\interpreter\linkResolver.cpp, line 771]
Event: 487.467 Thread 0x000001dfbd02c960 Exception <a 'java/lang/NoSuchMethodError'{0x000000008de35f58}: static Lorg/gradle/internal/build/event/types/DefaultOperationStartedProgressEvent;.<clinit>()V> (0x000000008de35f58) 
thrown [s\src\hotspot\share\prims\jni.cpp, line 1108]
Event: 487.472 Thread 0x000001dfbd02c960 Exception <a 'java/lang/NoSuchMethodError'{0x000000008de52068}: static Lorg/gradle/internal/build/event/types/DefaultFileDownloadDescriptor;.<clinit>()V> (0x000000008de52068) 
thrown [s\src\hotspot\share\prims\jni.cpp, line 1108]
Event: 487.472 Thread 0x000001dfbd02c960 Exception <a 'java/lang/NoSuchMethodError'{0x000000008de54ad0}: static Lorg/gradle/internal/build/event/types/DefaultOperationDescriptor;.<clinit>()V> (0x000000008de54ad0) 
thrown [s\src\hotspot\share\prims\jni.cpp, line 1108]
Event: 488.285 Thread 0x000001dfbf125000 Exception <a 'sun/nio/fs/WindowsException'{0x000000008da5c908}> (0x000000008da5c908) 
thrown [s\src\hotspot\share\prims\jni.cpp, line 517]
Event: 496.418 Thread 0x000001dfbd02c960 Exception <a 'java/lang/NoSuchMethodError'{0x000000009028af48}: static Lorg/gradle/internal/build/event/types/DefaultStatusEvent;.<clinit>()V> (0x000000009028af48) 
thrown [s\src\hotspot\share\prims\jni.cpp, line 1108]
Event: 496.973 Thread 0x000001dfbd02c960 Exception <a 'java/lang/NoSuchMethodError'{0x0000000090067198}: static Lorg/gradle/internal/build/event/types/DefaultOperationFinishedProgressEvent;.<clinit>()V> (0x0000000090067198) 
thrown [s\src\hotspot\share\prims\jni.cpp, line 1108]
Event: 496.979 Thread 0x000001dfbd02c960 Exception <a 'java/lang/NoSuchMethodError'{0x0000000090086328}: static Lorg/gradle/internal/build/event/types/DefaultFileDownloadSuccessResult;.<clinit>()V> (0x0000000090086328) 
thrown [s\src\hotspot\share\prims\jni.cpp, line 1108]
Event: 496.980 Thread 0x000001dfbd02c960 Exception <a 'java/lang/NoSuchMethodError'{0x0000000090087370}: static Lorg/gradle/internal/build/event/types/DefaultSuccessResult;.<clinit>()V> (0x0000000090087370) 
thrown [s\src\hotspot\share\prims\jni.cpp, line 1108]
Event: 496.980 Thread 0x000001dfbd02c960 Exception <a 'java/lang/NoSuchMethodError'{0x0000000090088228}: static Lorg/gradle/internal/build/event/types/AbstractOperationResult;.<clinit>()V> (0x0000000090088228) 
thrown [s\src\hotspot\share\prims\jni.cpp, line 1108]
Event: 502.594 Thread 0x000001dfbf125000 Exception <a 'sun/nio/fs/WindowsException'{0x000000008edbe358}> (0x000000008edbe358) 
thrown [s\src\hotspot\share\prims\jni.cpp, line 517]

VM Operations (20 events):
Event: 517.709 Executing VM operation: Cleanup done
Event: 518.719 Executing VM operation: Cleanup
Event: 518.719 Executing VM operation: Cleanup done
Event: 519.719 Executing VM operation: Cleanup
Event: 519.719 Executing VM operation: Cleanup done
Event: 520.734 Executing VM operation: Cleanup
Event: 520.734 Executing VM operation: Cleanup done
Event: 521.743 Executing VM operation: Cleanup
Event: 521.743 Executing VM operation: Cleanup done
Event: 522.745 Executing VM operation: Cleanup
Event: 522.746 Executing VM operation: Cleanup done
Event: 523.746 Executing VM operation: Cleanup
Event: 523.827 Executing VM operation: Cleanup done
Event: 525.749 Executing VM operation: G1CollectForAllocation
Event: 525.764 Executing VM operation: G1CollectForAllocation done
Event: 526.593 Executing VM operation: G1CollectForAllocation
Event: 526.604 Executing VM operation: G1CollectForAllocation done
Event: 527.395 Executing VM operation: G1CollectForAllocation
Event: 527.400 Executing VM operation: G1CollectForAllocation done
Event: 527.968 Executing VM operation: G1Concurrent

Events (20 events):
Event: 524.231 loading class sun/security/ssl/EncryptedExtensions$EncryptedExtensionsMessage
Event: 524.231 loading class sun/security/ssl/EncryptedExtensions$EncryptedExtensionsMessage done
Event: 524.232 loading class sun/security/ssl/CertificateMessage$T13CertificateMessage
Event: 524.233 loading class sun/security/ssl/CertificateMessage$T13CertificateMessage done
Event: 524.234 loading class sun/security/ssl/CertificateMessage$CertificateEntry
Event: 524.234 loading class sun/security/ssl/CertificateMessage$CertificateEntry done
Event: 524.257 loading class sun/security/ssl/CertificateVerify$T13CertificateVerifyMessage
Event: 524.258 loading class sun/security/ssl/CertificateVerify$T13CertificateVerifyMessage done
Event: 524.543 loading class sun/security/ssl/SSLBasicKeyDerivation
Event: 524.544 loading class sun/security/ssl/SSLBasicKeyDerivation done
Event: 524.544 loading class sun/security/ssl/SSLBasicKeyDerivation$SecretSizeSpec
Event: 524.544 loading class sun/security/ssl/SSLBasicKeyDerivation$SecretSizeSpec done
Event: 524.558 loading class com/sun/crypto/provider/GaloisCounterMode$GCMEncrypt
Event: 524.559 loading class com/sun/crypto/provider/GaloisCounterMode$GCMEncrypt done
Event: 524.560 loading class com/sun/crypto/provider/GaloisCounterMode$GCTRGHASH
Event: 524.560 loading class com/sun/crypto/provider/GaloisCounterMode$GCTRGHASH done
Event: 524.819 loading class sun/security/ssl/PostHandshakeContext
Event: 524.820 loading class sun/security/ssl/PostHandshakeContext done
Event: 524.820 loading class sun/security/ssl/NewSessionTicket$T13NewSessionTicketMessage
Event: 524.821 loading class sun/security/ssl/NewSessionTicket$T13NewSessionTicketMessage done


Dynamic libraries:
0x00007ff7ee6a0000 - 0x00007ff7ee6aa000 	C:\Program Files\Android\Android Studio\jbr\bin\java.exe
0x00007ffa75a30000 - 0x00007ffa75c27000 	C:\WINDOWS\SYSTEM32\ntdll.dll
0x00007ffa758d0000 - 0x00007ffa7598d000 	C:\WINDOWS\System32\KERNEL32.DLL
0x00007ffa73110000 - 0x00007ffa73406000 	C:\WINDOWS\System32\KERNELBASE.dll
0x00007ffa734f0000 - 0x00007ffa735f0000 	C:\WINDOWS\System32\ucrtbase.dll
0x00007ffa6a8a0000 - 0x00007ffa6a8bb000 	C:\Program Files\Android\Android Studio\jbr\bin\VCRUNTIME140.dll
0x00007ffa5b400000 - 0x00007ffa5b417000 	C:\Program Files\Android\Android Studio\jbr\bin\jli.dll
0x00007ffa742c0000 - 0x00007ffa7445e000 	C:\WINDOWS\System32\USER32.dll
0x00007ffa73810000 - 0x00007ffa73832000 	C:\WINDOWS\System32\win32u.dll
0x00007ffa73c50000 - 0x00007ffa73c7c000 	C:\WINDOWS\System32\GDI32.dll
0x00007ffa5fc50000 - 0x00007ffa5feea000 	C:\WINDOWS\WinSxS\amd64_microsoft.windows.common-controls_6595b64144ccf1df_6.0.19041.3570_none_60bb2a3971f3e41a\COMCTL32.dll
0x00007ffa73660000 - 0x00007ffa7377a000 	C:\WINDOWS\System32\gdi32full.dll
0x00007ffa75750000 - 0x00007ffa757ee000 	C:\WINDOWS\System32\msvcrt.dll
0x00007ffa739f0000 - 0x00007ffa73a8d000 	C:\WINDOWS\System32\msvcp_win.dll
0x00007ffa74120000 - 0x00007ffa74150000 	C:\WINDOWS\System32\IMM32.DLL
0x00007ffa6bcd0000 - 0x00007ffa6bcdc000 	C:\Program Files\Android\Android Studio\jbr\bin\vcruntime140_1.dll
0x00007ffa4ff50000 - 0x00007ffa4ffdd000 	C:\Program Files\Android\Android Studio\jbr\bin\msvcp140.dll
0x00007ffa1f6a0000 - 0x00007ffa2030e000 	C:\Program Files\Android\Android Studio\jbr\bin\server\jvm.dll
0x00007ffa74620000 - 0x00007ffa746ce000 	C:\WINDOWS\System32\ADVAPI32.dll
0x00007ffa73a90000 - 0x00007ffa73b2c000 	C:\WINDOWS\System32\sechost.dll
0x00007ffa74a30000 - 0x00007ffa74b56000 	C:\WINDOWS\System32\RPCRT4.dll
0x00007ffa71080000 - 0x00007ffa71089000 	C:\WINDOWS\SYSTEM32\WSOCK32.dll
0x00007ffa5fb90000 - 0x00007ffa5fbb7000 	C:\WINDOWS\SYSTEM32\WINMM.dll
0x00007ffa74240000 - 0x00007ffa742ab000 	C:\WINDOWS\System32\WS2_32.dll
0x00007ffa64080000 - 0x00007ffa6408a000 	C:\WINDOWS\SYSTEM32\VERSION.dll
0x00007ffa71940000 - 0x00007ffa71952000 	C:\WINDOWS\SYSTEM32\kernel.appcore.dll
0x00007ffa6a3c0000 - 0x00007ffa6a3ca000 	C:\Program Files\Android\Android Studio\jbr\bin\jimage.dll
0x00007ffa70e70000 - 0x00007ffa71054000 	C:\WINDOWS\SYSTEM32\DBGHELP.DLL
0x00007ffa60f50000 - 0x00007ffa60f84000 	C:\WINDOWS\SYSTEM32\dbgcore.DLL
0x00007ffa73780000 - 0x00007ffa73802000 	C:\WINDOWS\System32\bcryptPrimitives.dll
0x00007ffa5b650000 - 0x00007ffa5b675000 	C:\Program Files\Android\Android Studio\jbr\bin\java.dll
0x00007ffa5bfb0000 - 0x00007ffa5bfc8000 	C:\Program Files\Android\Android Studio\jbr\bin\zip.dll
0x00007ffa74fd0000 - 0x00007ffa75714000 	C:\WINDOWS\System32\SHELL32.dll
0x00007ffa71090000 - 0x00007ffa7182b000 	C:\WINDOWS\SYSTEM32\windows.storage.dll
0x00007ffa746d0000 - 0x00007ffa74a24000 	C:\WINDOWS\System32\combase.dll
0x00007ffa72b50000 - 0x00007ffa72b7d000 	C:\WINDOWS\SYSTEM32\Wldp.dll
0x00007ffa74570000 - 0x00007ffa7461d000 	C:\WINDOWS\System32\SHCORE.dll
0x00007ffa73e30000 - 0x00007ffa73e85000 	C:\WINDOWS\System32\shlwapi.dll
0x00007ffa73040000 - 0x00007ffa73065000 	C:\WINDOWS\SYSTEM32\profapi.dll
0x00007ffa5bb80000 - 0x00007ffa5bb99000 	C:\Program Files\Android\Android Studio\jbr\bin\net.dll
0x00007ffa66b50000 - 0x00007ffa66c5a000 	C:\WINDOWS\SYSTEM32\WINHTTP.dll
0x00007ffa728b0000 - 0x00007ffa7291a000 	C:\WINDOWS\system32\mswsock.dll
0x00007ffa5b420000 - 0x00007ffa5b436000 	C:\Program Files\Android\Android Studio\jbr\bin\nio.dll
0x00007ffa68480000 - 0x00007ffa68490000 	C:\Program Files\Android\Android Studio\jbr\bin\verify.dll
0x00007ffa5c4d0000 - 0x00007ffa5c4f7000 	C:\Users\user\.gradle\native\e1d6ef7f7dcc3fd88c89a11ec53ec762bb8ba0a96d01ffa2cd45eb1d1d8dd5c5\windows-amd64\native-platform.dll
0x00007ffa4fb40000 - 0x00007ffa4fc84000 	C:\Users\user\.gradle\native\0d407fdbe67a94daf76414ababcb853783967236a71b16ec16e742cd7a986fd3\windows-amd64\native-platform-file-events.dll
0x00007ffa62830000 - 0x00007ffa62839000 	C:\Program Files\Android\Android Studio\jbr\bin\management.dll
0x00007ffa61110000 - 0x00007ffa6111b000 	C:\Program Files\Android\Android Studio\jbr\bin\management_ext.dll
0x00007ffa75740000 - 0x00007ffa75748000 	C:\WINDOWS\System32\PSAPI.DLL
0x00007ffa72aa0000 - 0x00007ffa72ab8000 	C:\WINDOWS\SYSTEM32\CRYPTSP.dll
0x00007ffa72150000 - 0x00007ffa72184000 	C:\WINDOWS\system32\rsaenh.dll
0x00007ffa73410000 - 0x00007ffa73437000 	C:\WINDOWS\System32\bcrypt.dll
0x00007ffa72fc0000 - 0x00007ffa72fee000 	C:\WINDOWS\SYSTEM32\USERENV.dll
0x00007ffa72ac0000 - 0x00007ffa72acc000 	C:\WINDOWS\SYSTEM32\CRYPTBASE.dll
0x00007ffa72550000 - 0x00007ffa7258b000 	C:\WINDOWS\SYSTEM32\IPHLPAPI.DLL
0x00007ffa73e90000 - 0x00007ffa73e98000 	C:\WINDOWS\System32\NSI.dll
0x00007ffa650c0000 - 0x00007ffa650d7000 	C:\WINDOWS\SYSTEM32\dhcpcsvc6.DLL
0x00007ffa656e0000 - 0x00007ffa656fd000 	C:\WINDOWS\SYSTEM32\dhcpcsvc.DLL
0x00007ffa725a0000 - 0x00007ffa7266a000 	C:\WINDOWS\SYSTEM32\DNSAPI.dll
0x00007ffa68490000 - 0x00007ffa68497000 	C:\WINDOWS\system32\wshunix.dll
0x00007ffa3a710000 - 0x00007ffa3a727000 	C:\WINDOWS\system32\napinsp.dll
0x00007ffa3a730000 - 0x00007ffa3a74b000 	C:\WINDOWS\system32\pnrpnsp.dll
0x00007ffa6ccc0000 - 0x00007ffa6ccd5000 	C:\WINDOWS\system32\wshbth.dll
0x00007ffa6e110000 - 0x00007ffa6e12d000 	C:\WINDOWS\system32\NLAapi.dll
0x00007ffa4bcd0000 - 0x00007ffa4bce2000 	C:\WINDOWS\System32\winrnr.dll
0x00007ffa63f50000 - 0x00007ffa63f5a000 	C:\Windows\System32\rasadhlp.dll
0x00007ffa637e0000 - 0x00007ffa63862000 	C:\WINDOWS\System32\fwpuclnt.dll
0x00007ffa72290000 - 0x00007ffa722c3000 	C:\WINDOWS\SYSTEM32\ntmarta.dll

dbghelp: loaded successfully - version: 4.0.5 - missing functions: none
symbol engine: initialized successfully - sym options: 0x614 - pdb path: .;C:\Program Files\Android\Android Studio\jbr\bin;C:\WINDOWS\SYSTEM32;C:\WINDOWS\WinSxS\amd64_microsoft.windows.common-controls_6595b64144ccf1df_6.0.19041.3570_none_60bb2a3971f3e41a;C:\Program Files\Android\Android Studio\jbr\bin\server;C:\Users\user\.gradle\native\e1d6ef7f7dcc3fd88c89a11ec53ec762bb8ba0a96d01ffa2cd45eb1d1d8dd5c5\windows-amd64;C:\Users\user\.gradle\native\0d407fdbe67a94daf76414ababcb853783967236a71b16ec16e742cd7a986fd3\windows-amd64

VM Arguments:
jvm_args: --add-opens=java.base/java.util=ALL-UNNAMED --add-opens=java.base/java.lang=ALL-UNNAMED --add-opens=java.base/java.lang.invoke=ALL-UNNAMED --add-opens=java.base/java.util=ALL-UNNAMED --add-opens=java.prefs/java.util.prefs=ALL-UNNAMED --add-opens=java.prefs/java.util.prefs=ALL-UNNAMED --add-opens=java.base/java.nio.charset=ALL-UNNAMED --add-opens=java.base/java.net=ALL-UNNAMED --add-opens=java.base/java.util.concurrent.atomic=ALL-UNNAMED -Xmx2048m -Dfile.encoding=UTF-8 -Duser.country=FR -Duser.language=fr -Duser.variant 
java_command: org.gradle.launcher.daemon.bootstrap.GradleDaemon 7.5
java_class_path (initial): C:\Users\user\.gradle\wrapper\dists\gradle-7.5-bin\f1w0cc9nuo0eivz97x2xlu9sv\gradle-7.5\lib\gradle-launcher-7.5.jar
Launcher Type: SUN_STANDARD

[Global flags]
     intx CICompilerCount                          = 3                                         {product} {ergonomic}
     uint ConcGCThreads                            = 1                                         {product} {ergonomic}
     uint G1ConcRefinementThreads                  = 4                                         {product} {ergonomic}
   size_t G1HeapRegionSize                         = 1048576                                   {product} {ergonomic}
    uintx GCDrainStackTargetSize                   = 64                                        {product} {ergonomic}
   size_t InitialHeapSize                          = 62914560                                  {product} {ergonomic}
   size_t MarkStackSize                            = 4194304                                   {product} {ergonomic}
   size_t MaxHeapSize                              = 2147483648                                {product} {command line}
   size_t MaxNewSize                               = 1287651328                                {product} {ergonomic}
   size_t MinHeapDeltaBytes                        = 1048576                                   {product} {ergonomic}
   size_t MinHeapSize                              = 8388608                                   {product} {ergonomic}
    uintx NonNMethodCodeHeapSize                   = 5832780                                {pd product} {ergonomic}
    uintx NonProfiledCodeHeapSize                  = 122912730                              {pd product} {ergonomic}
    uintx ProfiledCodeHeapSize                     = 122912730                              {pd product} {ergonomic}
    uintx ReservedCodeCacheSize                    = 251658240                              {pd product} {ergonomic}
     bool SegmentedCodeCache                       = true                                      {product} {ergonomic}
   size_t SoftMaxHeapSize                          = 2147483648                             {manageable} {ergonomic}
     bool UseCompressedClassPointers               = true                           {product lp64_product} {ergonomic}
     bool UseCompressedOops                        = true                           {product lp64_product} {ergonomic}
     bool UseG1GC                                  = true                                      {product} {ergonomic}
     bool UseLargePagesIndividualAllocation        = false                                  {pd product} {ergonomic}

Logging:
Log output configuration:
 #0: stdout all=warning uptime,level,tags
 #1: stderr all=off uptime,level,tags

Environment Variables:
JAVA_HOME=C:\Program Files\Java\jdk1.8.0_202
PATH=C:\Program Files\Microsoft\jdk-11.0.16.101-hotspot\bin;C:\Program Files\Common Files\Oracle\Java\javapath;C:\Program Files (x86)\Common Files\Oracle\Java\javapath;C:\WINDOWS\system32;C:\WINDOWS;C:\WINDOWS\System32\Wbem;C:\WINDOWS\System32\WindowsPowerShell\v1.0\;C:\WINDOWS\System32\OpenSSH\;C:\Program Files (x86)\Skype\Phone\;C:\Program Files\dotnet\;C:\Program Files\Git\cmd;C:\src\flutter\flutter\bin;C:\Program Files\Microsoft SQL Server\150\Tools\Binn\;C:\Program Files\Microsoft SQL Server\Client SDK\ODBC\170\Tools\Binn\;C:\Program Files (x86)\Windows Kits\10\Windows Performance Toolkit\;C:\Program Files\Git LFS;C:\Users\user\AppData\Local\Microsoft\WindowsApps;C:\Users\user\AppData\Local\Programs\Microsoft VS Code\bin;C:\src\flutter\flutter\bin;C:\Users\user\AppData\Local\Android\Sdk\platform-tools;C:\Users\user\AppData\Local\Android\Sdk\tools;C:\Program Files\Java\jdk1.8.0_202\bin\joel;C:\Users\user\.dotnet\tools
USERNAME=user
OS=Windows_NT
PROCESSOR_IDENTIFIER=Intel64 Family 6 Model 55 Stepping 8, GenuineIntel
TMP=C:\Users\user\AppData\Local\Temp
TEMP=C:\Users\user\AppData\Local\Temp


JNI global refs:
JNI global refs: 25, weak refs: 36

JNI global refs memory usage: 843, weak refs: 841


---------------  S Y S T E M  ---------------

OS:
 Windows 10 , 64 bit Build 19041 (10.0.19041.3570)
OS uptime: 1 days 2:40 hours

CPU: total 4 (initial active 4) (4 cores per cpu, 1 threads per core) family 6 model 55 stepping 8 microcode 0x838, cx8, cmov, fxsr, mmx, 3dnowpref, sse, sse2, sse3, ssse3, sse4.1, sse4.2, popcnt, tsc, tscinvbit, erms, clmul, clflush

Memory: 4k page, system-wide physical 3838M (150M free)
TotalPageFile size 7934M (AvailPageFile size 53M)
current process WorkingSet (physical memory assigned to process): 441M, peak: 446M
current process commit charge ("private bytes"): 572M, peak: 624M

vm_info: OpenJDK 64-Bit Server VM (17.0.6+0-b2043.56-10027231) for windows-amd64 JRE (17.0.6+0-b2043.56-10027231), built on Apr 28 2023 00:43:19 by "androidbuild" with MS VC++ 16.10 / 16.11 (VS2019)

END.
